#
# There is insufficient memory for the Java Runtime Environment to continue.
# Native memory allocation (malloc) failed to allocate 450576 bytes. Error detail: Chunk::new
# Possible reasons:
#   The system is out of physical RAM or swap space
#   This process is running with CompressedOops enabled, and the Java Heap may be blocking the growth of the native heap
# Possible solutions:
#   Reduce memory load on the system
#   Increase physical memory or swap space
#   Check if swap backing store is full
#   Decrease Java heap size (-Xmx/-Xms)
#   Decrease number of Java threads
#   Decrease Java thread stack sizes (-Xss)
#   Set larger code cache with -XX:ReservedCodeCacheSize=
#   JVM is running with Unscaled Compressed Oops mode in which the Java heap is
#     placed in the first 4GB address space. The Java Heap base address is the
#     maximum limit for the native heap growth. Please use -XX:HeapBaseMinAddress
#     to set the Java Heap base and to place the Java Heap above 4GB virtual address.
# This output file may be truncated or incomplete.
#
#  Out of Memory Error (arena.cpp:168), pid=6116, tid=15912
#
# JRE version: OpenJDK Runtime Environment Temurin-21.0.7+6 (21.0.7+6) (build 21.0.7+6-LTS)
# Java VM: OpenJDK 64-Bit Server VM Temurin-21.0.7+6 (21.0.7+6-LTS, mixed mode, sharing, tiered, compressed oops, compressed class ptrs, parallel gc, windows-amd64)
# No core dump will be written. Minidumps are not enabled by default on client versions of Windows
#

---------------  S U M M A R Y ------------

Command Line: --add-modules=ALL-SYSTEM --add-opens=java.base/java.util=ALL-UNNAMED --add-opens=java.base/java.lang=ALL-UNNAMED --add-opens=java.base/sun.nio.fs=ALL-UNNAMED -Declipse.application=org.eclipse.jdt.ls.core.id1 -Dosgi.bundles.defaultStartLevel=4 -Declipse.product=org.eclipse.jdt.ls.core.product -Djava.import.generatesMetadataFilesAtProjectRoot=false -DDetectVMInstallationsJob.disabled=true -Dfile.encoding=utf8 -XX:+UseParallelGC -XX:GCTimeRatio=4 -XX:AdaptiveSizePolicyWeight=90 -Dsun.zip.disableMemoryMapping=true -Xmx1G -Xms100m -Xlog:disable -javaagent:c:\Users\ARRIDHO FADHIL A\.vscode\extensions\redhat.java-1.42.0-win32-x64\lombok\lombok-1.18.36.jar c:\Users\ARRIDHO FADHIL A\.vscode\extensions\redhat.java-1.42.0-win32-x64\server\plugins\org.eclipse.equinox.launcher_1.7.0.v20250424-1814.jar -configuration c:\Users\ARRIDHO FADHIL A\AppData\Roaming\Code\User\globalStorage\redhat.java\1.42.0\config_ss_win -data c:\Users\ARRIDHO FADHIL A\AppData\Roaming\Code\User\workspaceStorage\9dea8a39556ca78a4ea0344bffc790ff\redhat.java\ss_ws --pipe=\\.\pipe\lsp-7934d9deeda40f9f1a1911db832010f3-sock

Host: AMD Ryzen 3 5300U with Radeon Graphics         , 8 cores, 5G,  Windows 11 , 64 bit Build 22621 (10.0.22621.5262)
Time: Sat May 17 03:43:45 2025 SE Asia Standard Time elapsed time: 55.354338 seconds (0d 0h 0m 55s)

---------------  T H R E A D  ---------------

Current thread (0x0000026de7c10e30):  JavaThread "C2 CompilerThread0" daemon [_thread_in_native, id=15912, stack(0x000000c40d400000,0x000000c40d500000) (1024K)]


Current CompileTask:
C2:55354 3775 %     4       java.io.WinNTFileSystem::normalize @ 22 (143 bytes)

Stack: [0x000000c40d400000,0x000000c40d500000]
Native frames: (J=compiled Java code, j=interpreted, Vv=VM code, C=native code)
V  [jvm.dll+0x6ce119]
V  [jvm.dll+0x8a84a1]
V  [jvm.dll+0x8aa9ce]
V  [jvm.dll+0x8ab0b3]
V  [jvm.dll+0x27f8a6]
V  [jvm.dll+0xc507d]
V  [jvm.dll+0xc55b3]
V  [jvm.dll+0x3b68f2]
V  [jvm.dll+0x382aa5]
V  [jvm.dll+0x381f0a]
V  [jvm.dll+0x247af0]
V  [jvm.dll+0x2470cf]
V  [jvm.dll+0x1c760e]
V  [jvm.dll+0x25695a]
V  [jvm.dll+0x254efa]
V  [jvm.dll+0x3f03f6]
V  [jvm.dll+0x851f6b]
V  [jvm.dll+0x6cc7dd]
C  [ucrtbase.dll+0x29333]
C  [KERNEL32.DLL+0x1259d]
C  [ntdll.dll+0x5af58]


---------------  P R O C E S S  ---------------

Threads class SMR info:
_java_thread_list=0x0000026defa4f500, length=33, elements={
0x0000026dd3850310, 0x0000026dd390c450, 0x0000026dd390dab0, 0x0000026de7c04c00,
0x0000026de7c05910, 0x0000026de7c086b0, 0x0000026de7c0db00, 0x0000026de7c10e30,
0x0000026de7c12800, 0x0000026de969a7e0, 0x0000026de9699430, 0x0000026de96979f0,
0x0000026de969ae70, 0x0000026de9698080, 0x0000026de969a150, 0x0000026de9698da0,
0x0000026de9699ac0, 0x0000026deec3e2f0, 0x0000026deec403c0, 0x0000026deec42490,
0x0000026deec3f010, 0x0000026deec44bf0, 0x0000026deec3f6a0, 0x0000026deec45910,
0x0000026deec3fd30, 0x0000026deec40a50, 0x0000026deec410e0, 0x0000026deec43840,
0x0000026deec41e00, 0x0000026deec42b20, 0x0000026deec431b0, 0x0000026deec41770,
0x0000026deec43ed0
}

Java Threads: ( => current thread )
  0x0000026dd3850310 JavaThread "main"                              [_thread_blocked, id=11032, stack(0x000000c40ca00000,0x000000c40cb00000) (1024K)]
  0x0000026dd390c450 JavaThread "Reference Handler"          daemon [_thread_blocked, id=7328, stack(0x000000c40ce00000,0x000000c40cf00000) (1024K)]
  0x0000026dd390dab0 JavaThread "Finalizer"                  daemon [_thread_blocked, id=5732, stack(0x000000c40cf00000,0x000000c40d000000) (1024K)]
  0x0000026de7c04c00 JavaThread "Signal Dispatcher"          daemon [_thread_blocked, id=12012, stack(0x000000c40d000000,0x000000c40d100000) (1024K)]
  0x0000026de7c05910 JavaThread "Attach Listener"            daemon [_thread_blocked, id=13516, stack(0x000000c40d100000,0x000000c40d200000) (1024K)]
  0x0000026de7c086b0 JavaThread "Service Thread"             daemon [_thread_blocked, id=10508, stack(0x000000c40d200000,0x000000c40d300000) (1024K)]
  0x0000026de7c0db00 JavaThread "Monitor Deflation Thread"   daemon [_thread_blocked, id=3900, stack(0x000000c40d300000,0x000000c40d400000) (1024K)]
=>0x0000026de7c10e30 JavaThread "C2 CompilerThread0"         daemon [_thread_in_native, id=15912, stack(0x000000c40d400000,0x000000c40d500000) (1024K)]
  0x0000026de7c12800 JavaThread "C1 CompilerThread0"         daemon [_thread_blocked, id=11040, stack(0x000000c40d500000,0x000000c40d600000) (1024K)]
  0x0000026de969a7e0 JavaThread "Common-Cleaner"             daemon [_thread_blocked, id=1608, stack(0x000000c40d600000,0x000000c40d700000) (1024K)]
  0x0000026de9699430 JavaThread "Notification Thread"        daemon [_thread_blocked, id=9804, stack(0x000000c40d800000,0x000000c40d900000) (1024K)]
  0x0000026de96979f0 JavaThread "Active Thread: Equinox Container: ff266e04-b6d2-4e93-b468-ce5cfd233cb3"        [_thread_blocked, id=9196, stack(0x000000c40e000000,0x000000c40e100000) (1024K)]
  0x0000026de969ae70 JavaThread "Framework Event Dispatcher: Equinox Container: ff266e04-b6d2-4e93-b468-ce5cfd233cb3" daemon [_thread_blocked, id=14572, stack(0x000000c40e100000,0x000000c40e200000) (1024K)]
  0x0000026de9698080 JavaThread "Start Level: Equinox Container: ff266e04-b6d2-4e93-b468-ce5cfd233cb3" daemon [_thread_blocked, id=4416, stack(0x000000c40e200000,0x000000c40e300000) (1024K)]
  0x0000026de969a150 JavaThread "SCR Component Actor"        daemon [_thread_blocked, id=16304, stack(0x000000c40e400000,0x000000c40e500000) (1024K)]
  0x0000026de9698da0 JavaThread "Worker-JM"                         [_thread_blocked, id=5616, stack(0x000000c40e600000,0x000000c40e700000) (1024K)]
  0x0000026de9699ac0 JavaThread "Worker-0: Shutdown..."             [_thread_in_Java, id=12520, stack(0x000000c40e700000,0x000000c40e800000) (1024K)]
  0x0000026deec3e2f0 JavaThread "Worker-1"                          [_thread_blocked, id=10160, stack(0x000000c40e800000,0x000000c40e900000) (1024K)]
  0x0000026deec403c0 JavaThread "JNA Cleaner"                daemon [_thread_blocked, id=15660, stack(0x000000c40d900000,0x000000c40da00000) (1024K)]
  0x0000026deec42490 JavaThread "Thread-2"                   daemon [_thread_in_native, id=13240, stack(0x000000c40e900000,0x000000c40ea00000) (1024K)]
  0x0000026deec3f010 JavaThread "Thread-3"                   daemon [_thread_in_native, id=11248, stack(0x000000c40ea00000,0x000000c40eb00000) (1024K)]
  0x0000026deec44bf0 JavaThread "Thread-4"                   daemon [_thread_in_native, id=2308, stack(0x000000c40eb00000,0x000000c40ec00000) (1024K)]
  0x0000026deec3f6a0 JavaThread "Thread-5"                   daemon [_thread_in_native, id=6092, stack(0x000000c40ec00000,0x000000c40ed00000) (1024K)]
  0x0000026deec45910 JavaThread "Thread-6"                   daemon [_thread_in_native, id=4932, stack(0x000000c40ed00000,0x000000c40ee00000) (1024K)]
  0x0000026deec3fd30 JavaThread "Thread-7"                   daemon [_thread_in_native, id=15208, stack(0x000000c40ee00000,0x000000c40ef00000) (1024K)]
  0x0000026deec40a50 JavaThread "Thread-8"                   daemon [_thread_in_native, id=7172, stack(0x000000c40ef00000,0x000000c40f000000) (1024K)]
  0x0000026deec410e0 JavaThread "Thread-9"                   daemon [_thread_in_native, id=7896, stack(0x000000c40f000000,0x000000c40f100000) (1024K)]
  0x0000026deec43840 JavaThread "Thread-10"                  daemon [_thread_in_native, id=8716, stack(0x000000c40f100000,0x000000c40f200000) (1024K)]
  0x0000026deec41e00 JavaThread "pool-2-thread-1"                   [_thread_blocked, id=12568, stack(0x000000c40f200000,0x000000c40f300000) (1024K)]
  0x0000026deec42b20 JavaThread "WorkspaceEventsHandler"            [_thread_blocked, id=16012, stack(0x000000c40f300000,0x000000c40f400000) (1024K)]
  0x0000026deec431b0 JavaThread "pool-1-thread-1"                   [_thread_blocked, id=13684, stack(0x000000c40f400000,0x000000c40f500000) (1024K)]
  0x0000026deec41770 JavaThread "ForkJoinPool.commonPool-worker-1" daemon [_thread_blocked, id=14756, stack(0x000000c40e500000,0x000000c40e600000) (1024K)]
  0x0000026deec43ed0 JavaThread "pool-3-thread-1"                   [_thread_blocked, id=4360, stack(0x000000c40f500000,0x000000c40f600000) (1024K)]
Total: 33

Other Threads:
  0x0000026dd38f27f0 VMThread "VM Thread"                           [id=1632, stack(0x000000c40cd00000,0x000000c40ce00000) (1024K)]
  0x0000026de7b1c090 WatcherThread "VM Periodic Task Thread"        [id=6828, stack(0x000000c40cc00000,0x000000c40cd00000) (1024K)]
  0x0000026dd386ece0 WorkerThread "GC Thread#0"                     [id=4988, stack(0x000000c40cb00000,0x000000c40cc00000) (1024K)]
  0x0000026dee822710 WorkerThread "GC Thread#1"                     [id=2276, stack(0x000000c40da00000,0x000000c40db00000) (1024K)]
  0x0000026dee822ab0 WorkerThread "GC Thread#2"                     [id=5420, stack(0x000000c40db00000,0x000000c40dc00000) (1024K)]
  0x0000026dee669440 WorkerThread "GC Thread#3"                     [id=4688, stack(0x000000c40dc00000,0x000000c40dd00000) (1024K)]
  0x0000026dee6697e0 WorkerThread "GC Thread#4"                     [id=14868, stack(0x000000c40dd00000,0x000000c40de00000) (1024K)]
  0x0000026dee669b80 WorkerThread "GC Thread#5"                     [id=15456, stack(0x000000c40de00000,0x000000c40df00000) (1024K)]
  0x0000026de98676e0 WorkerThread "GC Thread#6"                     [id=5964, stack(0x000000c40df00000,0x000000c40e000000) (1024K)]
  0x0000026dee9625f0 WorkerThread "GC Thread#7"                     [id=8828, stack(0x000000c40e300000,0x000000c40e400000) (1024K)]
Total: 10

Threads with active compile tasks:
C2 CompilerThread0  55379 3775 %     4       java.io.WinNTFileSystem::normalize @ 22 (143 bytes)
Total: 1

VM state: not at safepoint (normal execution)

VM Mutex/Monitor currently owned by a thread:  ([mutex/lock_event])
[0x00007ffbce4ee988] SystemDictionary_lock - owner thread: 0x0000000000000000

Heap address: 0x00000000c0000000, size: 1024 MB, Compressed Oops mode: 32-bit

CDS archive(s) mapped at: [0x0000026d80000000-0x0000026d80ba0000-0x0000026d80ba0000), size 12189696, SharedBaseAddress: 0x0000026d80000000, ArchiveRelocationMode: 1.
Compressed class space mapped at: 0x0000026d81000000-0x0000026dc1000000, reserved size: 1073741824
Narrow klass base: 0x0000026d80000000, Narrow klass shift: 0, Narrow klass range: 0x100000000

GC Precious Log:
 CardTable entry size: 512
 CPUs: 8 total, 8 available
 Memory: 6005M
 Large Page Support: Disabled
 NUMA Support: Disabled
 Compressed Oops: Enabled (32-bit)
 Alignments: Space 512K, Generation 512K, Heap 2M
 Heap Min Capacity: 100M
 Heap Initial Capacity: 100M
 Heap Max Capacity: 1G
 Pre-touch: Disabled
 Parallel Workers: 8

Heap:
 PSYoungGen      total 26624K, used 22473K [0x00000000eab00000, 0x00000000ec980000, 0x0000000100000000)
  eden space 23040K, 82% used [0x00000000eab00000,0x00000000ebd821f0,0x00000000ec180000)
  from space 3584K, 98% used [0x00000000ec600000,0x00000000ec970298,0x00000000ec980000)
  to   space 4096K, 0% used [0x00000000ec180000,0x00000000ec180000,0x00000000ec580000)
 ParOldGen       total 68608K, used 10033K [0x00000000c0000000, 0x00000000c4300000, 0x00000000eab00000)
  object space 68608K, 14% used [0x00000000c0000000,0x00000000c09cc5b8,0x00000000c4300000)
 Metaspace       used 30447K, committed 31296K, reserved 1114112K
  class space    used 3018K, committed 3392K, reserved 1048576K

Card table byte_map: [0x0000026dd31f0000,0x0000026dd3400000] _byte_map_base: 0x0000026dd2bf0000

Marking Bits: (ParMarkBitMap*) 0x00007ffbce4f31f0
 Begin Bits: [0x0000026de5a40000, 0x0000026de6a40000)
 End Bits:   [0x0000026de6a40000, 0x0000026de7a40000)

Polling page: 0x0000026dd1660000

Metaspace:

Usage:
  Non-class:     26.79 MB used.
      Class:      2.95 MB used.
       Both:     29.73 MB used.

Virtual space:
  Non-class space:       64.00 MB reserved,      27.25 MB ( 43%) committed,  1 nodes.
      Class space:        1.00 GB reserved,       3.31 MB ( <1%) committed,  1 nodes.
             Both:        1.06 GB reserved,      30.56 MB (  3%) committed. 

Chunk freelists:
   Non-Class:  4.58 MB
       Class:  12.72 MB
        Both:  17.30 MB

MaxMetaspaceSize: unlimited
CompressedClassSpaceSize: 1.00 GB
Initial GC threshold: 21.00 MB
Current GC threshold: 35.00 MB
CDS: on
 - commit_granule_bytes: 65536.
 - commit_granule_words: 8192.
 - virtual_space_node_default_size: 8388608.
 - enlarge_chunks_in_place: 1.
 - use_allocation_guard: 0.


Internal statistics:

num_allocs_failed_limit: 3.
num_arena_births: 600.
num_arena_deaths: 14.
num_vsnodes_births: 2.
num_vsnodes_deaths: 0.
num_space_committed: 489.
num_space_uncommitted: 0.
num_chunks_returned_to_freelist: 17.
num_chunks_taken_from_freelist: 1744.
num_chunk_merges: 9.
num_chunk_splits: 1154.
num_chunks_enlarged: 749.
num_inconsistent_stats: 0.

CodeHeap 'non-profiled nmethods': size=120000Kb used=1751Kb max_used=1751Kb free=118248Kb
 bounds [0x0000026dde510000, 0x0000026dde780000, 0x0000026de5a40000]
CodeHeap 'profiled nmethods': size=120000Kb used=7559Kb max_used=7559Kb free=112440Kb
 bounds [0x0000026dd6a40000, 0x0000026dd71b0000, 0x0000026dddf70000]
CodeHeap 'non-nmethods': size=5760Kb used=1343Kb max_used=1381Kb free=4416Kb
 bounds [0x0000026dddf70000, 0x0000026dde1e0000, 0x0000026dde510000]
 total_blobs=4410 nmethods=3772 adapters=544
 compilation: enabled
              stopped_count=0, restarted_count=0
 full_count=0

Compilation events (20 events):
Event: 55.302 Thread 0x0000026de7c12800 3764       3       sun.invoke.util.VerifyAccess::getClassModifiers (24 bytes)
Event: 55.302 Thread 0x0000026de7c12800 nmethod 3764 0x0000026dd7199e10 code [0x0000026dd7199fe0, 0x0000026dd719a218]
Event: 55.308 Thread 0x0000026de7c12800 3765   !   3       java.lang.invoke.InnerClassLambdaMetafactory::generateInnerClass (506 bytes)
Event: 55.308 Thread 0x0000026de7c10e30 nmethod 3762 0x0000026dde6c3c90 code [0x0000026dde6c3ee0, 0x0000026dde6c4498]
Event: 55.310 Thread 0x0000026de7c12800 nmethod 3765 0x0000026dd719a310 code [0x0000026dd719a7a0, 0x0000026dd719c6e0]
Event: 55.310 Thread 0x0000026de7c12800 3767       3       java.lang.invoke.InnerClassLambdaMetafactory::generateConstructor (154 bytes)
Event: 55.311 Thread 0x0000026de7c12800 nmethod 3767 0x0000026dd719d490 code [0x0000026dd719d780, 0x0000026dd719e6b0]
Event: 55.311 Thread 0x0000026de7c12800 3766       3       java.util.HashMap::prepareArray (38 bytes)
Event: 55.312 Thread 0x0000026de7c12800 nmethod 3766 0x0000026dd719ec10 code [0x0000026dd719ee00, 0x0000026dd719f3b0]
Event: 55.312 Thread 0x0000026de7c12800 3768       1       sun.util.calendar.CalendarDate::setNormalized (6 bytes)
Event: 55.312 Thread 0x0000026de7c12800 nmethod 3768 0x0000026dde6c4a90 code [0x0000026dde6c4c20, 0x0000026dde6c4cf0]
Event: 55.317 Thread 0x0000026de7c12800 3771       3       jdk.internal.org.objectweb.asm.Frame::push (109 bytes)
Event: 55.317 Thread 0x0000026de7c12800 nmethod 3771 0x0000026dd719f590 code [0x0000026dd719f760, 0x0000026dd719fc30]
Event: 55.320 Thread 0x0000026de7c12800 3774   !   3       java.lang.invoke.MethodHandles$Lookup::canBeCached (150 bytes)
Event: 55.321 Thread 0x0000026de7c10e30 3775 %     4       java.io.WinNTFileSystem::normalize @ 22 (143 bytes)
Event: 55.321 Thread 0x0000026de7c12800 nmethod 3774 0x0000026dd719fe10 code [0x0000026dd71a0140, 0x0000026dd71a13e8]
Event: 55.332 Thread 0x0000026de7c12800 3776       1       org.eclipse.core.internal.registry.ReferenceMap$SoftRef::getNext (5 bytes)
Event: 55.332 Thread 0x0000026de7c12800 nmethod 3776 0x0000026dde6c5990 code [0x0000026dde6c5b20, 0x0000026dde6c5be8]
Event: 55.347 Thread 0x0000026de7c12800 3777       3       java.util.LinkedHashMap$LinkedKeyIterator::next (8 bytes)
Event: 55.347 Thread 0x0000026de7c12800 nmethod 3777 0x0000026dd71a1b10 code [0x0000026dd71a1cc0, 0x0000026dd71a1e18]

GC Heap History (18 events):
Event: 0.628 GC heap before
{Heap before GC invocations=1 (full 0):
 PSYoungGen      total 29696K, used 25600K [0x00000000eab00000, 0x00000000ecc00000, 0x0000000100000000)
  eden space 25600K, 100% used [0x00000000eab00000,0x00000000ec400000,0x00000000ec400000)
  from space 4096K, 0% used [0x00000000ec800000,0x00000000ec800000,0x00000000ecc00000)
  to   space 4096K, 0% used [0x00000000ec400000,0x00000000ec400000,0x00000000ec800000)
 ParOldGen       total 68608K, used 0K [0x00000000c0000000, 0x00000000c4300000, 0x00000000eab00000)
  object space 68608K, 0% used [0x00000000c0000000,0x00000000c0000000,0x00000000c4300000)
 Metaspace       used 4344K, committed 4608K, reserved 1114112K
  class space    used 458K, committed 576K, reserved 1048576K
}
Event: 0.633 GC heap after
{Heap after GC invocations=1 (full 0):
 PSYoungGen      total 29696K, used 3286K [0x00000000eab00000, 0x00000000ecc00000, 0x0000000100000000)
  eden space 25600K, 0% used [0x00000000eab00000,0x00000000eab00000,0x00000000ec400000)
  from space 4096K, 80% used [0x00000000ec400000,0x00000000ec735880,0x00000000ec800000)
  to   space 4096K, 0% used [0x00000000ec800000,0x00000000ec800000,0x00000000ecc00000)
 ParOldGen       total 68608K, used 16K [0x00000000c0000000, 0x00000000c4300000, 0x00000000eab00000)
  object space 68608K, 0% used [0x00000000c0000000,0x00000000c0004000,0x00000000c4300000)
 Metaspace       used 4344K, committed 4608K, reserved 1114112K
  class space    used 458K, committed 576K, reserved 1048576K
}
Event: 1.098 GC heap before
{Heap before GC invocations=2 (full 0):
 PSYoungGen      total 29696K, used 28886K [0x00000000eab00000, 0x00000000ecc00000, 0x0000000100000000)
  eden space 25600K, 100% used [0x00000000eab00000,0x00000000ec400000,0x00000000ec400000)
  from space 4096K, 80% used [0x00000000ec400000,0x00000000ec735880,0x00000000ec800000)
  to   space 4096K, 0% used [0x00000000ec800000,0x00000000ec800000,0x00000000ecc00000)
 ParOldGen       total 68608K, used 16K [0x00000000c0000000, 0x00000000c4300000, 0x00000000eab00000)
  object space 68608K, 0% used [0x00000000c0000000,0x00000000c0004000,0x00000000c4300000)
 Metaspace       used 8209K, committed 8576K, reserved 1114112K
  class space    used 842K, committed 1024K, reserved 1048576K
}
Event: 1.102 GC heap after
{Heap after GC invocations=2 (full 0):
 PSYoungGen      total 29696K, used 4068K [0x00000000eab00000, 0x00000000ecc00000, 0x0000000100000000)
  eden space 25600K, 0% used [0x00000000eab00000,0x00000000eab00000,0x00000000ec400000)
  from space 4096K, 99% used [0x00000000ec800000,0x00000000ecbf9300,0x00000000ecc00000)
  to   space 4096K, 0% used [0x00000000ec400000,0x00000000ec400000,0x00000000ec800000)
 ParOldGen       total 68608K, used 902K [0x00000000c0000000, 0x00000000c4300000, 0x00000000eab00000)
  object space 68608K, 1% used [0x00000000c0000000,0x00000000c00e1830,0x00000000c4300000)
 Metaspace       used 8209K, committed 8576K, reserved 1114112K
  class space    used 842K, committed 1024K, reserved 1048576K
}
Event: 1.509 GC heap before
{Heap before GC invocations=3 (full 0):
 PSYoungGen      total 29696K, used 29668K [0x00000000eab00000, 0x00000000ecc00000, 0x0000000100000000)
  eden space 25600K, 100% used [0x00000000eab00000,0x00000000ec400000,0x00000000ec400000)
  from space 4096K, 99% used [0x00000000ec800000,0x00000000ecbf9300,0x00000000ecc00000)
  to   space 4096K, 0% used [0x00000000ec400000,0x00000000ec400000,0x00000000ec800000)
 ParOldGen       total 68608K, used 902K [0x00000000c0000000, 0x00000000c4300000, 0x00000000eab00000)
  object space 68608K, 1% used [0x00000000c0000000,0x00000000c00e1830,0x00000000c4300000)
 Metaspace       used 13026K, committed 13568K, reserved 1114112K
  class space    used 1336K, committed 1536K, reserved 1048576K
}
Event: 1.513 GC heap after
{Heap after GC invocations=3 (full 0):
 PSYoungGen      total 29696K, used 4083K [0x00000000eab00000, 0x00000000ecc00000, 0x0000000100000000)
  eden space 25600K, 0% used [0x00000000eab00000,0x00000000eab00000,0x00000000ec400000)
  from space 4096K, 99% used [0x00000000ec400000,0x00000000ec7fcf28,0x00000000ec800000)
  to   space 4096K, 0% used [0x00000000ec800000,0x00000000ec800000,0x00000000ecc00000)
 ParOldGen       total 68608K, used 2668K [0x00000000c0000000, 0x00000000c4300000, 0x00000000eab00000)
  object space 68608K, 3% used [0x00000000c0000000,0x00000000c029b1d0,0x00000000c4300000)
 Metaspace       used 13026K, committed 13568K, reserved 1114112K
  class space    used 1336K, committed 1536K, reserved 1048576K
}
Event: 1.758 GC heap before
{Heap before GC invocations=4 (full 0):
 PSYoungGen      total 29696K, used 29683K [0x00000000eab00000, 0x00000000ecc00000, 0x0000000100000000)
  eden space 25600K, 100% used [0x00000000eab00000,0x00000000ec400000,0x00000000ec400000)
  from space 4096K, 99% used [0x00000000ec400000,0x00000000ec7fcf28,0x00000000ec800000)
  to   space 4096K, 0% used [0x00000000ec800000,0x00000000ec800000,0x00000000ecc00000)
 ParOldGen       total 68608K, used 2668K [0x00000000c0000000, 0x00000000c4300000, 0x00000000eab00000)
  object space 68608K, 3% used [0x00000000c0000000,0x00000000c029b1d0,0x00000000c4300000)
 Metaspace       used 15996K, committed 16576K, reserved 1114112K
  class space    used 1624K, committed 1856K, reserved 1048576K
}
Event: 1.761 GC heap after
{Heap after GC invocations=4 (full 0):
 PSYoungGen      total 29696K, used 4080K [0x00000000eab00000, 0x00000000ecc00000, 0x0000000100000000)
  eden space 25600K, 0% used [0x00000000eab00000,0x00000000eab00000,0x00000000ec400000)
  from space 4096K, 99% used [0x00000000ec800000,0x00000000ecbfc288,0x00000000ecc00000)
  to   space 4096K, 0% used [0x00000000ec400000,0x00000000ec400000,0x00000000ec800000)
 ParOldGen       total 68608K, used 5274K [0x00000000c0000000, 0x00000000c4300000, 0x00000000eab00000)
  object space 68608K, 7% used [0x00000000c0000000,0x00000000c0526b80,0x00000000c4300000)
 Metaspace       used 15996K, committed 16576K, reserved 1114112K
  class space    used 1624K, committed 1856K, reserved 1048576K
}
Event: 1.974 GC heap before
{Heap before GC invocations=5 (full 0):
 PSYoungGen      total 29696K, used 29506K [0x00000000eab00000, 0x00000000ecc00000, 0x0000000100000000)
  eden space 25600K, 99% used [0x00000000eab00000,0x00000000ec3d4920,0x00000000ec400000)
  from space 4096K, 99% used [0x00000000ec800000,0x00000000ecbfc288,0x00000000ecc00000)
  to   space 4096K, 0% used [0x00000000ec400000,0x00000000ec400000,0x00000000ec800000)
 ParOldGen       total 68608K, used 5274K [0x00000000c0000000, 0x00000000c4300000, 0x00000000eab00000)
  object space 68608K, 7% used [0x00000000c0000000,0x00000000c0526b80,0x00000000c4300000)
 Metaspace       used 20185K, committed 20800K, reserved 1114112K
  class space    used 1927K, committed 2176K, reserved 1048576K
}
Event: 1.977 GC heap after
{Heap after GC invocations=5 (full 0):
 PSYoungGen      total 29184K, used 4090K [0x00000000eab00000, 0x00000000ece80000, 0x0000000100000000)
  eden space 25088K, 0% used [0x00000000eab00000,0x00000000eab00000,0x00000000ec380000)
  from space 4096K, 99% used [0x00000000ec400000,0x00000000ec7fea18,0x00000000ec800000)
  to   space 5632K, 0% used [0x00000000ec900000,0x00000000ec900000,0x00000000ece80000)
 ParOldGen       total 68608K, used 5633K [0x00000000c0000000, 0x00000000c4300000, 0x00000000eab00000)
  object space 68608K, 8% used [0x00000000c0000000,0x00000000c0580460,0x00000000c4300000)
 Metaspace       used 20185K, committed 20800K, reserved 1114112K
  class space    used 1927K, committed 2176K, reserved 1048576K
}
Event: 2.101 GC heap before
{Heap before GC invocations=6 (full 0):
 PSYoungGen      total 29184K, used 23260K [0x00000000eab00000, 0x00000000ece80000, 0x0000000100000000)
  eden space 25088K, 76% used [0x00000000eab00000,0x00000000ebdb8900,0x00000000ec380000)
  from space 4096K, 99% used [0x00000000ec400000,0x00000000ec7fea18,0x00000000ec800000)
  to   space 5632K, 0% used [0x00000000ec900000,0x00000000ec900000,0x00000000ece80000)
 ParOldGen       total 68608K, used 5633K [0x00000000c0000000, 0x00000000c4300000, 0x00000000eab00000)
  object space 68608K, 8% used [0x00000000c0000000,0x00000000c0580460,0x00000000c4300000)
 Metaspace       used 20918K, committed 21504K, reserved 1114112K
  class space    used 1961K, committed 2240K, reserved 1048576K
}
Event: 2.105 GC heap after
{Heap after GC invocations=6 (full 0):
 PSYoungGen      total 29696K, used 5612K [0x00000000eab00000, 0x00000000ed080000, 0x0000000100000000)
  eden space 24064K, 0% used [0x00000000eab00000,0x00000000eab00000,0x00000000ec280000)
  from space 5632K, 99% used [0x00000000ec900000,0x00000000ece7b068,0x00000000ece80000)
  to   space 6656K, 0% used [0x00000000ec280000,0x00000000ec280000,0x00000000ec900000)
 ParOldGen       total 68608K, used 6125K [0x00000000c0000000, 0x00000000c4300000, 0x00000000eab00000)
  object space 68608K, 8% used [0x00000000c0000000,0x00000000c05fb4b8,0x00000000c4300000)
 Metaspace       used 20918K, committed 21504K, reserved 1114112K
  class space    used 1961K, committed 2240K, reserved 1048576K
}
Event: 2.105 GC heap before
{Heap before GC invocations=7 (full 1):
 PSYoungGen      total 29696K, used 5612K [0x00000000eab00000, 0x00000000ed080000, 0x0000000100000000)
  eden space 24064K, 0% used [0x00000000eab00000,0x00000000eab00000,0x00000000ec280000)
  from space 5632K, 99% used [0x00000000ec900000,0x00000000ece7b068,0x00000000ece80000)
  to   space 6656K, 0% used [0x00000000ec280000,0x00000000ec280000,0x00000000ec900000)
 ParOldGen       total 68608K, used 6125K [0x00000000c0000000, 0x00000000c4300000, 0x00000000eab00000)
  object space 68608K, 8% used [0x00000000c0000000,0x00000000c05fb4b8,0x00000000c4300000)
 Metaspace       used 20918K, committed 21504K, reserved 1114112K
  class space    used 1961K, committed 2240K, reserved 1048576K
}
Event: 2.123 GC heap after
{Heap after GC invocations=7 (full 1):
 PSYoungGen      total 29696K, used 0K [0x00000000eab00000, 0x00000000ed080000, 0x0000000100000000)
  eden space 24064K, 0% used [0x00000000eab00000,0x00000000eab00000,0x00000000ec280000)
  from space 5632K, 0% used [0x00000000ec900000,0x00000000ec900000,0x00000000ece80000)
  to   space 6656K, 0% used [0x00000000ec280000,0x00000000ec280000,0x00000000ec900000)
 ParOldGen       total 68608K, used 10017K [0x00000000c0000000, 0x00000000c4300000, 0x00000000eab00000)
  object space 68608K, 14% used [0x00000000c0000000,0x00000000c09c85b8,0x00000000c4300000)
 Metaspace       used 20906K, committed 21504K, reserved 1114112K
  class space    used 1957K, committed 2240K, reserved 1048576K
}
Event: 2.671 GC heap before
{Heap before GC invocations=8 (full 1):
 PSYoungGen      total 29696K, used 24064K [0x00000000eab00000, 0x00000000ed080000, 0x0000000100000000)
  eden space 24064K, 100% used [0x00000000eab00000,0x00000000ec280000,0x00000000ec280000)
  from space 5632K, 0% used [0x00000000ec900000,0x00000000ec900000,0x00000000ece80000)
  to   space 6656K, 0% used [0x00000000ec280000,0x00000000ec280000,0x00000000ec900000)
 ParOldGen       total 68608K, used 10017K [0x00000000c0000000, 0x00000000c4300000, 0x00000000eab00000)
  object space 68608K, 14% used [0x00000000c0000000,0x00000000c09c85b8,0x00000000c4300000)
 Metaspace       used 25174K, committed 25920K, reserved 1114112K
  class space    used 2390K, committed 2688K, reserved 1048576K
}
Event: 2.673 GC heap after
{Heap after GC invocations=8 (full 1):
 PSYoungGen      total 26112K, used 2321K [0x00000000eab00000, 0x00000000eca00000, 0x0000000100000000)
  eden space 23552K, 0% used [0x00000000eab00000,0x00000000eab00000,0x00000000ec200000)
  from space 2560K, 90% used [0x00000000ec280000,0x00000000ec4c47b0,0x00000000ec500000)
  to   space 4096K, 0% used [0x00000000ec600000,0x00000000ec600000,0x00000000eca00000)
 ParOldGen       total 68608K, used 10025K [0x00000000c0000000, 0x00000000c4300000, 0x00000000eab00000)
  object space 68608K, 14% used [0x00000000c0000000,0x00000000c09ca5b8,0x00000000c4300000)
 Metaspace       used 25174K, committed 25920K, reserved 1114112K
  class space    used 2390K, committed 2688K, reserved 1048576K
}
Event: 2.862 GC heap before
{Heap before GC invocations=9 (full 1):
 PSYoungGen      total 26112K, used 25873K [0x00000000eab00000, 0x00000000eca00000, 0x0000000100000000)
  eden space 23552K, 100% used [0x00000000eab00000,0x00000000ec200000,0x00000000ec200000)
  from space 2560K, 90% used [0x00000000ec280000,0x00000000ec4c47b0,0x00000000ec500000)
  to   space 4096K, 0% used [0x00000000ec600000,0x00000000ec600000,0x00000000eca00000)
 ParOldGen       total 68608K, used 10025K [0x00000000c0000000, 0x00000000c4300000, 0x00000000eab00000)
  object space 68608K, 14% used [0x00000000c0000000,0x00000000c09ca5b8,0x00000000c4300000)
 Metaspace       used 28058K, committed 28864K, reserved 1114112K
  class space    used 2746K, committed 3136K, reserved 1048576K
}
Event: 2.864 GC heap after
{Heap after GC invocations=9 (full 1):
 PSYoungGen      total 26624K, used 3520K [0x00000000eab00000, 0x00000000ec980000, 0x0000000100000000)
  eden space 23040K, 0% used [0x00000000eab00000,0x00000000eab00000,0x00000000ec180000)
  from space 3584K, 98% used [0x00000000ec600000,0x00000000ec970298,0x00000000ec980000)
  to   space 4096K, 0% used [0x00000000ec180000,0x00000000ec180000,0x00000000ec580000)
 ParOldGen       total 68608K, used 10033K [0x00000000c0000000, 0x00000000c4300000, 0x00000000eab00000)
  object space 68608K, 14% used [0x00000000c0000000,0x00000000c09cc5b8,0x00000000c4300000)
 Metaspace       used 28058K, committed 28864K, reserved 1114112K
  class space    used 2746K, committed 3136K, reserved 1048576K
}

Dll operation events (12 events):
Event: 0.009 Loaded shared library c:\Users\ARRIDHO FADHIL A\.vscode\extensions\redhat.java-1.42.0-win32-x64\jre\21.0.7-win32-x86_64\bin\java.dll
Event: 0.065 Loaded shared library c:\Users\ARRIDHO FADHIL A\.vscode\extensions\redhat.java-1.42.0-win32-x64\jre\21.0.7-win32-x86_64\bin\zip.dll
Event: 0.080 Loaded shared library C:\Users\ARRIDHO FADHIL A\.vscode\extensions\redhat.java-1.42.0-win32-x64\jre\21.0.7-win32-x86_64\bin\instrument.dll
Event: 0.084 Loaded shared library C:\Users\ARRIDHO FADHIL A\.vscode\extensions\redhat.java-1.42.0-win32-x64\jre\21.0.7-win32-x86_64\bin\net.dll
Event: 0.086 Loaded shared library C:\Users\ARRIDHO FADHIL A\.vscode\extensions\redhat.java-1.42.0-win32-x64\jre\21.0.7-win32-x86_64\bin\nio.dll
Event: 0.088 Loaded shared library C:\Users\ARRIDHO FADHIL A\.vscode\extensions\redhat.java-1.42.0-win32-x64\jre\21.0.7-win32-x86_64\bin\zip.dll
Event: 0.102 Loaded shared library C:\Users\ARRIDHO FADHIL A\.vscode\extensions\redhat.java-1.42.0-win32-x64\jre\21.0.7-win32-x86_64\bin\jimage.dll
Event: 0.171 Loaded shared library c:\Users\ARRIDHO FADHIL A\.vscode\extensions\redhat.java-1.42.0-win32-x64\jre\21.0.7-win32-x86_64\bin\verify.dll
Event: 1.083 Loaded shared library C:\Users\ARRIDHO FADHIL A\AppData\Roaming\Code\User\globalStorage\redhat.java\1.42.0\config_ss_win\org.eclipse.equinox.launcher\org.eclipse.equinox.launcher.win32.win32.x86_64_1.2.1300.v20250331-1702\eclipse_11911.dll
Event: 1.540 Loaded shared library C:\Users\ARRIDHO FADHIL A\.vscode\extensions\redhat.java-1.42.0-win32-x64\jre\21.0.7-win32-x86_64\bin\management.dll
Event: 1.543 Loaded shared library C:\Users\ARRIDHO FADHIL A\.vscode\extensions\redhat.java-1.42.0-win32-x64\jre\21.0.7-win32-x86_64\bin\management_ext.dll
Event: 2.598 Loaded shared library C:\Users\ARRIDHO FADHIL A\AppData\Local\Temp\jna--1885564448\jna2785693278684010490.dll

Deoptimization events (20 events):
Event: 55.314 Thread 0x0000026de9699ac0 Uncommon trap: trap_request=0xffffff45 fr.pc=0x0000026dde6766c0 relative=0x00000000000001a0
Event: 55.315 Thread 0x0000026de9699ac0 Uncommon trap: reason=unstable_if action=reinterpret pc=0x0000026dde6766c0 method=jdk.internal.org.objectweb.asm.Frame.push(I)V @ 26 c2
Event: 55.315 Thread 0x0000026de9699ac0 DEOPT PACKING pc=0x0000026dde6766c0 sp=0x000000c40e7fd730
Event: 55.315 Thread 0x0000026de9699ac0 DEOPT UNPACKING pc=0x0000026dddfc3aa2 sp=0x000000c40e7fd6b8 mode 2
Event: 55.316 Thread 0x0000026de9699ac0 Uncommon trap: trap_request=0xffffff45 fr.pc=0x0000026dde65c7e4 relative=0x0000000000004f04
Event: 55.316 Thread 0x0000026de9699ac0 Uncommon trap: reason=unstable_if action=reinterpret pc=0x0000026dde65c7e4 method=java.lang.invoke.MethodType.genericMethodType(IZ)Ljava/lang/invoke/MethodType; @ 27 c2
Event: 55.316 Thread 0x0000026de9699ac0 DEOPT PACKING pc=0x0000026dde65c7e4 sp=0x000000c40e7fdd60
Event: 55.316 Thread 0x0000026de9699ac0 DEOPT UNPACKING pc=0x0000026dddfc3aa2 sp=0x000000c40e7fdb70 mode 2
Event: 55.316 Thread 0x0000026de9699ac0 Uncommon trap: trap_request=0xffffff45 fr.pc=0x0000026dde6ac518 relative=0x0000000000000318
Event: 55.316 Thread 0x0000026de9699ac0 Uncommon trap: reason=unstable_if action=reinterpret pc=0x0000026dde6ac518 method=java.lang.invoke.MethodType.genericMethodType(IZ)Ljava/lang/invoke/MethodType; @ 27 c2
Event: 55.316 Thread 0x0000026de9699ac0 DEOPT PACKING pc=0x0000026dde6ac518 sp=0x000000c40e7fdcd0
Event: 55.316 Thread 0x0000026de9699ac0 DEOPT UNPACKING pc=0x0000026dddfc3aa2 sp=0x000000c40e7fdbc8 mode 2
Event: 55.345 Thread 0x0000026de9699ac0 Uncommon trap: trap_request=0xffffffc6 fr.pc=0x0000026dde6b9d90 relative=0x0000000000000770
Event: 55.346 Thread 0x0000026de9699ac0 Uncommon trap: reason=bimorphic_or_optimized_type_check action=maybe_recompile pc=0x0000026dde6b9d90 method=java.util.regex.Pattern$Start.match(Ljava/util/regex/Matcher;ILjava/lang/CharSequence;)Z @ 44 c2
Event: 55.346 Thread 0x0000026de9699ac0 DEOPT PACKING pc=0x0000026dde6b9d90 sp=0x000000c40e7fe070
Event: 55.346 Thread 0x0000026de9699ac0 DEOPT UNPACKING pc=0x0000026dddfc3aa2 sp=0x000000c40e7fe030 mode 2
Event: 55.346 Thread 0x0000026de9699ac0 Uncommon trap: trap_request=0xffffffc6 fr.pc=0x0000026dde6b9d90 relative=0x0000000000000770
Event: 55.346 Thread 0x0000026de9699ac0 Uncommon trap: reason=bimorphic_or_optimized_type_check action=maybe_recompile pc=0x0000026dde6b9d90 method=java.util.regex.Pattern$Start.match(Ljava/util/regex/Matcher;ILjava/lang/CharSequence;)Z @ 44 c2
Event: 55.346 Thread 0x0000026de9699ac0 DEOPT PACKING pc=0x0000026dde6b9d90 sp=0x000000c40e7fe070
Event: 55.346 Thread 0x0000026de9699ac0 DEOPT UNPACKING pc=0x0000026dddfc3aa2 sp=0x000000c40e7fe030 mode 2

Classes loaded (20 events):
Event: 55.158 Loading class java/util/concurrent/CompletableFuture$UniExceptionally
Event: 55.158 Loading class java/util/concurrent/CompletableFuture$UniExceptionally done
Event: 55.180 Loading class java/util/concurrent/Executors$DelegatedScheduledExecutorService
Event: 55.180 Loading class java/util/concurrent/Executors$DelegatedExecutorService
Event: 55.181 Loading class java/util/concurrent/Executors$DelegatedExecutorService done
Event: 55.181 Loading class java/util/concurrent/Executors$DelegatedScheduledExecutorService done
Event: 55.234 Loading class java/util/concurrent/ConcurrentHashMap$EntrySpliterator
Event: 55.236 Loading class java/util/concurrent/ConcurrentHashMap$EntrySpliterator done
Event: 55.259 Loading class java/util/concurrent/ForkJoinTask$AdaptedCallable
Event: 55.260 Loading class java/util/concurrent/ForkJoinTask$AdaptedCallable done
Event: 55.267 Loading class java/util/stream/Nodes$CollectorTask$OfRef
Event: 55.268 Loading class java/util/stream/Nodes$CollectorTask
Event: 55.270 Loading class java/util/stream/Nodes$CollectorTask done
Event: 55.270 Loading class java/util/stream/Nodes$CollectorTask$OfRef done
Event: 55.271 Loading class java/util/function/LongFunction
Event: 55.271 Loading class java/util/function/LongFunction done
Event: 55.272 Loading class java/util/stream/Nodes$ConcNode
Event: 55.274 Loading class java/util/stream/Nodes$AbstractConcNode
Event: 55.274 Loading class java/util/stream/Nodes$AbstractConcNode done
Event: 55.274 Loading class java/util/stream/Nodes$ConcNode done

Classes unloaded (7 events):
Event: 2.109 Thread 0x0000026dd38f27f0 Unloading class 0x0000026d81189400 'java/lang/invoke/LambdaForm$MH+0x0000026d81189400'
Event: 2.109 Thread 0x0000026dd38f27f0 Unloading class 0x0000026d81189000 'java/lang/invoke/LambdaForm$MH+0x0000026d81189000'
Event: 2.109 Thread 0x0000026dd38f27f0 Unloading class 0x0000026d81188c00 'java/lang/invoke/LambdaForm$MH+0x0000026d81188c00'
Event: 2.109 Thread 0x0000026dd38f27f0 Unloading class 0x0000026d81188800 'java/lang/invoke/LambdaForm$MH+0x0000026d81188800'
Event: 2.109 Thread 0x0000026dd38f27f0 Unloading class 0x0000026d81188400 'java/lang/invoke/LambdaForm$BMH+0x0000026d81188400'
Event: 2.109 Thread 0x0000026dd38f27f0 Unloading class 0x0000026d81188000 'java/lang/invoke/LambdaForm$DMH+0x0000026d81188000'
Event: 2.109 Thread 0x0000026dd38f27f0 Unloading class 0x0000026d81186c00 'java/lang/invoke/LambdaForm$DMH+0x0000026d81186c00'

Classes redefined (0 events):
No events

Internal exceptions (20 events):
Event: 3.498 Thread 0x0000026deec431b0 Exception <a 'sun/nio/fs/WindowsException'{0x00000000eb6a73f0}> (0x00000000eb6a73f0) 
thrown [s\src\hotspot\share\prims\jni.cpp, line 520]
Event: 3.498 Thread 0x0000026deec431b0 Exception <a 'sun/nio/fs/WindowsException'{0x00000000eb6a8388}> (0x00000000eb6a8388) 
thrown [s\src\hotspot\share\prims\jni.cpp, line 520]
Event: 3.498 Thread 0x0000026deec431b0 Exception <a 'sun/nio/fs/WindowsException'{0x00000000eb6a8c88}> (0x00000000eb6a8c88) 
thrown [s\src\hotspot\share\prims\jni.cpp, line 520]
Event: 3.499 Thread 0x0000026deec431b0 Exception <a 'sun/nio/fs/WindowsException'{0x00000000eb6a9958}> (0x00000000eb6a9958) 
thrown [s\src\hotspot\share\prims\jni.cpp, line 520]
Event: 3.499 Thread 0x0000026deec431b0 Exception <a 'sun/nio/fs/WindowsException'{0x00000000eb6aa238}> (0x00000000eb6aa238) 
thrown [s\src\hotspot\share\prims\jni.cpp, line 520]
Event: 3.499 Thread 0x0000026deec431b0 Exception <a 'sun/nio/fs/WindowsException'{0x00000000eb6aaff8}> (0x00000000eb6aaff8) 
thrown [s\src\hotspot\share\prims\jni.cpp, line 520]
Event: 3.499 Thread 0x0000026deec431b0 Exception <a 'sun/nio/fs/WindowsException'{0x00000000eb6ab9e8}> (0x00000000eb6ab9e8) 
thrown [s\src\hotspot\share\prims\jni.cpp, line 520]
Event: 3.499 Thread 0x0000026deec431b0 Exception <a 'sun/nio/fs/WindowsException'{0x00000000eb6ac798}> (0x00000000eb6ac798) 
thrown [s\src\hotspot\share\prims\jni.cpp, line 520]
Event: 3.499 Thread 0x0000026deec431b0 Exception <a 'sun/nio/fs/WindowsException'{0x00000000eb6ad078}> (0x00000000eb6ad078) 
thrown [s\src\hotspot\share\prims\jni.cpp, line 520]
Event: 3.500 Thread 0x0000026de9699ac0 Exception <a 'sun/nio/fs/WindowsException'{0x00000000eb6c0bc0}> (0x00000000eb6c0bc0) 
thrown [s\src\hotspot\share\prims\jni.cpp, line 520]
Event: 3.501 Thread 0x0000026deec431b0 Exception <a 'sun/nio/fs/WindowsException'{0x00000000eb6d0af8}> (0x00000000eb6d0af8) 
thrown [s\src\hotspot\share\prims\jni.cpp, line 520]
Event: 3.504 Thread 0x0000026deec431b0 Exception <a 'sun/nio/fs/WindowsException'{0x00000000eb6d6dc8}> (0x00000000eb6d6dc8) 
thrown [s\src\hotspot\share\prims\jni.cpp, line 520]
Event: 3.504 Thread 0x0000026de9699ac0 Exception <a 'sun/nio/fs/WindowsException'{0x00000000eb6ef2b8}> (0x00000000eb6ef2b8) 
thrown [s\src\hotspot\share\prims\jni.cpp, line 520]
Event: 3.542 Thread 0x0000026deec431b0 Exception <a 'java/lang/IncompatibleClassChangeError'{0x00000000eb963f00}: Found class java.lang.Object, but interface was expected> (0x00000000eb963f00) 
thrown [s\src\hotspot\share\interpreter\linkResolver.cpp, line 840]
Event: 6.558 Thread 0x0000026deec431b0 Exception <a 'java/lang/IncompatibleClassChangeError'{0x00000000eba54c50}: Found class java.lang.Object, but interface was expected> (0x00000000eba54c50) 
thrown [s\src\hotspot\share\interpreter\linkResolver.cpp, line 840]
Event: 55.172 Thread 0x0000026deec431b0 Exception <a 'java/lang/NoSuchMethodError'{0x00000000ebb072d8}: 'void java.lang.invoke.DirectMethodHandle$Holder.invokeInterface(java.lang.Object, java.lang.Object)'> (0x00000000ebb072d8) 
thrown [s\src\hotspot\share\interpreter\linkResolver.cpp, line 773]
Event: 55.246 Thread 0x0000026de9699ac0 Exception <a 'sun/nio/fs/WindowsException'{0x00000000ebbca208}> (0x00000000ebbca208) 
thrown [s\src\hotspot\share\prims\jni.cpp, line 520]
Event: 55.249 Thread 0x0000026de9699ac0 Exception <a 'sun/nio/fs/WindowsException'{0x00000000ebbd06e8}> (0x00000000ebbd06e8) 
thrown [s\src\hotspot\share\prims\jni.cpp, line 520]
Event: 55.288 Thread 0x0000026de9699ac0 Exception <a 'java/io/FileNotFoundException'{0x00000000ebc50918}> (0x00000000ebc50918) 
thrown [s\src\hotspot\share\prims\jni.cpp, line 520]
Event: 55.316 Thread 0x0000026de9699ac0 Exception <a 'java/lang/NoSuchMethodError'{0x00000000ebc97b48}: 'java.lang.Object java.lang.invoke.DirectMethodHandle$Holder.newInvokeSpecial(java.lang.Object, java.lang.Object, java.lang.Object, java.lang.Object, java.lang.Object, java.lang.Object, java.lang.Object, java.lang.Object, java.lang.Object, java.lang.Object)'> (0x00000000ebc97b48) 
thrown [s\src\hotspot\share\interpreter\linkResolver.cpp, line 773]

ZGC Phase Switch (0 events):
No events

VM Operations (20 events):
Event: 2.229 Executing VM operation: HandshakeAllThreads (Deoptimize)
Event: 2.229 Executing VM operation: HandshakeAllThreads (Deoptimize) done
Event: 2.230 Executing VM operation: HandshakeAllThreads (Deoptimize)
Event: 2.230 Executing VM operation: HandshakeAllThreads (Deoptimize) done
Event: 2.346 Executing VM operation: HandshakeAllThreads (Deoptimize)
Event: 2.346 Executing VM operation: HandshakeAllThreads (Deoptimize) done
Event: 2.377 Executing VM operation: HandshakeAllThreads (Deoptimize)
Event: 2.377 Executing VM operation: HandshakeAllThreads (Deoptimize) done
Event: 2.609 Executing VM operation: HandshakeAllThreads (Deoptimize)
Event: 2.609 Executing VM operation: HandshakeAllThreads (Deoptimize) done
Event: 2.671 Executing VM operation: ParallelGCFailedAllocation (Allocation Failure)
Event: 2.673 Executing VM operation: ParallelGCFailedAllocation (Allocation Failure) done
Event: 2.850 Executing VM operation: HandshakeAllThreads (Deoptimize)
Event: 2.851 Executing VM operation: HandshakeAllThreads (Deoptimize) done
Event: 2.862 Executing VM operation: ParallelGCFailedAllocation (Allocation Failure)
Event: 2.864 Executing VM operation: ParallelGCFailedAllocation (Allocation Failure) done
Event: 3.872 Executing VM operation: Cleanup
Event: 3.873 Executing VM operation: Cleanup done
Event: 6.900 Executing VM operation: Cleanup
Event: 6.900 Executing VM operation: Cleanup done

Memory protections (0 events):
No events

Nmethod flushes (0 events):
No events

Events (20 events):
Event: 3.213 Thread 0x0000026deec45280 Thread exited: 0x0000026deec45280
Event: 3.213 Thread 0x0000026deec41770 Thread exited: 0x0000026deec41770
Event: 3.217 Thread 0x0000026de9793070 Thread exited: 0x0000026de9793070
Event: 3.217 Thread 0x0000026deec43ed0 Thread exited: 0x0000026deec43ed0
Event: 3.217 Thread 0x0000026deec44560 Thread exited: 0x0000026deec44560
Event: 3.254 Thread 0x0000026deec431b0 Thread added: 0x0000026deec43ed0
Event: 3.254 Thread 0x0000026deec431b0 Thread added: 0x0000026deec45280
Event: 3.254 Thread 0x0000026deec431b0 Thread added: 0x0000026deec41770
Event: 3.254 Thread 0x0000026deec431b0 Thread added: 0x0000026deec44560
Event: 3.376 Thread 0x0000026deec45280 Thread exited: 0x0000026deec45280
Event: 3.376 Thread 0x0000026deec41770 Thread exited: 0x0000026deec41770
Event: 3.380 Thread 0x0000026deec43ed0 Thread exited: 0x0000026deec43ed0
Event: 3.380 Thread 0x0000026deec44560 Thread exited: 0x0000026deec44560
Event: 3.460 Thread 0x0000026de7c12800 Thread added: 0x0000026df0173860
Event: 3.967 Thread 0x0000026df0173860 Thread exited: 0x0000026df0173860
Event: 6.661 Thread 0x0000026de9698710 Thread exited: 0x0000026de9698710
Event: 55.156 Thread 0x0000026deec431b0 Thread added: 0x0000026deec41770
Event: 55.184 Thread 0x0000026deec431b0 Thread added: 0x0000026deec43ed0
Event: 55.260 Thread 0x0000026de9699ac0 Thread added: 0x0000026deec44560
Event: 55.275 Thread 0x0000026deec44560 Thread exited: 0x0000026deec44560


Dynamic libraries:
0x00007ff6825d0000 - 0x00007ff6825de000 	c:\Users\ARRIDHO FADHIL A\.vscode\extensions\redhat.java-1.42.0-win32-x64\jre\21.0.7-win32-x86_64\bin\java.exe
0x00007ffc14830000 - 0x00007ffc14a47000 	C:\WINDOWS\SYSTEM32\ntdll.dll
0x00007ffc13d60000 - 0x00007ffc13e24000 	C:\WINDOWS\System32\KERNEL32.DLL
0x00007ffc11c00000 - 0x00007ffc11fd3000 	C:\WINDOWS\System32\KERNELBASE.dll
0x00007ffc11a60000 - 0x00007ffc11b71000 	C:\WINDOWS\System32\ucrtbase.dll
0x00007ffbf3820000 - 0x00007ffbf3838000 	c:\Users\ARRIDHO FADHIL A\.vscode\extensions\redhat.java-1.42.0-win32-x64\jre\21.0.7-win32-x86_64\bin\jli.dll
0x00007ffbf3d10000 - 0x00007ffbf3d2e000 	c:\Users\ARRIDHO FADHIL A\.vscode\extensions\redhat.java-1.42.0-win32-x64\jre\21.0.7-win32-x86_64\bin\VCRUNTIME140.dll
0x00007ffc12e90000 - 0x00007ffc13041000 	C:\WINDOWS\System32\USER32.dll
0x00007ffbfd280000 - 0x00007ffbfd51b000 	C:\WINDOWS\WinSxS\amd64_microsoft.windows.common-controls_6595b64144ccf1df_6.0.22621.5262_none_2712bde373830908\COMCTL32.dll
0x00007ffc12230000 - 0x00007ffc12256000 	C:\WINDOWS\System32\win32u.dll
0x00007ffc13a80000 - 0x00007ffc13aa9000 	C:\WINDOWS\System32\GDI32.dll
0x00007ffc134e0000 - 0x00007ffc13587000 	C:\WINDOWS\System32\msvcrt.dll
0x00007ffc12100000 - 0x00007ffc12222000 	C:\WINDOWS\System32\gdi32full.dll
0x00007ffc12060000 - 0x00007ffc120fa000 	C:\WINDOWS\System32\msvcp_win.dll
0x00007ffc13340000 - 0x00007ffc13371000 	C:\WINDOWS\System32\IMM32.DLL
0x00007ffc0f200000 - 0x00007ffc0f20c000 	c:\Users\ARRIDHO FADHIL A\.vscode\extensions\redhat.java-1.42.0-win32-x64\jre\21.0.7-win32-x86_64\bin\vcruntime140_1.dll
0x00007ffbe15f0000 - 0x00007ffbe167d000 	c:\Users\ARRIDHO FADHIL A\.vscode\extensions\redhat.java-1.42.0-win32-x64\jre\21.0.7-win32-x86_64\bin\msvcp140.dll
0x00007ffbcd840000 - 0x00007ffbce5d0000 	c:\Users\ARRIDHO FADHIL A\.vscode\extensions\redhat.java-1.42.0-win32-x64\jre\21.0.7-win32-x86_64\bin\server\jvm.dll
0x00007ffc13280000 - 0x00007ffc13331000 	C:\WINDOWS\System32\ADVAPI32.dll
0x00007ffc12940000 - 0x00007ffc129e7000 	C:\WINDOWS\System32\sechost.dll
0x00007ffc12490000 - 0x00007ffc124b8000 	C:\WINDOWS\System32\bcrypt.dll
0x00007ffc13720000 - 0x00007ffc13834000 	C:\WINDOWS\System32\RPCRT4.dll
0x00007ffc12870000 - 0x00007ffc128e1000 	C:\WINDOWS\System32\WS2_32.dll
0x00007ffc117f0000 - 0x00007ffc1183d000 	C:\WINDOWS\SYSTEM32\POWRPROF.dll
0x00007ffc09fa0000 - 0x00007ffc09fd4000 	C:\WINDOWS\SYSTEM32\WINMM.dll
0x00007ffc0f2b0000 - 0x00007ffc0f2ba000 	C:\WINDOWS\SYSTEM32\VERSION.dll
0x00007ffc117d0000 - 0x00007ffc117e3000 	C:\WINDOWS\SYSTEM32\UMPDC.dll
0x00007ffc10930000 - 0x00007ffc10948000 	C:\WINDOWS\SYSTEM32\kernel.appcore.dll
0x00007ffc0eb80000 - 0x00007ffc0eb8a000 	c:\Users\ARRIDHO FADHIL A\.vscode\extensions\redhat.java-1.42.0-win32-x64\jre\21.0.7-win32-x86_64\bin\jimage.dll
0x00007ffc087f0000 - 0x00007ffc08a22000 	C:\WINDOWS\SYSTEM32\DBGHELP.DLL
0x00007ffc124c0000 - 0x00007ffc12853000 	C:\WINDOWS\System32\combase.dll
0x00007ffc13100000 - 0x00007ffc131d7000 	C:\WINDOWS\System32\OLEAUT32.dll
0x00007ffbfc050000 - 0x00007ffbfc082000 	C:\WINDOWS\SYSTEM32\dbgcore.DLL
0x00007ffc11fe0000 - 0x00007ffc1205b000 	C:\WINDOWS\System32\bcryptPrimitives.dll
0x00007ffc0f360000 - 0x00007ffc0f36f000 	c:\Users\ARRIDHO FADHIL A\.vscode\extensions\redhat.java-1.42.0-win32-x64\jre\21.0.7-win32-x86_64\bin\instrument.dll
0x00007ffbf3800000 - 0x00007ffbf381f000 	c:\Users\ARRIDHO FADHIL A\.vscode\extensions\redhat.java-1.42.0-win32-x64\jre\21.0.7-win32-x86_64\bin\java.dll
0x00007ffc13e30000 - 0x00007ffc146cd000 	C:\WINDOWS\System32\SHELL32.dll
0x00007ffc11920000 - 0x00007ffc11a5f000 	C:\WINDOWS\System32\wintypes.dll
0x00007ffc0f810000 - 0x00007ffc1012d000 	C:\WINDOWS\SYSTEM32\windows.storage.dll
0x00007ffc13590000 - 0x00007ffc1369b000 	C:\WINDOWS\System32\SHCORE.dll
0x00007ffc13ab0000 - 0x00007ffc13b16000 	C:\WINDOWS\System32\shlwapi.dll
0x00007ffc11850000 - 0x00007ffc1187b000 	C:\WINDOWS\SYSTEM32\profapi.dll
0x00007ffbf37e0000 - 0x00007ffbf37f8000 	c:\Users\ARRIDHO FADHIL A\.vscode\extensions\redhat.java-1.42.0-win32-x64\jre\21.0.7-win32-x86_64\bin\zip.dll
0x00007ffc0d310000 - 0x00007ffc0d320000 	C:\Users\ARRIDHO FADHIL A\.vscode\extensions\redhat.java-1.42.0-win32-x64\jre\21.0.7-win32-x86_64\bin\net.dll
0x00007ffc0cdf0000 - 0x00007ffc0cf1c000 	C:\WINDOWS\SYSTEM32\WINHTTP.dll
0x00007ffc10dc0000 - 0x00007ffc10e2a000 	C:\WINDOWS\system32\mswsock.dll
0x00007ffbf0950000 - 0x00007ffbf0966000 	C:\Users\ARRIDHO FADHIL A\.vscode\extensions\redhat.java-1.42.0-win32-x64\jre\21.0.7-win32-x86_64\bin\nio.dll
0x00007ffc0f350000 - 0x00007ffc0f360000 	c:\Users\ARRIDHO FADHIL A\.vscode\extensions\redhat.java-1.42.0-win32-x64\jre\21.0.7-win32-x86_64\bin\verify.dll
0x00007ffc01710000 - 0x00007ffc01755000 	C:\Users\ARRIDHO FADHIL A\AppData\Roaming\Code\User\globalStorage\redhat.java\1.42.0\config_ss_win\org.eclipse.equinox.launcher\org.eclipse.equinox.launcher.win32.win32.x86_64_1.2.1300.v20250331-1702\eclipse_11911.dll
0x00007ffc13b20000 - 0x00007ffc13cc1000 	C:\WINDOWS\System32\ole32.dll
0x00007ffc09440000 - 0x00007ffc0944a000 	C:\Users\ARRIDHO FADHIL A\.vscode\extensions\redhat.java-1.42.0-win32-x64\jre\21.0.7-win32-x86_64\bin\management.dll
0x00007ffc00850000 - 0x00007ffc0085b000 	C:\Users\ARRIDHO FADHIL A\.vscode\extensions\redhat.java-1.42.0-win32-x64\jre\21.0.7-win32-x86_64\bin\management_ext.dll
0x00007ffc12860000 - 0x00007ffc12868000 	C:\WINDOWS\System32\PSAPI.DLL
0x00007ffc11040000 - 0x00007ffc1105b000 	C:\WINDOWS\SYSTEM32\CRYPTSP.dll
0x00007ffc10890000 - 0x00007ffc108c7000 	C:\WINDOWS\system32\rsaenh.dll
0x00007ffc10ed0000 - 0x00007ffc10ef8000 	C:\WINDOWS\SYSTEM32\USERENV.dll
0x00007ffc11030000 - 0x00007ffc1103c000 	C:\WINDOWS\SYSTEM32\CRYPTBASE.dll
0x00007ffc10390000 - 0x00007ffc103bd000 	C:\WINDOWS\SYSTEM32\IPHLPAPI.DLL
0x00007ffc13270000 - 0x00007ffc13279000 	C:\WINDOWS\System32\NSI.dll
0x00007ffc016c0000 - 0x00007ffc01709000 	C:\Users\ARRIDHO FADHIL A\AppData\Local\Temp\jna--1885564448\jna2785693278684010490.dll
0x00007ffc0d0f0000 - 0x00007ffc0d109000 	C:\WINDOWS\SYSTEM32\dhcpcsvc6.DLL
0x00007ffc0c800000 - 0x00007ffc0c81f000 	C:\WINDOWS\SYSTEM32\dhcpcsvc.DLL

dbghelp: loaded successfully - version: 4.0.5 - missing functions: none
symbol engine: initialized successfully - sym options: 0x614 - pdb path: .;c:\Users\ARRIDHO FADHIL A\.vscode\extensions\redhat.java-1.42.0-win32-x64\jre\21.0.7-win32-x86_64\bin;C:\WINDOWS\SYSTEM32;C:\WINDOWS\WinSxS\amd64_microsoft.windows.common-controls_6595b64144ccf1df_6.0.22621.5262_none_2712bde373830908;c:\Users\ARRIDHO FADHIL A\.vscode\extensions\redhat.java-1.42.0-win32-x64\jre\21.0.7-win32-x86_64\bin\server;C:\Users\ARRIDHO FADHIL A\AppData\Roaming\Code\User\globalStorage\redhat.java\1.42.0\config_ss_win\org.eclipse.equinox.launcher\org.eclipse.equinox.launcher.win32.win32.x86_64_1.2.1300.v20250331-1702;C:\Users\ARRIDHO FADHIL A\AppData\Local\Temp\jna--1885564448

VM Arguments:
jvm_args: --add-modules=ALL-SYSTEM --add-opens=java.base/java.util=ALL-UNNAMED --add-opens=java.base/java.lang=ALL-UNNAMED --add-opens=java.base/sun.nio.fs=ALL-UNNAMED -Declipse.application=org.eclipse.jdt.ls.core.id1 -Dosgi.bundles.defaultStartLevel=4 -Declipse.product=org.eclipse.jdt.ls.core.product -Djava.import.generatesMetadataFilesAtProjectRoot=false -DDetectVMInstallationsJob.disabled=true -Dfile.encoding=utf8 -XX:+UseParallelGC -XX:GCTimeRatio=4 -XX:AdaptiveSizePolicyWeight=90 -Dsun.zip.disableMemoryMapping=true -Xmx1G -Xms100m -Xlog:disable -javaagent:c:\Users\ARRIDHO FADHIL A\.vscode\extensions\redhat.java-1.42.0-win32-x64\lombok\lombok-1.18.36.jar 
java_command: c:\Users\ARRIDHO FADHIL A\.vscode\extensions\redhat.java-1.42.0-win32-x64\server\plugins\org.eclipse.equinox.launcher_1.7.0.v20250424-1814.jar -configuration c:\Users\ARRIDHO FADHIL A\AppData\Roaming\Code\User\globalStorage\redhat.java\1.42.0\config_ss_win -data c:\Users\ARRIDHO FADHIL A\AppData\Roaming\Code\User\workspaceStorage\9dea8a39556ca78a4ea0344bffc790ff\redhat.java\ss_ws --pipe=\\.\pipe\lsp-7934d9deeda40f9f1a1911db832010f3-sock
java_class_path (initial): c:\Users\ARRIDHO FADHIL A\.vscode\extensions\redhat.java-1.42.0-win32-x64\server\plugins\org.eclipse.equinox.launcher_1.7.0.v20250424-1814.jar
Launcher Type: SUN_STANDARD

[Global flags]
    uintx AdaptiveSizePolicyWeight                 = 90                                        {product} {command line}
     intx CICompilerCount                          = 4                                         {product} {ergonomic}
    uintx GCTimeRatio                              = 4                                         {product} {command line}
   size_t InitialHeapSize                          = 104857600                                 {product} {command line}
   size_t MaxHeapSize                              = 1073741824                                {product} {command line}
   size_t MaxNewSize                               = 357564416                                 {product} {ergonomic}
   size_t MinHeapDeltaBytes                        = 524288                                    {product} {ergonomic}
   size_t MinHeapSize                              = 104857600                                 {product} {command line}
   size_t NewSize                                  = 34603008                                  {product} {ergonomic}
    uintx NonNMethodCodeHeapSize                   = 5839372                                {pd product} {ergonomic}
    uintx NonProfiledCodeHeapSize                  = 122909434                              {pd product} {ergonomic}
   size_t OldSize                                  = 70254592                                  {product} {ergonomic}
    uintx ProfiledCodeHeapSize                     = 122909434                              {pd product} {ergonomic}
    uintx ReservedCodeCacheSize                    = 251658240                              {pd product} {ergonomic}
     bool SegmentedCodeCache                       = true                                      {product} {ergonomic}
   size_t SoftMaxHeapSize                          = 1073741824                             {manageable} {ergonomic}
     bool UseCompressedOops                        = true                           {product lp64_product} {ergonomic}
     bool UseLargePagesIndividualAllocation        = false                                  {pd product} {ergonomic}
     bool UseParallelGC                            = true                                      {product} {command line}

Logging:
Log output configuration:
 #0: stdout all=off uptime,level,tags foldmultilines=false
 #1: stderr all=off uptime,level,tags foldmultilines=false

Environment Variables:
JAVA_HOME=C:\Program Files\Java\jdk-17
PATH=C:\Python312\Scripts\;C:\Python312\;C:\WINDOWS\system32;C:\WINDOWS;C:\WINDOWS\System32\Wbem;C:\WINDOWS\System32\WindowsPowerShell\v1.0\;C:\WINDOWS\System32\OpenSSH\;C:\Program Files\dotnet\;C:\ProgramData\chocolatey\bin;C:\Users\ARRIDHO FADHIL A\Documents\xampp\php;C:\ProgramData\ComposerSetup\bin;C:\Program Files\Git\cmd;C:\Program Files\swipl\bin;C:\Users\ARRIDHO FADHIL A\AppData\Roaming\nvm;C:\Program Files\nodejs;C:\Program Files\Docker\Docker\resources\bin;C:\Windows;C:\Program Files\CMake\bin;C:\Program Files\Java\jdk-17\bin;C:\Python312\Scripts\;C:\Python312\;C:\oracleapp\dbhomeXE\bin;C:\WINDOWS\system32;C:\WINDOWS;C:\WINDOWS\System32\Wbem;C:\WINDOWS\System32\WindowsPowerShell\v1.0\;C:\WINDOWS\System32\OpenSSH\;C:\Program Files\dotnet\;C:\ProgramData\chocolatey\bin;C:\Users\ARRIDHO FADHIL A\Documents\xampp\php;C:\ProgramData\ComposerSetup\bin;C:\Program Files\Git\cmd;C:\Program Files\swipl\bin;C:\Users\ARRIDHO FADHIL A\AppData\Roaming\nvm;C:\Program Files\nodejs;C:\Program Files\Docker\Docker\resources\bin;C:\Users\ARRIDHO FADHIL A\AppData\Local\Programs\Python\Python311\Scripts\;C:\Users\ARRIDHO FADHIL A\AppData\Local\Programs\Python\Python311\;C:\Users\ARRIDHO FADHIL A\AppData\Local\Microsoft\WindowsApps;C:\Users\ARRIDHO FADHIL A\AppData\Local\Programs\Microsoft VS Code\bin;C:\MinGW\bin;C:\Exercism;C:\Users\ARRIDHO FADHIL A\AppData\Local\gitkraken\bin;C:\Users\ARRIDHO FADHIL A\AppData\Roaming\Composer\vendor\bin;C:\Users\ARRIDHO FADHIL A\AppDat;C:\Users\ARRIDHO FADHIL A\AppData\Roaming\npm;C:\Users\ARRIDHO FADHIL A\AppData\Local\Android\Sdk\platform-tools;C:\Users\ARRIDHO FADHIL A\AppData\Local\Android\Sdk\emulator;C:\Program Files\Apache\Maven\apache-maven-3.9.9\bin;C:\android\flutter\bin;
USERNAME=ARRIDHO FADHIL A
OS=Windows_NT
PROCESSOR_IDENTIFIER=AMD64 Family 23 Model 104 Stepping 1, AuthenticAMD
TMP=C:\Users\ARRIDH~1\AppData\Local\Temp
TEMP=C:\Users\ARRIDH~1\AppData\Local\Temp




Periodic native trim disabled

---------------  S Y S T E M  ---------------

OS:
 Windows 11 , 64 bit Build 22621 (10.0.22621.5262)
OS uptime: 0 days 0:48 hours
Hyper-V role detected

CPU: total 8 (initial active 8) (8 cores per cpu, 2 threads per core) family 23 model 104 stepping 1 microcode 0x0, cx8, cmov, fxsr, ht, mmx, 3dnowpref, sse, sse2, sse3, ssse3, sse4a, sse4.1, sse4.2, popcnt, lzcnt, tsc, tscinvbit, avx, avx2, aes, clmul, bmi1, bmi2, adx, sha, fma, vzeroupper, clflush, clflushopt, hv, rdtscp, rdpid, f16c
Processor Information for the first 8 processors :
  Max Mhz: 2600, Current Mhz: 2600, Mhz Limit: 2600

Memory: 4k page, system-wide physical 6005M (312M free)
TotalPageFile size 14169M (AvailPageFile size 2M)
current process WorkingSet (physical memory assigned to process): 84M, peak: 174M
current process commit charge ("private bytes"): 249M, peak: 277M

vm_info: OpenJDK 64-Bit Server VM (21.0.7+6-LTS) for windows-amd64 JRE (21.0.7+6-LTS), built on 2025-04-15T00:00:00Z by "admin" with MS VC++ 17.7 (VS2022)

END.
