#
# There is insufficient memory for the Java Runtime Environment to continue.
# Native memory allocation (mmap) failed to map 163577856 bytes for G1 virtual space
# Possible reasons:
#   The system is out of physical RAM or swap space
#   The process is running with CompressedOops enabled, and the Java Heap may be blocking the growth of the native heap
# Possible solutions:
#   Reduce memory load on the system
#   Increase physical memory or swap space
#   Check if swap backing store is full
#   Decrease Java heap size (-Xmx/-Xms)
#   Decrease number of Java threads
#   Decrease Java thread stack sizes (-Xss)
#   Set larger code cache with -XX:ReservedCodeCacheSize=
#   JVM is running with Zero Based Compressed Oops mode in which the Java heap is
#     placed in the first 32GB address space. The Java Heap base address is the
#     maximum limit for the native heap growth. Please use -XX:HeapBaseMinAddress
#     to set the Java Heap base and to place the Java Heap above 32GB virtual address.
# This output file may be truncated or incomplete.
#
#  Out of Memory Error (os_windows.cpp:3548), pid=7712, tid=5944
#
# JRE version: Java(TM) SE Runtime Environment (17.0.12+8) (build 17.0.12+8-LTS-286)
# Java VM: Java HotSpot(TM) 64-Bit Server VM (17.0.12+8-LTS-286, mixed mode, sharing, tiered, compressed oops, compressed class ptrs, g1 gc, windows-amd64)
# No core dump will be written. Minidumps are not enabled by default on client versions of Windows
#

---------------  S U M M A R Y ------------

Command Line: -XX:MaxMetaspaceSize=4G -XX:ReservedCodeCacheSize=512m -XX:+HeapDumpOnOutOfMemoryError --add-opens=java.base/java.util=ALL-UNNAMED --add-opens=java.base/java.lang=ALL-UNNAMED --add-opens=java.base/java.lang.invoke=ALL-UNNAMED --add-opens=java.prefs/java.util.prefs=ALL-UNNAMED --add-exports=jdk.compiler/com.sun.tools.javac.api=ALL-UNNAMED --add-exports=jdk.compiler/com.sun.tools.javac.util=ALL-UNNAMED --add-opens=java.base/java.nio.charset=ALL-UNNAMED --add-opens=java.base/java.net=ALL-UNNAMED --add-opens=java.base/java.util.concurrent.atomic=ALL-UNNAMED -Xmx8G -Dfile.encoding=windows-1252 -Duser.country=US -Duser.language=en -Duser.variant -javaagent:C:\Users\ARRIDHO FADHIL A\.gradle\wrapper\dists\gradle-8.10.2-all\7iv73wktx1xtkvlq19urqw1wm\gradle-8.10.2\lib\agents\gradle-instrumentation-agent-8.10.2.jar org.gradle.launcher.daemon.bootstrap.GradleDaemon 8.10.2

Host: AMD Ryzen 3 5300U with Radeon Graphics         , 8 cores, 5G,  Windows 11 , 64 bit Build 22621 (10.0.22621.5262)
Time: Sat May 17 03:44:30 2025 SE Asia Standard Time elapsed time: 12.242587 seconds (0d 0h 0m 12s)

---------------  T H R E A D  ---------------

Current thread (0x00000180fe82ba80):  VMThread "VM Thread" [stack: 0x0000005b4b100000,0x0000005b4b200000] [id=5944]

Stack: [0x0000005b4b100000,0x0000005b4b200000]
Native frames: (J=compiled Java code, j=interpreted, Vv=VM code, C=native code)
V  [jvm.dll+0x67a04a]
V  [jvm.dll+0x7da4ed]
V  [jvm.dll+0x7dbe33]
V  [jvm.dll+0x7dc4a3]
V  [jvm.dll+0x24508f]
V  [jvm.dll+0x677089]
V  [jvm.dll+0x66bd32]
V  [jvm.dll+0x301fa6]
V  [jvm.dll+0x309546]
V  [jvm.dll+0x359d2e]
V  [jvm.dll+0x359f5f]
V  [jvm.dll+0x2d9078]
V  [jvm.dll+0x2d74ad]
V  [jvm.dll+0x2d6afc]
V  [jvm.dll+0x31a65b]
V  [jvm.dll+0x7e0d9b]
V  [jvm.dll+0x7e1ad4]
V  [jvm.dll+0x7e1fed]
V  [jvm.dll+0x7e23c4]
V  [jvm.dll+0x7e2490]
V  [jvm.dll+0x78abea]
V  [jvm.dll+0x678f35]
C  [ucrtbase.dll+0x29333]
C  [KERNEL32.DLL+0x1259d]
C  [ntdll.dll+0x5af58]

VM_Operation (0x0000005b4cbf3250): G1CollectForAllocation, mode: safepoint, requested by thread 0x0000018145b06580


---------------  P R O C E S S  ---------------

Threads class SMR info:
_java_thread_list=0x00000181443648d0, length=114, elements={
0x00000180c16884e0, 0x00000180fe833280, 0x00000180fe834100, 0x00000180fe84a130,
0x00000180fe84cb00, 0x00000180fe84d4c0, 0x00000180fe84ee90, 0x00000180fe852410,
0x00000180fe84f850, 0x00000180fe850160, 0x00000181440d13d0, 0x0000018144265ad0,
0x000001814520a240, 0x000001814531fde0, 0x00000181448cf1a0, 0x00000181461792a0,
0x0000018145b8e0c0, 0x0000018145b06a90, 0x0000018145b06580, 0x0000018145b06fa0,
0x0000018145b06070, 0x0000018145b08e00, 0x0000018145b09310, 0x0000018145b09820,
0x0000018145b074b0, 0x0000018145b088f0, 0x0000018145b083e0, 0x00000181477b09a0,
0x00000181477b5080, 0x00000181477b0eb0, 0x00000181477b13c0, 0x00000181477b3730,
0x00000181477b4150, 0x00000181477b0490, 0x00000181477b5fb0, 0x00000181477b5aa0,
0x00000181477b2800, 0x00000181477b3c40, 0x00000181477b4660, 0x00000181477b2d10,
0x00000181477b18d0, 0x00000181477b69d0, 0x00000181477b73f0, 0x00000181477b64c0,
0x00000181477b6ee0, 0x00000181477aff80, 0x00000181477b1de0, 0x00000181477b3220,
0x00000181477b7900, 0x00000181477b22f0, 0x00000181464ae7f0, 0x00000181464aed00,
0x00000181464b29c0, 0x00000181464ad3b0, 0x00000181464ae2e0, 0x00000181464b2ed0,
0x00000181464addd0, 0x00000181464b0140, 0x00000181464b0650, 0x00000181464aba60,
0x00000181464b24b0, 0x00000181464b33e0, 0x00000181464abf70, 0x00000181464b0b60,
0x00000181464b1070, 0x00000181464ac480, 0x00000181464ac990, 0x0000018148753480,
0x0000018148751b30, 0x0000018148753990, 0x0000018148751620, 0x000001814874e380,
0x00000181487543b0, 0x000001814874e890, 0x0000018148752040, 0x000001814874fcd0,
0x00000181487506f0, 0x0000018148751110, 0x0000018148754dd0, 0x000001814874f2b0,
0x0000018148752f70, 0x0000018148752550, 0x00000181487501e0, 0x0000018148753ea0,
0x000001814874eda0, 0x00000181487548c0, 0x0000018148750c00, 0x0000018148752a60,
0x000001814874d960, 0x000001814874de70, 0x00000181487552e0, 0x000001814856ff20,
0x000001814856ae20, 0x000001814856bd50, 0x000001814856b840, 0x0000018148570430,
0x000001814856e0c0, 0x0000018148570e50, 0x000001814856d6a0, 0x000001814856dbb0,
0x000001814856fa10, 0x000001814856c260, 0x000001814856c770, 0x0000018148570940,
0x0000018148571360, 0x000001814856cc80, 0x000001814856b330, 0x000001814856d190,
0x000001814856e5d0, 0x0000018148571870, 0x0000018148571d80, 0x000001814856eae0,
0x0000018148bf7940, 0x0000018148bfe390
}

Java Threads: ( => current thread )
  0x00000180c16884e0 JavaThread "main" [_thread_blocked, id=1636, stack(0x0000005b4ab00000,0x0000005b4ac00000)]
  0x00000180fe833280 JavaThread "Reference Handler" daemon [_thread_blocked, id=13464, stack(0x0000005b4b200000,0x0000005b4b300000)]
  0x00000180fe834100 JavaThread "Finalizer" daemon [_thread_blocked, id=12924, stack(0x0000005b4b300000,0x0000005b4b400000)]
  0x00000180fe84a130 JavaThread "Signal Dispatcher" daemon [_thread_blocked, id=12468, stack(0x0000005b4b400000,0x0000005b4b500000)]
  0x00000180fe84cb00 JavaThread "Attach Listener" daemon [_thread_blocked, id=13932, stack(0x0000005b4b500000,0x0000005b4b600000)]
  0x00000180fe84d4c0 JavaThread "Service Thread" daemon [_thread_blocked, id=13712, stack(0x0000005b4b600000,0x0000005b4b700000)]
  0x00000180fe84ee90 JavaThread "Monitor Deflation Thread" daemon [_thread_blocked, id=1732, stack(0x0000005b4b700000,0x0000005b4b800000)]
  0x00000180fe852410 JavaThread "C2 CompilerThread0" daemon [_thread_blocked, id=12568, stack(0x0000005b4b800000,0x0000005b4b900000)]
  0x00000180fe84f850 JavaThread "C1 CompilerThread0" daemon [_thread_blocked, id=4836, stack(0x0000005b4b900000,0x0000005b4ba00000)]
  0x00000180fe850160 JavaThread "Sweeper thread" daemon [_thread_blocked, id=14920, stack(0x0000005b4ba00000,0x0000005b4bb00000)]
  0x00000181440d13d0 JavaThread "Common-Cleaner" daemon [_thread_blocked, id=8264, stack(0x0000005b4bb00000,0x0000005b4bc00000)]
  0x0000018144265ad0 JavaThread "Notification Thread" daemon [_thread_blocked, id=13440, stack(0x0000005b4bc00000,0x0000005b4bd00000)]
  0x000001814520a240 JavaThread "Daemon health stats" [_thread_blocked, id=13448, stack(0x0000005b4be00000,0x0000005b4bf00000)]
  0x000001814531fde0 JavaThread "Incoming local TCP Connector on port 52645" [_thread_in_native, id=13888, stack(0x0000005b4c300000,0x0000005b4c400000)]
  0x00000181448cf1a0 JavaThread "Daemon periodic checks" [_thread_blocked, id=7328, stack(0x0000005b4c400000,0x0000005b4c500000)]
  0x00000181461792a0 JavaThread "Daemon" [_thread_blocked, id=6388, stack(0x0000005b4c800000,0x0000005b4c900000)]
  0x0000018145b8e0c0 JavaThread "Handler for socket connection from /127.0.0.1:52645 to /127.0.0.1:52646" [_thread_in_native, id=3900, stack(0x0000005b4c900000,0x0000005b4ca00000)]
  0x0000018145b06a90 JavaThread "Cancel handler" [_thread_blocked, id=15876, stack(0x0000005b4ca00000,0x0000005b4cb00000)]
  0x0000018145b06580 JavaThread "Daemon worker" [_thread_blocked, id=13640, stack(0x0000005b4cb00000,0x0000005b4cc00000)]
  0x0000018145b06fa0 JavaThread "Asynchronous log dispatcher for DefaultDaemonConnection: socket connection from /127.0.0.1:52645 to /127.0.0.1:52646" [_thread_blocked, id=8588, stack(0x0000005b4cc00000,0x0000005b4cd00000)]
  0x0000018145b06070 JavaThread "Stdin handler" [_thread_blocked, id=13420, stack(0x0000005b4cd00000,0x0000005b4ce00000)]
  0x0000018145b08e00 JavaThread "Daemon client event forwarder" [_thread_blocked, id=15964, stack(0x0000005b4ce00000,0x0000005b4cf00000)]
  0x0000018145b09310 JavaThread "Cache worker for journal cache (C:\Users\ARRIDHO FADHIL A\.gradle\caches\journal-1)" [_thread_blocked, id=10552, stack(0x0000005b4cf00000,0x0000005b4d000000)]
  0x0000018145b09820 JavaThread "File lock request listener" [_thread_in_native, id=14268, stack(0x0000005b4d000000,0x0000005b4d100000)]
  0x0000018145b074b0 JavaThread "Cache worker for file hash cache (C:\Users\ARRIDHO FADHIL A\.gradle\caches\8.10.2\fileHashes)" [_thread_blocked, id=13316, stack(0x0000005b4d100000,0x0000005b4d200000)]
  0x0000018145b088f0 JavaThread "Cache worker for file hash cache (C:\android\flutterProjects\news_portal\android\.gradle\8.10.2\fileHashes)" [_thread_blocked, id=9104, stack(0x0000005b4d200000,0x0000005b4d300000)]
  0x0000018145b083e0 JavaThread "Cache worker for Build Output Cleanup Cache (C:\android\flutterProjects\news_portal\android\.gradle\buildOutputCleanup)" [_thread_blocked, id=5632, stack(0x0000005b4d300000,0x0000005b4d400000)]
  0x00000181477b09a0 JavaThread "File watcher server" daemon [_thread_in_native, id=11400, stack(0x0000005b4d500000,0x0000005b4d600000)]
  0x00000181477b5080 JavaThread "File watcher consumer" daemon [_thread_blocked, id=16080, stack(0x0000005b4d600000,0x0000005b4d700000)]
  0x00000181477b0eb0 JavaThread "Cache worker for checksums cache (C:\android\flutterProjects\news_portal\android\.gradle\8.10.2\checksums)" [_thread_blocked, id=13504, stack(0x0000005b4d700000,0x0000005b4d800000)]
  0x00000181477b13c0 JavaThread "Cache worker for file content cache (C:\Users\ARRIDHO FADHIL A\.gradle\caches\8.10.2\fileContent)" [_thread_blocked, id=11896, stack(0x0000005b4d800000,0x0000005b4d900000)]
  0x00000181477b3730 JavaThread "Cache worker for cache directory md-rule (C:\Users\ARRIDHO FADHIL A\.gradle\caches\8.10.2\md-rule)" [_thread_blocked, id=8892, stack(0x0000005b4d900000,0x0000005b4da00000)]
  0x00000181477b4150 JavaThread "Cache worker for cache directory md-supplier (C:\Users\ARRIDHO FADHIL A\.gradle\caches\8.10.2\md-supplier)" [_thread_blocked, id=12716, stack(0x0000005b4da00000,0x0000005b4db00000)]
  0x00000181477b0490 JavaThread "Cache worker for Build Output Cleanup Cache (C:\android\flutter\packages\flutter_tools\gradle\.gradle\buildOutputCleanup)" [_thread_blocked, id=3236, stack(0x0000005b4dc00000,0x0000005b4dd00000)]
  0x00000181477b5fb0 JavaThread "Unconstrained build operations" [_thread_blocked, id=15388, stack(0x0000005b4dd00000,0x0000005b4de00000)]
  0x00000181477b5aa0 JavaThread "Unconstrained build operations Thread 2" [_thread_blocked, id=16008, stack(0x0000005b4de00000,0x0000005b4df00000)]
  0x00000181477b2800 JavaThread "Unconstrained build operations Thread 3" [_thread_blocked, id=14484, stack(0x0000005b4df00000,0x0000005b4e000000)]
  0x00000181477b3c40 JavaThread "Unconstrained build operations Thread 4" [_thread_blocked, id=9736, stack(0x0000005b4e000000,0x0000005b4e100000)]
  0x00000181477b4660 JavaThread "Unconstrained build operations Thread 5" [_thread_blocked, id=13272, stack(0x0000005b4e100000,0x0000005b4e200000)]
  0x00000181477b2d10 JavaThread "Unconstrained build operations Thread 6" [_thread_blocked, id=3680, stack(0x0000005b4e200000,0x0000005b4e300000)]
  0x00000181477b18d0 JavaThread "Unconstrained build operations Thread 7" [_thread_blocked, id=12160, stack(0x0000005b4e300000,0x0000005b4e400000)]
  0x00000181477b69d0 JavaThread "Unconstrained build operations Thread 8" [_thread_blocked, id=15608, stack(0x0000005b4e400000,0x0000005b4e500000)]
  0x00000181477b73f0 JavaThread "Unconstrained build operations Thread 9" [_thread_blocked, id=9752, stack(0x0000005b4e500000,0x0000005b4e600000)]
  0x00000181477b64c0 JavaThread "Unconstrained build operations Thread 10" [_thread_blocked, id=10148, stack(0x0000005b4e600000,0x0000005b4e700000)]
  0x00000181477b6ee0 JavaThread "Unconstrained build operations Thread 11" [_thread_blocked, id=7612, stack(0x0000005b4e700000,0x0000005b4e800000)]
  0x00000181477aff80 JavaThread "Unconstrained build operations Thread 12" [_thread_blocked, id=8352, stack(0x0000005b4e800000,0x0000005b4e900000)]
  0x00000181477b1de0 JavaThread "Unconstrained build operations Thread 13" [_thread_blocked, id=15900, stack(0x0000005b4e900000,0x0000005b4ea00000)]
  0x00000181477b3220 JavaThread "Unconstrained build operations Thread 14" [_thread_blocked, id=3716, stack(0x0000005b4ea00000,0x0000005b4eb00000)]
  0x00000181477b7900 JavaThread "Unconstrained build operations Thread 15" [_thread_blocked, id=6316, stack(0x0000005b4eb00000,0x0000005b4ec00000)]
  0x00000181477b22f0 JavaThread "Unconstrained build operations Thread 16" [_thread_blocked, id=2680, stack(0x0000005b4ec00000,0x0000005b4ed00000)]
  0x00000181464ae7f0 JavaThread "Unconstrained build operations Thread 17" [_thread_blocked, id=12676, stack(0x0000005b4ed00000,0x0000005b4ee00000)]
  0x00000181464aed00 JavaThread "Unconstrained build operations Thread 18" [_thread_blocked, id=2540, stack(0x0000005b4ee00000,0x0000005b4ef00000)]
  0x00000181464b29c0 JavaThread "Unconstrained build operations Thread 19" [_thread_blocked, id=12604, stack(0x0000005b4ef00000,0x0000005b4f000000)]
  0x00000181464ad3b0 JavaThread "Unconstrained build operations Thread 20" [_thread_blocked, id=4856, stack(0x0000005b4f000000,0x0000005b4f100000)]
  0x00000181464ae2e0 JavaThread "Unconstrained build operations Thread 21" [_thread_blocked, id=8212, stack(0x0000005b4f100000,0x0000005b4f200000)]
  0x00000181464b2ed0 JavaThread "Memory manager" [_thread_blocked, id=9636, stack(0x0000005b4f200000,0x0000005b4f300000)]
  0x00000181464addd0 JavaThread "build event listener" [_thread_blocked, id=8596, stack(0x0000005b4f300000,0x0000005b4f400000)]
  0x00000181464b0140 JavaThread "included builds" [_thread_blocked, id=15712, stack(0x0000005b4f400000,0x0000005b4f500000)]
  0x00000181464b0650 JavaThread "Execution worker" [_thread_blocked, id=1760, stack(0x0000005b4f500000,0x0000005b4f600000)]
  0x00000181464aba60 JavaThread "Execution worker Thread 2" [_thread_blocked, id=3096, stack(0x0000005b4f600000,0x0000005b4f700000)]
  0x00000181464b24b0 JavaThread "Execution worker Thread 3" [_thread_blocked, id=11000, stack(0x0000005b4f700000,0x0000005b4f800000)]
  0x00000181464b33e0 JavaThread "Execution worker Thread 4" [_thread_blocked, id=11040, stack(0x0000005b4f800000,0x0000005b4f900000)]
  0x00000181464abf70 JavaThread "Execution worker Thread 5" [_thread_blocked, id=12532, stack(0x0000005b4f900000,0x0000005b4fa00000)]
  0x00000181464b0b60 JavaThread "Execution worker Thread 6" [_thread_blocked, id=14600, stack(0x0000005b4fa00000,0x0000005b4fb00000)]
  0x00000181464b1070 JavaThread "Execution worker Thread 7" [_thread_blocked, id=12356, stack(0x0000005b4fb00000,0x0000005b4fc00000)]
  0x00000181464ac480 JavaThread "Cache worker for execution history cache (C:\android\flutter\packages\flutter_tools\gradle\.gradle\8.10.2\executionHistory)" [_thread_blocked, id=13204, stack(0x0000005b4fc00000,0x0000005b4fd00000)]
  0x00000181464ac990 JavaThread "Unconstrained build operations Thread 22" [_thread_blocked, id=4548, stack(0x0000005b4fd00000,0x0000005b4fe00000)]
  0x0000018148753480 JavaThread "Unconstrained build operations Thread 23" [_thread_blocked, id=11960, stack(0x0000005b4fe00000,0x0000005b4ff00000)]
  0x0000018148751b30 JavaThread "Unconstrained build operations Thread 24" [_thread_blocked, id=4212, stack(0x0000005b4ff00000,0x0000005b50000000)]
  0x0000018148753990 JavaThread "Unconstrained build operations Thread 25" [_thread_blocked, id=6720, stack(0x0000005b50000000,0x0000005b50100000)]
  0x0000018148751620 JavaThread "Unconstrained build operations Thread 26" [_thread_blocked, id=10440, stack(0x0000005b50100000,0x0000005b50200000)]
  0x000001814874e380 JavaThread "Unconstrained build operations Thread 27" [_thread_blocked, id=11440, stack(0x0000005b50200000,0x0000005b50300000)]
  0x00000181487543b0 JavaThread "Unconstrained build operations Thread 28" [_thread_blocked, id=5624, stack(0x0000005b50300000,0x0000005b50400000)]
  0x000001814874e890 JavaThread "Unconstrained build operations Thread 29" [_thread_blocked, id=6952, stack(0x0000005b50400000,0x0000005b50500000)]
  0x0000018148752040 JavaThread "Unconstrained build operations Thread 30" [_thread_blocked, id=13680, stack(0x0000005b50500000,0x0000005b50600000)]
  0x000001814874fcd0 JavaThread "Unconstrained build operations Thread 31" [_thread_blocked, id=10568, stack(0x0000005b50600000,0x0000005b50700000)]
  0x00000181487506f0 JavaThread "Unconstrained build operations Thread 32" [_thread_blocked, id=8996, stack(0x0000005b50700000,0x0000005b50800000)]
  0x0000018148751110 JavaThread "Unconstrained build operations Thread 33" [_thread_blocked, id=10976, stack(0x0000005b50800000,0x0000005b50900000)]
  0x0000018148754dd0 JavaThread "Unconstrained build operations Thread 34" [_thread_blocked, id=9400, stack(0x0000005b50900000,0x0000005b50a00000)]
  0x000001814874f2b0 JavaThread "Unconstrained build operations Thread 35" [_thread_blocked, id=3272, stack(0x0000005b50a00000,0x0000005b50b00000)]
  0x0000018148752f70 JavaThread "Unconstrained build operations Thread 36" [_thread_blocked, id=11356, stack(0x0000005b50b00000,0x0000005b50c00000)]
  0x0000018148752550 JavaThread "Unconstrained build operations Thread 37" [_thread_blocked, id=4652, stack(0x0000005b50c00000,0x0000005b50d00000)]
  0x00000181487501e0 JavaThread "Unconstrained build operations Thread 38" [_thread_blocked, id=13452, stack(0x0000005b50d00000,0x0000005b50e00000)]
  0x0000018148753ea0 JavaThread "Unconstrained build operations Thread 39" [_thread_blocked, id=5192, stack(0x0000005b50e00000,0x0000005b50f00000)]
  0x000001814874eda0 JavaThread "Unconstrained build operations Thread 40" [_thread_blocked, id=14880, stack(0x0000005b50f00000,0x0000005b51000000)]
  0x00000181487548c0 JavaThread "Unconstrained build operations Thread 41" [_thread_blocked, id=8748, stack(0x0000005b51000000,0x0000005b51100000)]
  0x0000018148750c00 JavaThread "Unconstrained build operations Thread 42" [_thread_blocked, id=1556, stack(0x0000005b51100000,0x0000005b51200000)]
  0x0000018148752a60 JavaThread "Unconstrained build operations Thread 43" [_thread_blocked, id=2396, stack(0x0000005b51200000,0x0000005b51300000)]
  0x000001814874d960 JavaThread "Unconstrained build operations Thread 44" [_thread_blocked, id=6380, stack(0x0000005b51300000,0x0000005b51400000)]
  0x000001814874de70 JavaThread "Unconstrained build operations Thread 45" [_thread_blocked, id=15196, stack(0x0000005b51400000,0x0000005b51500000)]
  0x00000181487552e0 JavaThread "Unconstrained build operations Thread 46" [_thread_blocked, id=12828, stack(0x0000005b51500000,0x0000005b51600000)]
  0x000001814856ff20 JavaThread "Unconstrained build operations Thread 47" [_thread_blocked, id=11328, stack(0x0000005b51600000,0x0000005b51700000)]
  0x000001814856ae20 JavaThread "Unconstrained build operations Thread 48" [_thread_blocked, id=13392, stack(0x0000005b51700000,0x0000005b51800000)]
  0x000001814856bd50 JavaThread "Unconstrained build operations Thread 49" [_thread_blocked, id=8504, stack(0x0000005b51800000,0x0000005b51900000)]
  0x000001814856b840 JavaThread "Unconstrained build operations Thread 50" [_thread_blocked, id=5448, stack(0x0000005b51900000,0x0000005b51a00000)]
  0x0000018148570430 JavaThread "Unconstrained build operations Thread 51" [_thread_blocked, id=13588, stack(0x0000005b51a00000,0x0000005b51b00000)]
  0x000001814856e0c0 JavaThread "Unconstrained build operations Thread 52" [_thread_blocked, id=11252, stack(0x0000005b51b00000,0x0000005b51c00000)]
  0x0000018148570e50 JavaThread "Unconstrained build operations Thread 53" [_thread_blocked, id=14892, stack(0x0000005b51c00000,0x0000005b51d00000)]
  0x000001814856d6a0 JavaThread "Unconstrained build operations Thread 54" [_thread_blocked, id=2128, stack(0x0000005b51d00000,0x0000005b51e00000)]
  0x000001814856dbb0 JavaThread "Unconstrained build operations Thread 55" [_thread_blocked, id=5684, stack(0x0000005b51e00000,0x0000005b51f00000)]
  0x000001814856fa10 JavaThread "Unconstrained build operations Thread 56" [_thread_blocked, id=10056, stack(0x0000005b51f00000,0x0000005b52000000)]
  0x000001814856c260 JavaThread "Unconstrained build operations Thread 57" [_thread_blocked, id=8296, stack(0x0000005b52000000,0x0000005b52100000)]
  0x000001814856c770 JavaThread "Unconstrained build operations Thread 58" [_thread_blocked, id=15460, stack(0x0000005b52100000,0x0000005b52200000)]
  0x0000018148570940 JavaThread "Unconstrained build operations Thread 59" [_thread_blocked, id=6400, stack(0x0000005b52200000,0x0000005b52300000)]
  0x0000018148571360 JavaThread "Unconstrained build operations Thread 60" [_thread_blocked, id=11860, stack(0x0000005b52300000,0x0000005b52400000)]
  0x000001814856cc80 JavaThread "Unconstrained build operations Thread 61" [_thread_blocked, id=15472, stack(0x0000005b52400000,0x0000005b52500000)]
  0x000001814856b330 JavaThread "Unconstrained build operations Thread 62" [_thread_blocked, id=3696, stack(0x0000005b52500000,0x0000005b52600000)]
  0x000001814856d190 JavaThread "Unconstrained build operations Thread 63" [_thread_blocked, id=7452, stack(0x0000005b52600000,0x0000005b52700000)]
  0x000001814856e5d0 JavaThread "Unconstrained build operations Thread 64" [_thread_blocked, id=1888, stack(0x0000005b52700000,0x0000005b52800000)]
  0x0000018148571870 JavaThread "Unconstrained build operations Thread 65" [_thread_blocked, id=4668, stack(0x0000005b52800000,0x0000005b52900000)]
  0x0000018148571d80 JavaThread "Unconstrained build operations Thread 66" [_thread_blocked, id=9980, stack(0x0000005b52900000,0x0000005b52a00000)]
  0x000001814856eae0 JavaThread "Unconstrained build operations Thread 67" [_thread_blocked, id=11256, stack(0x0000005b52a00000,0x0000005b52b00000)]
  0x0000018148bf7940 JavaThread "jar transforms" [_thread_blocked, id=10508, stack(0x0000005b52b00000,0x0000005b52c00000)]
  0x0000018148bfe390 JavaThread "jar transforms Thread 2" [_thread_blocked, id=15844, stack(0x0000005b52c00000,0x0000005b52d00000)]

Other Threads:
=>0x00000180fe82ba80 VMThread "VM Thread" [stack: 0x0000005b4b100000,0x0000005b4b200000] [id=5944]
  0x00000180fe8392a0 WatcherThread [stack: 0x0000005b4bd00000,0x0000005b4be00000] [id=13432]
  0x00000180c1736750 GCTaskThread "GC Thread#0" [stack: 0x0000005b4ac00000,0x0000005b4ad00000] [id=1436]
  0x00000181443ae1d0 GCTaskThread "GC Thread#1" [stack: 0x0000005b4bf00000,0x0000005b4c000000] [id=9060]
  0x000001814468a710 GCTaskThread "GC Thread#2" [stack: 0x0000005b4c000000,0x0000005b4c100000] [id=2248]
  0x000001814432e530 GCTaskThread "GC Thread#3" [stack: 0x0000005b4c100000,0x0000005b4c200000] [id=3772]
  0x0000018144e38990 GCTaskThread "GC Thread#4" [stack: 0x0000005b4c200000,0x0000005b4c300000] [id=9888]
  0x0000018145b324c0 GCTaskThread "GC Thread#5" [stack: 0x0000005b4c500000,0x0000005b4c600000] [id=12884]
  0x0000018145acb270 GCTaskThread "GC Thread#6" [stack: 0x0000005b4c600000,0x0000005b4c700000] [id=788]
  0x0000018145acb530 GCTaskThread "GC Thread#7" [stack: 0x0000005b4c700000,0x0000005b4c800000] [id=13516]
  0x00000180c17476a0 ConcurrentGCThread "G1 Main Marker" [stack: 0x0000005b4ad00000,0x0000005b4ae00000] [id=2272]
  0x00000180c17480b0 ConcurrentGCThread "G1 Conc#0" [stack: 0x0000005b4ae00000,0x0000005b4af00000] [id=12172]
  0x0000018146353120 ConcurrentGCThread "G1 Conc#1" [stack: 0x0000005b4d400000,0x0000005b4d500000] [id=3620]
  0x00000180fe6e4df0 ConcurrentGCThread "G1 Refine#0" [stack: 0x0000005b4af00000,0x0000005b4b000000] [id=3364]
  0x00000181473685f0 ConcurrentGCThread "G1 Refine#1" [stack: 0x0000005b4db00000,0x0000005b4dc00000] [id=13140]
  0x00000180fe6e5820 ConcurrentGCThread "G1 Service" [stack: 0x0000005b4b000000,0x0000005b4b100000] [id=14040]

Threads with active compile tasks:
C2 CompilerThread0    12272 9801       4       java.io.File::equals (28 bytes)

VM state: at safepoint (normal execution)

VM Mutex/Monitor currently owned by a thread:  ([mutex/lock_event])
[0x00000180c16837a0] Threads_lock - owner thread: 0x00000180fe82ba80
[0x00000180c1683e60] Heap_lock - owner thread: 0x0000018145b06580

Heap address: 0x0000000600000000, size: 8192 MB, Compressed Oops mode: Zero based, Oop shift amount: 3

CDS archive(s) mapped at: [0x00000180ff000000-0x00000180ffbd0000-0x00000180ffbd0000), size 12386304, SharedBaseAddress: 0x00000180ff000000, ArchiveRelocationMode: 1.
Compressed class space mapped at: 0x0000018100000000-0x0000018140000000, reserved size: 1073741824
Narrow klass base: 0x00000180ff000000, Narrow klass shift: 0, Narrow klass range: 0x100000000

GC Precious Log:
 CPUs: 8 total, 8 available
 Memory: 6005M
 Large Page Support: Disabled
 NUMA Support: Disabled
 Compressed Oops: Enabled (Zero based)
 Heap Region Size: 4M
 Heap Min Capacity: 8M
 Heap Initial Capacity: 96M
 Heap Max Capacity: 8G
 Pre-touch: Disabled
 Parallel Workers: 8
 Concurrent Workers: 2
 Concurrent Refinement Workers: 8
 Periodic GC: Disabled

Heap:
 garbage-first heap   total 159744K, used 96273K [0x0000000600000000, 0x0000000800000000)
  region size 4096K, 2 young (8192K), 2 survivors (8192K)
 Metaspace       used 70512K, committed 71232K, reserved 1114112K
  class space    used 9984K, committed 10368K, reserved 1048576K

Heap Regions: E=young(eden), S=young(survivor), O=old, HS=humongous(starts), HC=humongous(continues), CS=collection set, F=free, OA=open archive, CA=closed archive, TAMS=top-at-mark-start (previous, next)
|   0|0x0000000600000000, 0x0000000600400000, 0x0000000600400000|100%|HS|  |TAMS 0x0000000600400000, 0x0000000600400000| Complete 
|   1|0x0000000600400000, 0x0000000600800000, 0x0000000600800000|100%| O|  |TAMS 0x0000000600800000, 0x0000000600800000| Untracked 
|   2|0x0000000600800000, 0x0000000600c00000, 0x0000000600c00000|100%| O|  |TAMS 0x0000000600c00000, 0x0000000600c00000| Untracked 
|   3|0x0000000600c00000, 0x0000000601000000, 0x0000000601000000|100%| O|  |TAMS 0x0000000601000000, 0x0000000601000000| Untracked 
|   4|0x0000000601000000, 0x0000000601400000, 0x0000000601400000|100%| O|  |TAMS 0x0000000601400000, 0x0000000601400000| Untracked 
|   5|0x0000000601400000, 0x0000000601800000, 0x0000000601800000|100%| O|  |TAMS 0x0000000601800000, 0x0000000601800000| Untracked 
|   6|0x0000000601800000, 0x0000000601c00000, 0x0000000601c00000|100%| O|  |TAMS 0x0000000601c00000, 0x0000000601c00000| Untracked 
|   7|0x0000000601c00000, 0x0000000602000000, 0x0000000602000000|100%| O|  |TAMS 0x0000000602000000, 0x0000000602000000| Untracked 
|   8|0x0000000602000000, 0x0000000602400000, 0x0000000602400000|100%| O|  |TAMS 0x0000000602400000, 0x0000000602400000| Untracked 
|   9|0x0000000602400000, 0x0000000602800000, 0x0000000602800000|100%|HS|  |TAMS 0x0000000602800000, 0x0000000602800000| Complete 
|  10|0x0000000602800000, 0x0000000602c00000, 0x0000000602c00000|100%|HS|  |TAMS 0x0000000602c00000, 0x0000000602c00000| Complete 
|  11|0x0000000602c00000, 0x0000000603000000, 0x0000000603000000|100%| O|  |TAMS 0x0000000603000000, 0x0000000603000000| Untracked 
|  12|0x0000000603000000, 0x0000000603400000, 0x0000000603400000|100%| O|  |TAMS 0x0000000603400000, 0x0000000603400000| Untracked 
|  13|0x0000000603400000, 0x0000000603800000, 0x0000000603800000|100%| O|  |TAMS 0x0000000603800000, 0x0000000603800000| Untracked 
|  14|0x0000000603800000, 0x0000000603c00000, 0x0000000603c00000|100%| O|  |TAMS 0x0000000603800000, 0x0000000603c00000| Untracked 
|  15|0x0000000603c00000, 0x0000000604000000, 0x0000000604000000|100%| O|  |TAMS 0x0000000604000000, 0x0000000604000000| Untracked 
|  16|0x0000000604000000, 0x0000000604400000, 0x0000000604400000|100%| O|  |TAMS 0x0000000604400000, 0x0000000604400000| Untracked 
|  17|0x0000000604400000, 0x0000000604800000, 0x0000000604800000|100%| O|  |TAMS 0x0000000604687a00, 0x0000000604800000| Untracked 
|  18|0x0000000604800000, 0x0000000604c00000, 0x0000000604c00000|100%|HS|  |TAMS 0x0000000604800000, 0x0000000604c00000| Complete 
|  19|0x0000000604c00000, 0x0000000605000000, 0x0000000605000000|100%| O|  |TAMS 0x0000000604c00000, 0x0000000605000000| Untracked 
|  20|0x0000000605000000, 0x0000000605400000, 0x0000000605400000|100%| O|  |TAMS 0x0000000605000000, 0x000000060523b600| Untracked 
|  21|0x0000000605400000, 0x0000000605800000, 0x0000000605800000|100%| O|  |TAMS 0x0000000605400000, 0x0000000605400000| Untracked 
|  22|0x0000000605800000, 0x00000006058f6c00, 0x0000000605c00000| 24%| O|  |TAMS 0x0000000605800000, 0x0000000605800000| Untracked 
|  23|0x0000000605c00000, 0x0000000605c00000, 0x0000000606000000|  0%| F|  |TAMS 0x0000000605c00000, 0x0000000605c00000| Untracked 
|  24|0x0000000606000000, 0x0000000606000000, 0x0000000606400000|  0%| F|  |TAMS 0x0000000606000000, 0x0000000606000000| Untracked 
|  25|0x0000000606400000, 0x0000000606400000, 0x0000000606800000|  0%| F|  |TAMS 0x0000000606400000, 0x0000000606400000| Untracked 
|  26|0x0000000606800000, 0x0000000606800000, 0x0000000606c00000|  0%| F|  |TAMS 0x0000000606800000, 0x0000000606800000| Untracked 
|  27|0x0000000606c00000, 0x0000000606c00000, 0x0000000607000000|  0%| F|  |TAMS 0x0000000606c00000, 0x0000000606c00000| Untracked 
|  28|0x0000000607000000, 0x0000000607000000, 0x0000000607400000|  0%| F|  |TAMS 0x0000000607000000, 0x0000000607000000| Untracked 
|  29|0x0000000607400000, 0x0000000607400000, 0x0000000607800000|  0%| F|  |TAMS 0x0000000607400000, 0x0000000607400000| Untracked 
|  30|0x0000000607800000, 0x000000060790da60, 0x0000000607c00000| 26%| S|CS|TAMS 0x0000000607800000, 0x0000000607800000| Complete 
|  31|0x0000000607c00000, 0x0000000608000000, 0x0000000608000000|100%| S|CS|TAMS 0x0000000607c00000, 0x0000000607c00000| Complete 
|  32|0x0000000608000000, 0x0000000608000000, 0x0000000608400000|  0%| F|  |TAMS 0x0000000608000000, 0x0000000608000000| Untracked 
|  33|0x0000000608400000, 0x0000000608400000, 0x0000000608800000|  0%| F|  |TAMS 0x0000000608400000, 0x0000000608400000| Untracked 
|  34|0x0000000608800000, 0x0000000608800000, 0x0000000608c00000|  0%| F|  |TAMS 0x0000000608800000, 0x0000000608800000| Untracked 
|  35|0x0000000608c00000, 0x0000000608c00000, 0x0000000609000000|  0%| F|  |TAMS 0x0000000608c00000, 0x0000000608c00000| Untracked 
|  36|0x0000000609000000, 0x0000000609000000, 0x0000000609400000|  0%| F|  |TAMS 0x0000000609000000, 0x0000000609000000| Untracked 
|  37|0x0000000609400000, 0x0000000609400000, 0x0000000609800000|  0%| F|  |TAMS 0x0000000609400000, 0x0000000609400000| Untracked 
|  38|0x0000000609800000, 0x0000000609800000, 0x0000000609c00000|  0%| F|  |TAMS 0x0000000609800000, 0x0000000609800000| Untracked 

Card table byte_map: [0x00000180ec3c0000,0x00000180ed3c0000] _byte_map_base: 0x00000180e93c0000

Marking Bits (Prev, Next): (CMBitMap*) 0x00000180c1736db0, (CMBitMap*) 0x00000180c1736d70
 Prev Bits: [0x00000180f63c0000, 0x00000180fe3c0000)
 Next Bits: [0x00000180ee3c0000, 0x00000180f63c0000)

Polling page: 0x00000180c1750000

Metaspace:

Usage:
  Non-class:     59.11 MB used.
      Class:      9.75 MB used.
       Both:     68.86 MB used.

Virtual space:
  Non-class space:       64.00 MB reserved,      59.44 MB ( 93%) committed,  1 nodes.
      Class space:        1.00 GB reserved,      10.12 MB ( <1%) committed,  1 nodes.
             Both:        1.06 GB reserved,      69.56 MB (  6%) committed. 

Chunk freelists:
   Non-Class:  4.28 MB
       Class:  5.85 MB
        Both:  10.13 MB

MaxMetaspaceSize: 4.00 GB
CompressedClassSpaceSize: 1.00 GB
Initial GC threshold: 21.00 MB
Current GC threshold: 110.00 MB
CDS: on
MetaspaceReclaimPolicy: balanced
 - commit_granule_bytes: 65536.
 - commit_granule_words: 8192.
 - virtual_space_node_default_size: 8388608.
 - enlarge_chunks_in_place: 1.
 - new_chunks_are_fully_committed: 0.
 - uncommit_free_chunks: 1.
 - use_allocation_guard: 0.
 - handle_deallocations: 1.


Internal statistics:

num_allocs_failed_limit: 9.
num_arena_births: 892.
num_arena_deaths: 0.
num_vsnodes_births: 2.
num_vsnodes_deaths: 0.
num_space_committed: 1113.
num_space_uncommitted: 0.
num_chunks_returned_to_freelist: 9.
num_chunks_taken_from_freelist: 3897.
num_chunk_merges: 9.
num_chunk_splits: 2527.
num_chunks_enlarged: 1652.
num_inconsistent_stats: 0.

CodeHeap 'non-profiled nmethods': size=259264Kb used=4275Kb max_used=4275Kb free=254988Kb
 bounds [0x00000180daa00000, 0x00000180dae30000, 0x00000180ea730000]
CodeHeap 'profiled nmethods': size=259264Kb used=17346Kb max_used=17346Kb free=241917Kb
 bounds [0x00000180ca730000, 0x00000180cb830000, 0x00000180da460000]
CodeHeap 'non-nmethods': size=5760Kb used=2378Kb max_used=2423Kb free=3381Kb
 bounds [0x00000180da460000, 0x00000180da6d0000, 0x00000180daa00000]
 total_blobs=9905 nmethods=9002 adapters=815
 compilation: enabled
              stopped_count=0, restarted_count=0
 full_count=0

Compilation events (20 events):
Event: 12.171 Thread 0x00000180fe852410 9868   !   4       sun.net.www.ParseUtil::decode (317 bytes)
Event: 12.171 Thread 0x00000180fe84f850 nmethod 9886 0x00000180cb81d890 code [0x00000180cb81da80, 0x00000180cb81dda8]
Event: 12.211 Thread 0x00000180fe84f850 9887       2       java.lang.invoke.ClassSpecializer$SpeciesData::transformHelper (56 bytes)
Event: 12.212 Thread 0x00000180fe84f850 nmethod 9887 0x00000180cb81df90 code [0x00000180cb81e1c0, 0x00000180cb81e768]
Event: 12.212 Thread 0x00000180fe84f850 9888       2       java.lang.invoke.InvokerBytecodeGenerator::generateCustomizedCode (34 bytes)
Event: 12.213 Thread 0x00000180fe84f850 nmethod 9888 0x00000180cb81ea90 code [0x00000180cb81eca0, 0x00000180cb81efb8]
Event: 12.229 Thread 0x00000180fe84f850 9889       2       java.net.URLClassLoader$2::<init> (15 bytes)
Event: 12.229 Thread 0x00000180fe84f850 nmethod 9889 0x00000180cb81f190 code [0x00000180cb81f320, 0x00000180cb81f4f8]
Event: 12.229 Thread 0x00000180fe84f850 9890       2       java.net.URLClassLoader$2::run (5 bytes)
Event: 12.229 Thread 0x00000180fe84f850 nmethod 9890 0x00000180cb81f590 code [0x00000180cb81f720, 0x00000180cb81f868]
Event: 12.231 Thread 0x00000180fe84f850 9891       1       org.gradle.plugin.use.internal.DefaultPluginId::toString (5 bytes)
Event: 12.231 Thread 0x00000180fe84f850 nmethod 9891 0x00000180dae27d90 code [0x00000180dae27f20, 0x00000180dae27ff8]
Event: 12.232 Thread 0x00000180fe84f850 9892       2       java.net.URLClassLoader::findResource (33 bytes)
Event: 12.232 Thread 0x00000180fe84f850 nmethod 9892 0x00000180cb81f990 code [0x00000180cb81fb80, 0x00000180cb81ff48]
Event: 12.233 Thread 0x00000180fe852410 nmethod 9868 0x00000180dae28090 code [0x00000180dae283a0, 0x00000180dae2b110]
Event: 12.233 Thread 0x00000180fe852410 9801       4       java.io.File::equals (28 bytes)
Event: 12.234 Thread 0x00000180fe84f850 9893       2       org.gradle.api.internal.DefaultMutationGuard::<init> (17 bytes)
Event: 12.234 Thread 0x00000180fe84f850 nmethod 9893 0x00000180cb820110 code [0x00000180cb8202c0, 0x00000180cb8204c8]
Event: 12.234 Thread 0x00000180fe84f850 9894       2       org.gradle.api.internal.AbstractMutationGuard::<init> (5 bytes)
Event: 12.234 Thread 0x00000180fe84f850 nmethod 9894 0x00000180cb820610 code [0x00000180cb8207a0, 0x00000180cb820898]

GC Heap History (20 events):
Event: 9.331 GC heap after
{Heap after GC invocations=24 (full 0):
 garbage-first heap   total 118784K, used 60798K [0x0000000600000000, 0x0000000800000000)
  region size 4096K, 1 young (4096K), 1 survivors (4096K)
 Metaspace       used 62181K, committed 62784K, reserved 1114112K
  class space    used 8886K, committed 9216K, reserved 1048576K
}
Event: 9.752 GC heap before
{Heap before GC invocations=24 (full 0):
 garbage-first heap   total 118784K, used 93566K [0x0000000600000000, 0x0000000800000000)
  region size 4096K, 9 young (36864K), 1 survivors (4096K)
 Metaspace       used 64383K, committed 65088K, reserved 1114112K
  class space    used 9285K, committed 9600K, reserved 1048576K
}
Event: 9.757 GC heap after
{Heap after GC invocations=25 (full 0):
 garbage-first heap   total 147456K, used 64652K [0x0000000600000000, 0x0000000800000000)
  region size 4096K, 2 young (8192K), 2 survivors (8192K)
 Metaspace       used 64383K, committed 65088K, reserved 1114112K
  class space    used 9285K, committed 9600K, reserved 1048576K
}
Event: 10.654 GC heap before
{Heap before GC invocations=26 (full 0):
 garbage-first heap   total 147456K, used 113804K [0x0000000600000000, 0x0000000800000000)
  region size 4096K, 14 young (57344K), 2 survivors (8192K)
 Metaspace       used 66249K, committed 66880K, reserved 1114112K
  class space    used 9505K, committed 9792K, reserved 1048576K
}
Event: 10.661 GC heap after
{Heap after GC invocations=27 (full 0):
 garbage-first heap   total 147456K, used 68854K [0x0000000600000000, 0x0000000800000000)
  region size 4096K, 2 young (8192K), 2 survivors (8192K)
 Metaspace       used 66249K, committed 66880K, reserved 1114112K
  class space    used 9505K, committed 9792K, reserved 1048576K
}
Event: 10.676 GC heap before
{Heap before GC invocations=27 (full 0):
 garbage-first heap   total 147456K, used 68854K [0x0000000600000000, 0x0000000800000000)
  region size 4096K, 3 young (12288K), 2 survivors (8192K)
 Metaspace       used 66260K, committed 66880K, reserved 1114112K
  class space    used 9505K, committed 9792K, reserved 1048576K
}
Event: 10.681 GC heap after
{Heap after GC invocations=28 (full 0):
 garbage-first heap   total 147456K, used 68605K [0x0000000600000000, 0x0000000800000000)
  region size 4096K, 1 young (4096K), 1 survivors (4096K)
 Metaspace       used 66260K, committed 66880K, reserved 1114112K
  class space    used 9505K, committed 9792K, reserved 1048576K
}
Event: 10.874 GC heap before
{Heap before GC invocations=28 (full 0):
 garbage-first heap   total 147456K, used 109565K [0x0000000600000000, 0x0000000800000000)
  region size 4096K, 11 young (45056K), 1 survivors (4096K)
 Metaspace       used 66415K, committed 67072K, reserved 1114112K
  class space    used 9506K, committed 9792K, reserved 1048576K
}
Event: 10.877 GC heap after
{Heap after GC invocations=29 (full 0):
 garbage-first heap   total 147456K, used 69701K [0x0000000600000000, 0x0000000800000000)
  region size 4096K, 1 young (4096K), 1 survivors (4096K)
 Metaspace       used 66415K, committed 67072K, reserved 1114112K
  class space    used 9506K, committed 9792K, reserved 1048576K
}
Event: 11.047 GC heap before
{Heap before GC invocations=30 (full 0):
 garbage-first heap   total 147456K, used 110661K [0x0000000600000000, 0x0000000800000000)
  region size 4096K, 11 young (45056K), 1 survivors (4096K)
 Metaspace       used 66453K, committed 67072K, reserved 1114112K
  class space    used 9506K, committed 9792K, reserved 1048576K
}
Event: 11.051 GC heap after
{Heap after GC invocations=31 (full 0):
 garbage-first heap   total 147456K, used 70718K [0x0000000600000000, 0x0000000800000000)
  region size 4096K, 2 young (8192K), 2 survivors (8192K)
 Metaspace       used 66453K, committed 67072K, reserved 1114112K
  class space    used 9506K, committed 9792K, reserved 1048576K
}
Event: 11.173 GC heap before
{Heap before GC invocations=31 (full 0):
 garbage-first heap   total 147456K, used 111678K [0x0000000600000000, 0x0000000800000000)
  region size 4096K, 12 young (49152K), 2 survivors (8192K)
 Metaspace       used 66460K, committed 67072K, reserved 1114112K
  class space    used 9506K, committed 9792K, reserved 1048576K
}
Event: 11.177 GC heap after
{Heap after GC invocations=32 (full 0):
 garbage-first heap   total 147456K, used 71728K [0x0000000600000000, 0x0000000800000000)
  region size 4096K, 2 young (8192K), 2 survivors (8192K)
 Metaspace       used 66460K, committed 67072K, reserved 1114112K
  class space    used 9506K, committed 9792K, reserved 1048576K
}
Event: 11.328 GC heap before
{Heap before GC invocations=33 (full 0):
 garbage-first heap   total 159744K, used 112688K [0x0000000600000000, 0x0000000800000000)
  region size 4096K, 12 young (49152K), 2 survivors (8192K)
 Metaspace       used 66460K, committed 67072K, reserved 1114112K
  class space    used 9506K, committed 9792K, reserved 1048576K
}
Event: 11.332 GC heap after
{Heap after GC invocations=34 (full 0):
 garbage-first heap   total 159744K, used 72850K [0x0000000600000000, 0x0000000800000000)
  region size 4096K, 2 young (8192K), 2 survivors (8192K)
 Metaspace       used 66460K, committed 67072K, reserved 1114112K
  class space    used 9506K, committed 9792K, reserved 1048576K
}
Event: 11.493 GC heap before
{Heap before GC invocations=34 (full 0):
 garbage-first heap   total 159744K, used 89234K [0x0000000600000000, 0x0000000800000000)
  region size 4096K, 8 young (32768K), 2 survivors (8192K)
 Metaspace       used 66892K, committed 67456K, reserved 1114112K
  class space    used 9583K, committed 9856K, reserved 1048576K
}
Event: 11.498 GC heap after
{Heap after GC invocations=35 (full 0):
 garbage-first heap   total 159744K, used 80373K [0x0000000600000000, 0x0000000800000000)
  region size 4096K, 2 young (8192K), 2 survivors (8192K)
 Metaspace       used 66892K, committed 67456K, reserved 1114112K
  class space    used 9583K, committed 9856K, reserved 1048576K
}
Event: 11.922 GC heap before
{Heap before GC invocations=36 (full 0):
 garbage-first heap   total 159744K, used 117237K [0x0000000600000000, 0x0000000800000000)
  region size 4096K, 11 young (45056K), 2 survivors (8192K)
 Metaspace       used 68711K, committed 69376K, reserved 1114112K
  class space    used 9759K, committed 10048K, reserved 1048576K
}
Event: 11.927 GC heap after
{Heap after GC invocations=37 (full 0):
 garbage-first heap   total 159744K, used 91330K [0x0000000600000000, 0x0000000800000000)
  region size 4096K, 2 young (8192K), 2 survivors (8192K)
 Metaspace       used 68711K, committed 69376K, reserved 1114112K
  class space    used 9759K, committed 10048K, reserved 1048576K
}
Event: 12.235 GC heap before
{Heap before GC invocations=37 (full 0):
 garbage-first heap   total 159744K, used 115906K [0x0000000600000000, 0x0000000800000000)
  region size 4096K, 9 young (36864K), 2 survivors (8192K)
 Metaspace       used 70512K, committed 71232K, reserved 1114112K
  class space    used 9984K, committed 10368K, reserved 1048576K
}

Deoptimization events (20 events):
Event: 11.929 Thread 0x0000018145b06580 DEOPT PACKING pc=0x00000180dadd61ec sp=0x0000005b4cbf8bd0
Event: 11.929 Thread 0x0000018145b06580 DEOPT UNPACKING pc=0x00000180da4b23a3 sp=0x0000005b4cbf8ae8 mode 2
Event: 11.929 Thread 0x0000018145b06580 Uncommon trap: trap_request=0xffffff45 fr.pc=0x00000180dadcefcc relative=0x000000000000020c
Event: 11.929 Thread 0x0000018145b06580 Uncommon trap: reason=unstable_if action=reinterpret pc=0x00000180dadcefcc method=com.google.common.collect.MapMakerInternalMap$Segment.getEntry(Ljava/lang/Object;I)Lcom/google/common/collect/MapMakerInternalMap$InternalEntry; @ 40 c2
Event: 11.929 Thread 0x0000018145b06580 DEOPT PACKING pc=0x00000180dadcefcc sp=0x0000005b4cbf8050
Event: 11.929 Thread 0x0000018145b06580 DEOPT UNPACKING pc=0x00000180da4b23a3 sp=0x0000005b4cbf7ff8 mode 2
Event: 11.976 Thread 0x0000018145b06580 DEOPT PACKING pc=0x00000180cb780c23 sp=0x0000005b4cbefd30
Event: 11.976 Thread 0x0000018145b06580 DEOPT UNPACKING pc=0x00000180da4b2b43 sp=0x0000005b4cbef280 mode 0
Event: 11.991 Thread 0x0000018145b06580 Uncommon trap: trap_request=0xffffffde fr.pc=0x00000180dad5a24c relative=0x000000000000562c
Event: 11.991 Thread 0x0000018145b06580 Uncommon trap: reason=class_check action=maybe_recompile pc=0x00000180dad5a24c method=java.util.jar.JarFile.getManifestFromReference()Ljava/util/jar/Manifest; @ 152 c2
Event: 11.992 Thread 0x0000018145b06580 DEOPT PACKING pc=0x00000180dad5a24c sp=0x0000005b4cbf4080
Event: 11.992 Thread 0x0000018145b06580 DEOPT UNPACKING pc=0x00000180da4b23a3 sp=0x0000005b4cbf3ef8 mode 2
Event: 12.046 Thread 0x0000018145b06580 Uncommon trap: trap_request=0xffffffde fr.pc=0x00000180dad5a24c relative=0x000000000000562c
Event: 12.046 Thread 0x0000018145b06580 Uncommon trap: reason=class_check action=maybe_recompile pc=0x00000180dad5a24c method=java.util.jar.JarFile.getManifestFromReference()Ljava/util/jar/Manifest; @ 152 c2
Event: 12.046 Thread 0x0000018145b06580 DEOPT PACKING pc=0x00000180dad5a24c sp=0x0000005b4cbf48e0
Event: 12.046 Thread 0x0000018145b06580 DEOPT UNPACKING pc=0x00000180da4b23a3 sp=0x0000005b4cbf4758 mode 2
Event: 12.113 Thread 0x0000018145b06580 Uncommon trap: trap_request=0xffffffde fr.pc=0x00000180dad5a24c relative=0x000000000000562c
Event: 12.113 Thread 0x0000018145b06580 Uncommon trap: reason=class_check action=maybe_recompile pc=0x00000180dad5a24c method=java.util.jar.JarFile.getManifestFromReference()Ljava/util/jar/Manifest; @ 152 c2
Event: 12.113 Thread 0x0000018145b06580 DEOPT PACKING pc=0x00000180dad5a24c sp=0x0000005b4cbf4030
Event: 12.113 Thread 0x0000018145b06580 DEOPT UNPACKING pc=0x00000180da4b23a3 sp=0x0000005b4cbf3ea8 mode 2

Classes unloaded (0 events):
No events

Classes redefined (0 events):
No events

Internal exceptions (20 events):
Event: 11.774 Thread 0x0000018145b06580 Exception <a 'java/lang/ClassNotFoundException'{0x00000006086ef018}: native_plugin_loader_6bm8pvj3roj91mqqwfltun3x2BeanInfo> (0x00000006086ef018) 
thrown [s\open\src\hotspot\share\classfile\systemDictionary.cpp, line 256]
Event: 11.774 Thread 0x0000018145b06580 Exception <a 'java/lang/ClassNotFoundException'{0x0000000608703840}: org/gradle/groovy/scripts/DefaultScriptBeanInfo> (0x0000000608703840) 
thrown [s\open\src\hotspot\share\classfile\systemDictionary.cpp, line 256]
Event: 11.775 Thread 0x0000018145b06580 Exception <a 'java/lang/ClassNotFoundException'{0x0000000608718980}: org/gradle/groovy/scripts/BasicScriptBeanInfo> (0x0000000608718980) 
thrown [s\open\src\hotspot\share\classfile\systemDictionary.cpp, line 256]
Event: 11.776 Thread 0x0000018145b06580 Exception <a 'java/lang/ClassNotFoundException'{0x000000060872dfb0}: org/gradle/groovy/scripts/ScriptBeanInfo> (0x000000060872dfb0) 
thrown [s\open\src\hotspot\share\classfile\systemDictionary.cpp, line 256]
Event: 11.776 Thread 0x0000018145b06580 Exception <a 'java/lang/ClassNotFoundException'{0x0000000608751790}: groovy/lang/ScriptBeanInfo> (0x0000000608751790) 
thrown [s\open\src\hotspot\share\classfile\systemDictionary.cpp, line 256]
Event: 11.777 Thread 0x0000018145b06580 Exception <a 'java/lang/ClassNotFoundException'{0x0000000608774498}: groovy/lang/ScriptCustomizer> (0x0000000608774498) 
thrown [s\open\src\hotspot\share\classfile\systemDictionary.cpp, line 256]
Event: 11.779 Thread 0x0000018145b06580 Exception <a 'java/lang/ClassNotFoundException'{0x0000000608791498}: org/gradle/groovy/scripts/ScriptCustomizer> (0x0000000608791498) 
thrown [s\open\src\hotspot\share\classfile\systemDictionary.cpp, line 256]
Event: 11.780 Thread 0x0000018145b06580 Exception <a 'java/lang/ClassNotFoundException'{0x00000006087ac9a0}: org/gradle/groovy/scripts/BasicScriptCustomizer> (0x00000006087ac9a0) 
thrown [s\open\src\hotspot\share\classfile\systemDictionary.cpp, line 256]
Event: 11.782 Thread 0x0000018145b06580 Exception <a 'java/lang/ClassNotFoundException'{0x00000006087cdd18}: org/gradle/groovy/scripts/DefaultScriptCustomizer> (0x00000006087cdd18) 
thrown [s\open\src\hotspot\share\classfile\systemDictionary.cpp, line 256]
Event: 11.784 Thread 0x0000018145b06580 Exception <a 'java/lang/ClassNotFoundException'{0x00000006087f1f18}: native_plugin_loader_6bm8pvj3roj91mqqwfltun3x2Customizer> (0x00000006087f1f18) 
thrown [s\open\src\hotspot\share\classfile\systemDictionary.cpp, line 256]
Event: 11.790 Thread 0x0000018145b06580 Exception <a 'java/lang/ClassNotFoundException'{0x000000060783cf58}: org/gradle/internal/metaobject/ConfigureDelegateBeanInfo> (0x000000060783cf58) 
thrown [s\open\src\hotspot\share\classfile\systemDictionary.cpp, line 256]
Event: 11.791 Thread 0x0000018145b06580 Exception <a 'java/lang/ClassNotFoundException'{0x00000006078512f0}: org/gradle/internal/metaobject/ConfigureDelegateCustomizer> (0x00000006078512f0) 
thrown [s\open\src\hotspot\share\classfile\systemDictionary.cpp, line 256]
Event: 11.795 Thread 0x0000018145b06580 Exception <a 'java/lang/ClassNotFoundException'{0x0000000607887128}: NativePluginLoaderBeanInfo> (0x0000000607887128) 
thrown [s\open\src\hotspot\share\classfile\systemDictionary.cpp, line 256]
Event: 11.796 Thread 0x0000018145b06580 Exception <a 'java/lang/ClassNotFoundException'{0x0000000607890bd8}: NativePluginLoaderCustomizer> (0x0000000607890bd8) 
thrown [s\open\src\hotspot\share\classfile\systemDictionary.cpp, line 256]
Event: 11.805 Thread 0x0000018145b06580 Exception <a 'java/lang/ClassNotFoundException'{0x00000006079ec560}: java/util/ArrayListBeanInfo> (0x00000006079ec560) 
thrown [s\open\src\hotspot\share\classfile\systemDictionary.cpp, line 256]
Event: 11.805 Thread 0x0000018145b06580 Exception <a 'java/lang/ClassNotFoundException'{0x00000006079f3158}: java/util/AbstractListBeanInfo> (0x00000006079f3158) 
thrown [s\open\src\hotspot\share\classfile\systemDictionary.cpp, line 256]
Event: 11.806 Thread 0x0000018145b06580 Exception <a 'java/lang/ClassNotFoundException'{0x00000006079f9dd8}: java/util/AbstractCollectionBeanInfo> (0x00000006079f9dd8) 
thrown [s\open\src\hotspot\share\classfile\systemDictionary.cpp, line 256]
Event: 11.806 Thread 0x0000018145b06580 Exception <a 'java/lang/ClassNotFoundException'{0x0000000607a00c90}: java/util/AbstractCollectionCustomizer> (0x0000000607a00c90) 
thrown [s\open\src\hotspot\share\classfile\systemDictionary.cpp, line 256]
Event: 11.807 Thread 0x0000018145b06580 Exception <a 'java/lang/ClassNotFoundException'{0x0000000607a11308}: java/util/AbstractListCustomizer> (0x0000000607a11308) 
thrown [s\open\src\hotspot\share\classfile\systemDictionary.cpp, line 256]
Event: 11.808 Thread 0x0000018145b06580 Exception <a 'java/lang/ClassNotFoundException'{0x0000000607a236d8}: java/util/ArrayListCustomizer> (0x0000000607a236d8) 
thrown [s\open\src\hotspot\share\classfile\systemDictionary.cpp, line 256]

VM Operations (20 events):
Event: 11.466 Executing VM operation: HandshakeAllThreads done
Event: 11.493 Executing VM operation: G1TryInitiateConcMark
Event: 11.498 Executing VM operation: G1TryInitiateConcMark done
Event: 11.555 Executing VM operation: G1Concurrent
Event: 11.558 Executing VM operation: G1Concurrent done
Event: 11.579 Executing VM operation: G1Concurrent
Event: 11.579 Executing VM operation: G1Concurrent done
Event: 11.640 Executing VM operation: HandshakeAllThreads
Event: 11.640 Executing VM operation: HandshakeAllThreads done
Event: 11.642 Executing VM operation: HandshakeAllThreads
Event: 11.642 Executing VM operation: HandshakeAllThreads done
Event: 11.647 Executing VM operation: HandshakeAllThreads
Event: 11.648 Executing VM operation: HandshakeAllThreads done
Event: 11.745 Executing VM operation: HandshakeAllThreads
Event: 11.745 Executing VM operation: HandshakeAllThreads done
Event: 11.922 Executing VM operation: G1CollectForAllocation
Event: 11.927 Executing VM operation: G1CollectForAllocation done
Event: 12.099 Executing VM operation: HandshakeAllThreads
Event: 12.100 Executing VM operation: HandshakeAllThreads done
Event: 12.235 Executing VM operation: G1CollectForAllocation

Events (20 events):
Event: 11.806 loading class java/util/AbstractCollectionBeanInfo
Event: 11.806 loading class java/util/AbstractCollectionBeanInfo done
Event: 11.806 loading class java/util/AbstractCollectionCustomizer
Event: 11.806 loading class java/util/AbstractCollectionCustomizer done
Event: 11.806 loading class java/util/AbstractCollectionCustomizer
Event: 11.806 loading class java/util/AbstractCollectionCustomizer done
Event: 11.806 loading class sun/reflect/generics/reflectiveObjects/GenericArrayTypeImpl
Event: 11.806 loading class sun/reflect/generics/reflectiveObjects/GenericArrayTypeImpl done
Event: 11.807 loading class java/util/AbstractListCustomizer
Event: 11.807 loading class java/util/AbstractListCustomizer done
Event: 11.807 loading class java/util/AbstractListCustomizer
Event: 11.807 loading class java/util/AbstractListCustomizer done
Event: 11.808 loading class java/util/ArrayListCustomizer
Event: 11.808 loading class java/util/ArrayListCustomizer done
Event: 11.808 loading class java/util/ArrayListCustomizer
Event: 11.808 loading class java/util/ArrayListCustomizer done
Event: 12.088 loading class java/util/concurrent/LinkedBlockingDeque$Itr
Event: 12.088 loading class java/util/concurrent/LinkedBlockingDeque$AbstractItr
Event: 12.089 loading class java/util/concurrent/LinkedBlockingDeque$AbstractItr done
Event: 12.089 loading class java/util/concurrent/LinkedBlockingDeque$Itr done


Dynamic libraries:
0x00007ff606580000 - 0x00007ff606590000 	C:\Program Files\Java\jdk-17\bin\java.exe
0x00007ffc14830000 - 0x00007ffc14a47000 	C:\WINDOWS\SYSTEM32\ntdll.dll
0x00007ffc13d60000 - 0x00007ffc13e24000 	C:\WINDOWS\System32\KERNEL32.DLL
0x00007ffc11c00000 - 0x00007ffc11fd3000 	C:\WINDOWS\System32\KERNELBASE.dll
0x00007ffc11a60000 - 0x00007ffc11b71000 	C:\WINDOWS\System32\ucrtbase.dll
0x00007ffbe1b60000 - 0x00007ffbe1b7b000 	C:\Program Files\Java\jdk-17\bin\VCRUNTIME140.dll
0x00007ffbc32b0000 - 0x00007ffbc32c9000 	C:\Program Files\Java\jdk-17\bin\jli.dll
0x00007ffc13280000 - 0x00007ffc13331000 	C:\WINDOWS\System32\ADVAPI32.dll
0x00007ffc134e0000 - 0x00007ffc13587000 	C:\WINDOWS\System32\msvcrt.dll
0x00007ffc12940000 - 0x00007ffc129e7000 	C:\WINDOWS\System32\sechost.dll
0x00007ffc12490000 - 0x00007ffc124b8000 	C:\WINDOWS\System32\bcrypt.dll
0x00007ffc13720000 - 0x00007ffc13834000 	C:\WINDOWS\System32\RPCRT4.dll
0x00007ffc12e90000 - 0x00007ffc13041000 	C:\WINDOWS\System32\USER32.dll
0x00007ffc12230000 - 0x00007ffc12256000 	C:\WINDOWS\System32\win32u.dll
0x00007ffbfd280000 - 0x00007ffbfd51b000 	C:\WINDOWS\WinSxS\amd64_microsoft.windows.common-controls_6595b64144ccf1df_6.0.22621.5262_none_2712bde373830908\COMCTL32.dll
0x00007ffc13a80000 - 0x00007ffc13aa9000 	C:\WINDOWS\System32\GDI32.dll
0x00007ffc12100000 - 0x00007ffc12222000 	C:\WINDOWS\System32\gdi32full.dll
0x00007ffc12060000 - 0x00007ffc120fa000 	C:\WINDOWS\System32\msvcp_win.dll
0x00007ffc0f2b0000 - 0x00007ffc0f2ba000 	C:\WINDOWS\SYSTEM32\VERSION.dll
0x00007ffc13340000 - 0x00007ffc13371000 	C:\WINDOWS\System32\IMM32.DLL
0x00007ffbe1c80000 - 0x00007ffbe1c8c000 	C:\Program Files\Java\jdk-17\bin\vcruntime140_1.dll
0x00007ffbc73f0000 - 0x00007ffbc747e000 	C:\Program Files\Java\jdk-17\bin\msvcp140.dll
0x00007ffba35c0000 - 0x00007ffba41a0000 	C:\Program Files\Java\jdk-17\bin\server\jvm.dll
0x00007ffc12860000 - 0x00007ffc12868000 	C:\WINDOWS\System32\PSAPI.DLL
0x00007ffbe7a80000 - 0x00007ffbe7a89000 	C:\WINDOWS\SYSTEM32\WSOCK32.dll
0x00007ffc09fa0000 - 0x00007ffc09fd4000 	C:\WINDOWS\SYSTEM32\WINMM.dll
0x00007ffc12870000 - 0x00007ffc128e1000 	C:\WINDOWS\System32\WS2_32.dll
0x00007ffc10930000 - 0x00007ffc10948000 	C:\WINDOWS\SYSTEM32\kernel.appcore.dll
0x00007ffbe1c10000 - 0x00007ffbe1c1a000 	C:\Program Files\Java\jdk-17\bin\jimage.dll
0x00007ffc087f0000 - 0x00007ffc08a22000 	C:\WINDOWS\SYSTEM32\DBGHELP.DLL
0x00007ffc124c0000 - 0x00007ffc12853000 	C:\WINDOWS\System32\combase.dll
0x00007ffc13100000 - 0x00007ffc131d7000 	C:\WINDOWS\System32\OLEAUT32.dll
0x00007ffbfc050000 - 0x00007ffbfc082000 	C:\WINDOWS\SYSTEM32\dbgcore.DLL
0x00007ffc11fe0000 - 0x00007ffc1205b000 	C:\WINDOWS\System32\bcryptPrimitives.dll
0x00007ffc0f2d0000 - 0x00007ffc0f2de000 	C:\Program Files\Java\jdk-17\bin\instrument.dll
0x00007ffbaa190000 - 0x00007ffbaa1b5000 	C:\Program Files\Java\jdk-17\bin\java.dll
0x00007ffba8d00000 - 0x00007ffba8dd7000 	C:\Program Files\Java\jdk-17\bin\jsvml.dll
0x00007ffc13e30000 - 0x00007ffc146cd000 	C:\WINDOWS\System32\SHELL32.dll
0x00007ffc11920000 - 0x00007ffc11a5f000 	C:\WINDOWS\System32\wintypes.dll
0x00007ffc0f810000 - 0x00007ffc1012d000 	C:\WINDOWS\SYSTEM32\windows.storage.dll
0x00007ffc13590000 - 0x00007ffc1369b000 	C:\WINDOWS\System32\SHCORE.dll
0x00007ffc13ab0000 - 0x00007ffc13b16000 	C:\WINDOWS\System32\shlwapi.dll
0x00007ffc11850000 - 0x00007ffc1187b000 	C:\WINDOWS\SYSTEM32\profapi.dll
0x00007ffbaac40000 - 0x00007ffbaac58000 	C:\Program Files\Java\jdk-17\bin\zip.dll
0x00007ffbb5cf0000 - 0x00007ffbb5d09000 	C:\Program Files\Java\jdk-17\bin\net.dll
0x00007ffc0cdf0000 - 0x00007ffc0cf1c000 	C:\WINDOWS\SYSTEM32\WINHTTP.dll
0x00007ffc10dc0000 - 0x00007ffc10e2a000 	C:\WINDOWS\system32\mswsock.dll
0x00007ffbb4860000 - 0x00007ffbb4876000 	C:\Program Files\Java\jdk-17\bin\nio.dll
0x00007ffba9280000 - 0x00007ffba9290000 	C:\Program Files\Java\jdk-17\bin\verify.dll
0x00007ffbc43f0000 - 0x00007ffbc4417000 	C:\Users\ARRIDHO FADHIL A\.gradle\native\c067742578af261105cb4f569cf0c3c89f3d7b1fecec35dd04571415982c5e48\windows-amd64\native-platform.dll
0x00007ffbc2e10000 - 0x00007ffbc2f54000 	C:\Users\ARRIDHO FADHIL A\.gradle\native\100fb08df4bc3b14c8652ba06237920a3bd2aa13389f12d3474272988ae205f9\windows-amd64\native-platform-file-events.dll
0x00007ffbf3900000 - 0x00007ffbf390a000 	C:\Program Files\Java\jdk-17\bin\management.dll
0x00007ffbf37d0000 - 0x00007ffbf37db000 	C:\Program Files\Java\jdk-17\bin\management_ext.dll
0x00007ffc11040000 - 0x00007ffc1105b000 	C:\WINDOWS\SYSTEM32\CRYPTSP.dll
0x00007ffc10890000 - 0x00007ffc108c7000 	C:\WINDOWS\system32\rsaenh.dll
0x00007ffc10ed0000 - 0x00007ffc10ef8000 	C:\WINDOWS\SYSTEM32\USERENV.dll
0x00007ffc11030000 - 0x00007ffc1103c000 	C:\WINDOWS\SYSTEM32\CRYPTBASE.dll
0x00007ffc10390000 - 0x00007ffc103bd000 	C:\WINDOWS\SYSTEM32\IPHLPAPI.DLL
0x00007ffc13270000 - 0x00007ffc13279000 	C:\WINDOWS\System32\NSI.dll
0x00007ffc0d0f0000 - 0x00007ffc0d109000 	C:\WINDOWS\SYSTEM32\dhcpcsvc6.DLL
0x00007ffc0c800000 - 0x00007ffc0c81f000 	C:\WINDOWS\SYSTEM32\dhcpcsvc.DLL
0x00007ffc103c0000 - 0x00007ffc104b8000 	C:\WINDOWS\SYSTEM32\DNSAPI.dll
0x00007ffc0f2c0000 - 0x00007ffc0f2ce000 	C:\Program Files\Java\jdk-17\bin\sunmscapi.dll
0x00007ffc12260000 - 0x00007ffc123c7000 	C:\WINDOWS\System32\CRYPT32.dll
0x00007ffc111f0000 - 0x00007ffc1121d000 	C:\WINDOWS\SYSTEM32\ncrypt.dll
0x00007ffc111b0000 - 0x00007ffc111e7000 	C:\WINDOWS\SYSTEM32\NTASN1.dll
0x00007ffba3190000 - 0x00007ffba3198000 	C:\WINDOWS\system32\wshunix.dll
0x00007ffbf3b30000 - 0x00007ffbf3b47000 	C:\WINDOWS\system32\napinsp.dll
0x00007ffbf3b50000 - 0x00007ffbf3b6b000 	C:\WINDOWS\system32\pnrpnsp.dll
0x00007ffbf3b10000 - 0x00007ffbf3b21000 	C:\WINDOWS\System32\winrnr.dll
0x00007ffc098b0000 - 0x00007ffc098cf000 	C:\WINDOWS\system32\wshbth.dll
0x00007ffbf37a0000 - 0x00007ffbf37c1000 	C:\WINDOWS\system32\nlansp_c.dll
0x00007ffc09330000 - 0x00007ffc0933a000 	C:\Windows\System32\rasadhlp.dll
0x00007ffc09ac0000 - 0x00007ffc09b43000 	C:\WINDOWS\System32\fwpuclnt.dll

dbghelp: loaded successfully - version: 4.0.5 - missing functions: none
symbol engine: initialized successfully - sym options: 0x614 - pdb path: .;C:\Program Files\Java\jdk-17\bin;C:\WINDOWS\SYSTEM32;C:\WINDOWS\WinSxS\amd64_microsoft.windows.common-controls_6595b64144ccf1df_6.0.22621.5262_none_2712bde373830908;C:\Program Files\Java\jdk-17\bin\server;C:\Users\ARRIDHO FADHIL A\.gradle\native\c067742578af261105cb4f569cf0c3c89f3d7b1fecec35dd04571415982c5e48\windows-amd64;C:\Users\ARRIDHO FADHIL A\.gradle\native\100fb08df4bc3b14c8652ba06237920a3bd2aa13389f12d3474272988ae205f9\windows-amd64

VM Arguments:
jvm_args: -XX:MaxMetaspaceSize=4G -XX:ReservedCodeCacheSize=512m -XX:+HeapDumpOnOutOfMemoryError --add-opens=java.base/java.util=ALL-UNNAMED --add-opens=java.base/java.lang=ALL-UNNAMED --add-opens=java.base/java.lang.invoke=ALL-UNNAMED --add-opens=java.prefs/java.util.prefs=ALL-UNNAMED --add-exports=jdk.compiler/com.sun.tools.javac.api=ALL-UNNAMED --add-exports=jdk.compiler/com.sun.tools.javac.util=ALL-UNNAMED --add-opens=java.base/java.nio.charset=ALL-UNNAMED --add-opens=java.base/java.net=ALL-UNNAMED --add-opens=java.base/java.util.concurrent.atomic=ALL-UNNAMED -Xmx8G -Dfile.encoding=windows-1252 -Duser.country=US -Duser.language=en -Duser.variant -javaagent:C:\Users\ARRIDHO FADHIL A\.gradle\wrapper\dists\gradle-8.10.2-all\7iv73wktx1xtkvlq19urqw1wm\gradle-8.10.2\lib\agents\gradle-instrumentation-agent-8.10.2.jar 
java_command: org.gradle.launcher.daemon.bootstrap.GradleDaemon 8.10.2
java_class_path (initial): C:\Users\ARRIDHO FADHIL A\.gradle\wrapper\dists\gradle-8.10.2-all\7iv73wktx1xtkvlq19urqw1wm\gradle-8.10.2\lib\gradle-daemon-main-8.10.2.jar
Launcher Type: SUN_STANDARD

[Global flags]
     intx CICompilerCount                          = 4                                         {product} {ergonomic}
     uint ConcGCThreads                            = 2                                         {product} {ergonomic}
     uint G1ConcRefinementThreads                  = 8                                         {product} {ergonomic}
   size_t G1HeapRegionSize                         = 4194304                                   {product} {ergonomic}
    uintx GCDrainStackTargetSize                   = 64                                        {product} {ergonomic}
     bool HeapDumpOnOutOfMemoryError               = true                                   {manageable} {command line}
   size_t InitialHeapSize                          = 100663296                                 {product} {ergonomic}
   size_t MarkStackSize                            = 4194304                                   {product} {ergonomic}
   size_t MaxHeapSize                              = 8589934592                                {product} {command line}
   size_t MaxMetaspaceSize                         = 4294967296                                {product} {command line}
   size_t MaxNewSize                               = 5150605312                                {product} {ergonomic}
   size_t MinHeapDeltaBytes                        = 4194304                                   {product} {ergonomic}
   size_t MinHeapSize                              = 8388608                                   {product} {ergonomic}
    uintx NonNMethodCodeHeapSize                   = 5839372                                {pd product} {ergonomic}
    uintx NonProfiledCodeHeapSize                  = 265515770                              {pd product} {ergonomic}
    uintx ProfiledCodeHeapSize                     = 265515770                              {pd product} {ergonomic}
    uintx ReservedCodeCacheSize                    = 536870912                              {pd product} {command line}
     bool SegmentedCodeCache                       = true                                      {product} {ergonomic}
   size_t SoftMaxHeapSize                          = 8589934592                             {manageable} {ergonomic}
   double SweeperThreshold                         = 0.234375                                  {product} {ergonomic}
     bool UseCompressedClassPointers               = true                           {product lp64_product} {ergonomic}
     bool UseCompressedOops                        = true                           {product lp64_product} {ergonomic}
     bool UseG1GC                                  = true                                      {product} {ergonomic}
     bool UseLargePagesIndividualAllocation        = false                                  {pd product} {ergonomic}

Logging:
Log output configuration:
 #0: stdout all=warning uptime,level,tags
 #1: stderr all=off uptime,level,tags

Environment Variables:
JAVA_HOME=C:\Program Files\Java\jdk-17
CLASSPATH=C:\android\flutterProjects\news_portal\android\\gradle\wrapper\gradle-wrapper.jar
PATH=C:\Python312\Scripts\;C:\Python312\;C:\WINDOWS\system32;C:\WINDOWS;C:\WINDOWS\System32\Wbem;C:\WINDOWS\System32\WindowsPowerShell\v1.0\;C:\WINDOWS\System32\OpenSSH\;C:\Program Files\dotnet\;C:\ProgramData\chocolatey\bin;C:\Users\ARRIDHO FADHIL A\Documents\xampp\php;C:\ProgramData\ComposerSetup\bin;C:\Program Files\Git\cmd;C:\Program Files\swipl\bin;C:\Users\ARRIDHO FADHIL A\AppData\Roaming\nvm;C:\Program Files\nodejs;C:\Program Files\Docker\Docker\resources\bin;C:\Windows;C:\Program Files\CMake\bin;C:\Program Files\Java\jdk-17\bin;C:\Python312\Scripts\;C:\Python312\;C:\oracleapp\dbhomeXE\bin;C:\WINDOWS\system32;C:\WINDOWS;C:\WINDOWS\System32\Wbem;C:\WINDOWS\System32\WindowsPowerShell\v1.0\;C:\WINDOWS\System32\OpenSSH\;C:\Program Files\dotnet\;C:\ProgramData\chocolatey\bin;C:\Users\ARRIDHO FADHIL A\Documents\xampp\php;C:\ProgramData\ComposerSetup\bin;C:\Program Files\Git\cmd;C:\Program Files\swipl\bin;C:\Users\ARRIDHO FADHIL A\AppData\Roaming\nvm;C:\Program Files\nodejs;C:\Program Files\Docker\Docker\resources\bin;C:\Users\ARRIDHO FADHIL A\AppData\Local\Programs\Python\Python311\Scripts\;C:\Users\ARRIDHO FADHIL A\AppData\Local\Programs\Python\Python311\;C:\Users\ARRIDHO FADHIL A\AppData\Local\Microsoft\WindowsApps;C:\Users\ARRIDHO FADHIL A\AppData\Local\Programs\Microsoft VS Code\bin;C:\MinGW\bin;C:\Exercism;C:\Users\ARRIDHO FADHIL A\AppData\Local\gitkraken\bin;C:\Users\ARRIDHO FADHIL A\AppData\Roaming\Composer\vendor\bin;C:\Users\ARRIDHO FADHIL A\AppDat;C:\Users\ARRIDHO FADHIL A\AppData\Roaming\npm;C:\Users\ARRIDHO FADHIL A\AppData\Local\Android\Sdk\platform-tools;C:\Users\ARRIDHO FADHIL A\AppData\Local\Android\Sdk\emulator;C:\Program Files\Apache\Maven\apache-maven-3.9.9\bin;C:\android\flutter\bin;
USERNAME=ARRIDHO FADHIL A
OS=Windows_NT
PROCESSOR_IDENTIFIER=AMD64 Family 23 Model 104 Stepping 1, AuthenticAMD



---------------  S Y S T E M  ---------------

OS:
 Windows 11 , 64 bit Build 22621 (10.0.22621.5262)
OS uptime: 0 days 0:49 hours
Hyper-V role detected

CPU: total 8 (initial active 8) (8 cores per cpu, 2 threads per core) family 23 model 104 stepping 1 microcode 0x0, cx8, cmov, fxsr, ht, mmx, 3dnowpref, sse, sse2, sse3, ssse3, sse4a, sse4.1, sse4.2, popcnt, lzcnt, tsc, tscinvbit, avx, avx2, aes, clmul, bmi1, bmi2, adx, sha, fma, vzeroupper, clflush, clflushopt, hv

Memory: 4k page, system-wide physical 6005M (251M free)
TotalPageFile size 14169M (AvailPageFile size 17M)
current process WorkingSet (physical memory assigned to process): 371M, peak: 373M
current process commit charge ("private bytes"): 413M, peak: 569M

vm_info: Java HotSpot(TM) 64-Bit Server VM (17.0.12+8-LTS-286) for windows-amd64 JRE (17.0.12+8-LTS-286), built on Jun  5 2024 06:46:59 by "mach5one" with MS VC++ 17.6 (VS2022)

END.
