#
# There is insufficient memory for the Java Runtime Environment to continue.
# Native memory allocation (malloc) failed to allocate 65552 bytes. Error detail: Chunk::new
# Possible reasons:
#   The system is out of physical RAM or swap space
#   This process is running with CompressedOops enabled, and the Java Heap may be blocking the growth of the native heap
# Possible solutions:
#   Reduce memory load on the system
#   Increase physical memory or swap space
#   Check if swap backing store is full
#   Decrease Java heap size (-Xmx/-Xms)
#   Decrease number of Java threads
#   Decrease Java thread stack sizes (-Xss)
#   Set larger code cache with -XX:ReservedCodeCacheSize=
#   JVM is running with Zero Based Compressed Oops mode in which the Java heap is
#     placed in the first 32GB address space. The Java Heap base address is the
#     maximum limit for the native heap growth. Please use -XX:HeapBaseMinAddress
#     to set the Java Heap base and to place the Java Heap above 32GB virtual address.
# This output file may be truncated or incomplete.
#
#  Out of Memory Error (arena.cpp:168), pid=6060, tid=12520
#
# JRE version: OpenJDK Runtime Environment (21.0.4) (build 21.0.4+-12508038-b607.1)
# Java VM: OpenJDK 64-Bit Server VM (21.0.4+-12508038-b607.1, mixed mode, tiered, compressed oops, compressed class ptrs, g1 gc, windows-amd64)
# No core dump will be written. Minidumps are not enabled by default on client versions of Windows
#

---------------  S U M M A R Y ------------

Command Line: -XX:MaxMetaspaceSize=4G -XX:ReservedCodeCacheSize=512m -XX:+HeapDumpOnOutOfMemoryError --add-opens=java.base/java.util=ALL-UNNAMED --add-opens=java.base/java.lang=ALL-UNNAMED --add-opens=java.base/java.lang.invoke=ALL-UNNAMED --add-opens=java.prefs/java.util.prefs=ALL-UNNAMED --add-exports=jdk.compiler/com.sun.tools.javac.api=ALL-UNNAMED --add-exports=jdk.compiler/com.sun.tools.javac.util=ALL-UNNAMED --add-opens=java.base/java.nio.charset=ALL-UNNAMED --add-opens=java.base/java.net=ALL-UNNAMED --add-opens=java.base/java.util.concurrent.atomic=ALL-UNNAMED -Xmx8G -Dfile.encoding=UTF-8 -Duser.country=US -Duser.language=en -Duser.variant -javaagent:C:\Users\ARRIDHO FADHIL A\.gradle\wrapper\dists\gradle-8.10.2-all\7iv73wktx1xtkvlq19urqw1wm\gradle-8.10.2\lib\agents\gradle-instrumentation-agent-8.10.2.jar org.gradle.launcher.daemon.bootstrap.GradleDaemon 8.10.2

Host: AMD Ryzen 3 5300U with Radeon Graphics         , 8 cores, 5G,  Windows 11 , 64 bit Build 22621 (10.0.22621.5262)
Time: Sat May 17 03:10:13 2025 SE Asia Standard Time elapsed time: 11.247121 seconds (0d 0h 0m 11s)

---------------  T H R E A D  ---------------

Current thread (0x0000026e740d4570):  JavaThread "C2 CompilerThread0" daemon [_thread_in_native, id=12520, stack(0x000000bece600000,0x000000bece700000) (1024K)]


Current CompileTask:
C2:  11247 7564       4       java.util.jar.JarFile::getVersionedEntry (133 bytes)

Stack: [0x000000bece600000,0x000000bece700000]
Native frames: (J=compiled Java code, j=interpreted, Vv=VM code, C=native code)
V  [jvm.dll+0x6ce539]
V  [jvm.dll+0x85bf03]
V  [jvm.dll+0x85e45e]
V  [jvm.dll+0x85eb43]
V  [jvm.dll+0x27dd06]
V  [jvm.dll+0xbf9cd]
V  [jvm.dll+0xbff03]
V  [jvm.dll+0xbfaf5]
V  [jvm.dll+0x6abb9c]
V  [jvm.dll+0x658f65]
V  [jvm.dll+0x659358]
V  [jvm.dll+0x659343]
V  [jvm.dll+0x65915a]
V  [jvm.dll+0x658dfc]
V  [jvm.dll+0x6591c4]
V  [jvm.dll+0x658dfc]
V  [jvm.dll+0x6591c4]
V  [jvm.dll+0x658dfc]
V  [jvm.dll+0x65ef0b]
V  [jvm.dll+0x65fde2]
V  [jvm.dll+0x65e19d]
V  [jvm.dll+0x24726f]
V  [jvm.dll+0x2469c1]
V  [jvm.dll+0x1c58a4]
V  [jvm.dll+0x255fec]
V  [jvm.dll+0x254536]
V  [jvm.dll+0x3efab6]
V  [jvm.dll+0x804418]
V  [jvm.dll+0x6cce0d]
C  [ucrtbase.dll+0x29333]
C  [KERNEL32.DLL+0x1259d]
C  [ntdll.dll+0x5af58]


---------------  P R O C E S S  ---------------

Threads class SMR info:
_java_thread_list=0x0000026e7c62eb20, length=56, elements={
0x0000026e41c7d1e0, 0x0000026e740cf0f0, 0x0000026e740cfb50, 0x0000026e740ed2f0,
0x0000026e740d1c40, 0x0000026e740d26a0, 0x0000026e740d37e0, 0x0000026e740d4570,
0x0000026e740f5e30, 0x0000026e71636ce0, 0x0000026e74404e20, 0x0000026e79d69610,
0x0000026e7a100650, 0x0000026e7a1852e0, 0x0000026e7a502bd0, 0x0000026e7a5162b0,
0x0000026e7a0e5710, 0x0000026e7a0e49f0, 0x0000026e793114c0, 0x0000026e79311b50,
0x0000026e79313590, 0x0000026e79313c20, 0x0000026e793107a0, 0x0000026e79312870,
0x0000026e793121e0, 0x0000026e79312f00, 0x0000026e7c25ecc0, 0x0000026e7c261ab0,
0x0000026e7c262140, 0x0000026e7c25e630, 0x0000026e7c2627d0, 0x0000026e7c260070,
0x0000026e7c25dfa0, 0x0000026e7c65d4c0, 0x0000026e7c65e870, 0x0000026e7c65db50,
0x0000026e7c663730, 0x0000026e7c65e1e0, 0x0000026e7c660940, 0x0000026e7c663dc0,
0x0000026e7c6602b0, 0x0000026e7c65ce30, 0x0000026e7c662a10, 0x0000026e7c65ef00,
0x0000026e7c664450, 0x0000026e7c65f590, 0x0000026e7c65fc20, 0x0000026e7c660fd0,
0x0000026e7c661660, 0x0000026e7c6630a0, 0x0000026e7c661cf0, 0x0000026e7c662380,
0x0000026e7e184af0, 0x0000026e7e185810, 0x0000026e7e1830b0, 0x0000026e7e185ea0
}

Java Threads: ( => current thread )
  0x0000026e41c7d1e0 JavaThread "main"                              [_thread_blocked, id=9124, stack(0x000000becd800000,0x000000becd900000) (1024K)]
  0x0000026e740cf0f0 JavaThread "Reference Handler"          daemon [_thread_blocked, id=3024, stack(0x000000bece000000,0x000000bece100000) (1024K)]
  0x0000026e740cfb50 JavaThread "Finalizer"                  daemon [_thread_blocked, id=11336, stack(0x000000bece100000,0x000000bece200000) (1024K)]
  0x0000026e740ed2f0 JavaThread "Signal Dispatcher"          daemon [_thread_blocked, id=14128, stack(0x000000bece200000,0x000000bece300000) (1024K)]
  0x0000026e740d1c40 JavaThread "Attach Listener"            daemon [_thread_blocked, id=5660, stack(0x000000bece300000,0x000000bece400000) (1024K)]
  0x0000026e740d26a0 JavaThread "Service Thread"             daemon [_thread_blocked, id=10080, stack(0x000000bece400000,0x000000bece500000) (1024K)]
  0x0000026e740d37e0 JavaThread "Monitor Deflation Thread"   daemon [_thread_blocked, id=2592, stack(0x000000bece500000,0x000000bece600000) (1024K)]
=>0x0000026e740d4570 JavaThread "C2 CompilerThread0"         daemon [_thread_in_native, id=12520, stack(0x000000bece600000,0x000000bece700000) (1024K)]
  0x0000026e740f5e30 JavaThread "C1 CompilerThread0"         daemon [_thread_in_native, id=12528, stack(0x000000bece700000,0x000000bece800000) (1024K)]
  0x0000026e71636ce0 JavaThread "Common-Cleaner"             daemon [_thread_blocked, id=11800, stack(0x000000bece800000,0x000000bece900000) (1024K)]
  0x0000026e74404e20 JavaThread "Notification Thread"        daemon [_thread_blocked, id=6716, stack(0x000000bece900000,0x000000becea00000) (1024K)]
  0x0000026e79d69610 JavaThread "Daemon health stats"               [_thread_blocked, id=5592, stack(0x000000becef00000,0x000000becf000000) (1024K)]
  0x0000026e7a100650 JavaThread "Incoming local TCP Connector on port 50488"        [_thread_in_native, id=13636, stack(0x000000becf000000,0x000000becf100000) (1024K)]
  0x0000026e7a1852e0 JavaThread "Daemon periodic checks"            [_thread_blocked, id=7112, stack(0x000000becf100000,0x000000becf200000) (1024K)]
  0x0000026e7a502bd0 JavaThread "Daemon"                            [_thread_blocked, id=13944, stack(0x000000becf200000,0x000000becf300000) (1024K)]
  0x0000026e7a5162b0 JavaThread "Handler for socket connection from /127.0.0.1:50488 to /127.0.0.1:50489"        [_thread_in_native, id=3044, stack(0x000000becf300000,0x000000becf400000) (1024K)]
  0x0000026e7a0e5710 JavaThread "Cancel handler"                    [_thread_blocked, id=13232, stack(0x000000becf400000,0x000000becf500000) (1024K)]
  0x0000026e7a0e49f0 JavaThread "Daemon worker"                     [_thread_in_Java, id=6180, stack(0x000000becf500000,0x000000becf600000) (1024K)]
  0x0000026e793114c0 JavaThread "Asynchronous log dispatcher for DefaultDaemonConnection: socket connection from /127.0.0.1:50488 to /127.0.0.1:50489"        [_thread_blocked, id=2212, stack(0x000000becf600000,0x000000becf700000) (1024K)]
  0x0000026e79311b50 JavaThread "Stdin handler"                     [_thread_blocked, id=5996, stack(0x000000becf700000,0x000000becf800000) (1024K)]
  0x0000026e79313590 JavaThread "Daemon client event forwarder"        [_thread_blocked, id=11508, stack(0x000000becf800000,0x000000becf900000) (1024K)]
  0x0000026e79313c20 JavaThread "Cache worker for journal cache (C:\Users\ARRIDHO FADHIL A\.gradle\caches\journal-1)"        [_thread_blocked, id=5508, stack(0x000000becfd00000,0x000000becfe00000) (1024K)]
  0x0000026e793107a0 JavaThread "File lock request listener"        [_thread_in_native, id=11364, stack(0x000000becfe00000,0x000000becff00000) (1024K)]
  0x0000026e79312870 JavaThread "Cache worker for file hash cache (C:\Users\ARRIDHO FADHIL A\.gradle\caches\8.10.2\fileHashes)"        [_thread_blocked, id=6004, stack(0x000000becff00000,0x000000bed0000000) (1024K)]
  0x0000026e793121e0 JavaThread "Cache worker for file hash cache (C:\Users\ARRIDHO FADHIL A\Documents\Anjay Ngoding\flutter\news_portal\android\.gradle\8.10.2\fileHashes)"        [_thread_blocked, id=2444, stack(0x000000bed0000000,0x000000bed0100000) (1024K)]
  0x0000026e79312f00 JavaThread "Cache worker for Build Output Cleanup Cache (C:\Users\ARRIDHO FADHIL A\Documents\Anjay Ngoding\flutter\news_portal\android\.gradle\buildOutputCleanup)"        [_thread_blocked, id=7760, stack(0x000000bed0100000,0x000000bed0200000) (1024K)]
  0x0000026e7c25ecc0 JavaThread "File watcher server"        daemon [_thread_in_native, id=9600, stack(0x000000bed0200000,0x000000bed0300000) (1024K)]
  0x0000026e7c261ab0 JavaThread "File watcher consumer"      daemon [_thread_blocked, id=15628, stack(0x000000bed0300000,0x000000bed0400000) (1024K)]
  0x0000026e7c262140 JavaThread "Cache worker for checksums cache (C:\Users\ARRIDHO FADHIL A\Documents\Anjay Ngoding\flutter\news_portal\android\.gradle\8.10.2\checksums)"        [_thread_blocked, id=15480, stack(0x000000becee00000,0x000000becef00000) (1024K)]
  0x0000026e7c25e630 JavaThread "Cache worker for file content cache (C:\Users\ARRIDHO FADHIL A\.gradle\caches\8.10.2\fileContent)"        [_thread_blocked, id=7268, stack(0x000000bed0500000,0x000000bed0600000) (1024K)]
  0x0000026e7c2627d0 JavaThread "Cache worker for cache directory md-rule (C:\Users\ARRIDHO FADHIL A\.gradle\caches\8.10.2\md-rule)"        [_thread_blocked, id=11556, stack(0x000000bed0600000,0x000000bed0700000) (1024K)]
  0x0000026e7c260070 JavaThread "Cache worker for cache directory md-supplier (C:\Users\ARRIDHO FADHIL A\.gradle\caches\8.10.2\md-supplier)"        [_thread_blocked, id=3844, stack(0x000000bed0700000,0x000000bed0800000) (1024K)]
  0x0000026e7c25dfa0 JavaThread "Cache worker for Build Output Cleanup Cache (C:\android\flutter\packages\flutter_tools\gradle\.gradle\buildOutputCleanup)"        [_thread_blocked, id=6904, stack(0x000000bed0800000,0x000000bed0900000) (1024K)]
  0x0000026e7c65d4c0 JavaThread "Unconstrained build operations"        [_thread_blocked, id=7700, stack(0x000000bed0400000,0x000000bed0500000) (1024K)]
  0x0000026e7c65e870 JavaThread "Unconstrained build operations Thread 2"        [_thread_blocked, id=10760, stack(0x000000bed0900000,0x000000bed0a00000) (1024K)]
  0x0000026e7c65db50 JavaThread "Unconstrained build operations Thread 3"        [_thread_blocked, id=13872, stack(0x000000bed0a00000,0x000000bed0b00000) (1024K)]
  0x0000026e7c663730 JavaThread "Unconstrained build operations Thread 4"        [_thread_blocked, id=2468, stack(0x000000bed0b00000,0x000000bed0c00000) (1024K)]
  0x0000026e7c65e1e0 JavaThread "Unconstrained build operations Thread 5"        [_thread_blocked, id=6696, stack(0x000000bed0c00000,0x000000bed0d00000) (1024K)]
  0x0000026e7c660940 JavaThread "Unconstrained build operations Thread 6"        [_thread_blocked, id=3112, stack(0x000000bed0d00000,0x000000bed0e00000) (1024K)]
  0x0000026e7c663dc0 JavaThread "Unconstrained build operations Thread 7"        [_thread_blocked, id=9636, stack(0x000000bed0e00000,0x000000bed0f00000) (1024K)]
  0x0000026e7c6602b0 JavaThread "Unconstrained build operations Thread 8"        [_thread_blocked, id=11328, stack(0x000000bed0f00000,0x000000bed1000000) (1024K)]
  0x0000026e7c65ce30 JavaThread "Unconstrained build operations Thread 9"        [_thread_blocked, id=7284, stack(0x000000bed1000000,0x000000bed1100000) (1024K)]
  0x0000026e7c662a10 JavaThread "Unconstrained build operations Thread 10"        [_thread_blocked, id=8996, stack(0x000000bed1100000,0x000000bed1200000) (1024K)]
  0x0000026e7c65ef00 JavaThread "Unconstrained build operations Thread 11"        [_thread_blocked, id=15700, stack(0x000000bed1200000,0x000000bed1300000) (1024K)]
  0x0000026e7c664450 JavaThread "Unconstrained build operations Thread 12"        [_thread_blocked, id=11040, stack(0x000000bed1300000,0x000000bed1400000) (1024K)]
  0x0000026e7c65f590 JavaThread "Unconstrained build operations Thread 13"        [_thread_blocked, id=15016, stack(0x000000bed1400000,0x000000bed1500000) (1024K)]
  0x0000026e7c65fc20 JavaThread "Unconstrained build operations Thread 14"        [_thread_blocked, id=2128, stack(0x000000bed1500000,0x000000bed1600000) (1024K)]
  0x0000026e7c660fd0 JavaThread "Unconstrained build operations Thread 15"        [_thread_blocked, id=12368, stack(0x000000bed1600000,0x000000bed1700000) (1024K)]
  0x0000026e7c661660 JavaThread "Unconstrained build operations Thread 16"        [_thread_blocked, id=9324, stack(0x000000bed1700000,0x000000bed1800000) (1024K)]
  0x0000026e7c6630a0 JavaThread "Unconstrained build operations Thread 17"        [_thread_blocked, id=6564, stack(0x000000bed1800000,0x000000bed1900000) (1024K)]
  0x0000026e7c661cf0 JavaThread "Unconstrained build operations Thread 18"        [_thread_blocked, id=8836, stack(0x000000bed1900000,0x000000bed1a00000) (1024K)]
  0x0000026e7c662380 JavaThread "Unconstrained build operations Thread 19"        [_thread_blocked, id=8032, stack(0x000000bed1a00000,0x000000bed1b00000) (1024K)]
  0x0000026e7e184af0 JavaThread "Unconstrained build operations Thread 20"        [_thread_blocked, id=10552, stack(0x000000bed1b00000,0x000000bed1c00000) (1024K)]
  0x0000026e7e185810 JavaThread "Unconstrained build operations Thread 21"        [_thread_blocked, id=4848, stack(0x000000bed1c00000,0x000000bed1d00000) (1024K)]
  0x0000026e7e1830b0 JavaThread "Memory manager"                    [_thread_blocked, id=7724, stack(0x000000bed1d00000,0x000000bed1e00000) (1024K)]
  0x0000026e7e185ea0 JavaThread "build event listener"              [_thread_blocked, id=13540, stack(0x000000bed1e00000,0x000000bed1f00000) (1024K)]
Total: 56

Other Threads:
  0x0000026e740546b0 VMThread "VM Thread"                           [id=13172, stack(0x000000becdf00000,0x000000bece000000) (1024K)]
  0x0000026e71636220 WatcherThread "VM Periodic Task Thread"        [id=1576, stack(0x000000becde00000,0x000000becdf00000) (1024K)]
  0x0000026e43ead640 WorkerThread "GC Thread#0"                     [id=13240, stack(0x000000becd900000,0x000000becda00000) (1024K)]
  0x0000026e7464eb10 WorkerThread "GC Thread#1"                     [id=8196, stack(0x000000becea00000,0x000000beceb00000) (1024K)]
  0x0000026e747478e0 WorkerThread "GC Thread#2"                     [id=7628, stack(0x000000beceb00000,0x000000becec00000) (1024K)]
  0x0000026e793153d0 WorkerThread "GC Thread#3"                     [id=11564, stack(0x000000becec00000,0x000000beced00000) (1024K)]
  0x0000026e79329bf0 WorkerThread "GC Thread#4"                     [id=13136, stack(0x000000beced00000,0x000000becee00000) (1024K)]
  0x0000026e7a157140 WorkerThread "GC Thread#5"                     [id=14532, stack(0x000000becf900000,0x000000becfa00000) (1024K)]
  0x0000026e7a1574e0 WorkerThread "GC Thread#6"                     [id=3476, stack(0x000000becfa00000,0x000000becfb00000) (1024K)]
  0x0000026e7a157880 WorkerThread "GC Thread#7"                     [id=14244, stack(0x000000becfb00000,0x000000becfc00000) (1024K)]
  0x0000026e71490080 ConcurrentGCThread "G1 Main Marker"            [id=14644, stack(0x000000becda00000,0x000000becdb00000) (1024K)]
  0x0000026e71491aa0 WorkerThread "G1 Conc#0"                       [id=14236, stack(0x000000becdb00000,0x000000becdc00000) (1024K)]
  0x0000026e7a24eed0 WorkerThread "G1 Conc#1"                       [id=6924, stack(0x000000becfc00000,0x000000becfd00000) (1024K)]
  0x0000026e7150b3b0 ConcurrentGCThread "G1 Refine#0"               [id=15356, stack(0x000000becdc00000,0x000000becdd00000) (1024K)]
  0x0000026e7150bf20 ConcurrentGCThread "G1 Service"                [id=1544, stack(0x000000becdd00000,0x000000becde00000) (1024K)]
Total: 15

Threads with active compile tasks:
C2 CompilerThread0    11279 7564       4       java.util.jar.JarFile::getVersionedEntry (133 bytes)
Total: 1

VM state: not at safepoint (normal execution)

VM Mutex/Monitor currently owned by a thread: None

Heap address: 0x0000000600000000, size: 8192 MB, Compressed Oops mode: Zero based, Oop shift amount: 3

CDS archive(s) not mapped
Compressed class space mapped at: 0x0000000800000000-0x0000000840000000, reserved size: 1073741824
Narrow klass base: 0x0000000800000000, Narrow klass shift: 0, Narrow klass range: 0x40000000

GC Precious Log:
 CardTable entry size: 512
 Card Set container configuration: InlinePtr #cards 4 size 8 Array Of Cards #cards 32 size 80 Howl #buckets 8 coarsen threshold 7372 Howl Bitmap #cards 1024 size 144 coarsen threshold 921 Card regions per heap region 1 cards per card region 8192
 CPUs: 8 total, 8 available
 Memory: 6005M
 Large Page Support: Disabled
 NUMA Support: Disabled
 Compressed Oops: Enabled (Zero based)
 Heap Region Size: 4M
 Heap Min Capacity: 8M
 Heap Initial Capacity: 96M
 Heap Max Capacity: 8G
 Pre-touch: Disabled
 Parallel Workers: 8
 Concurrent Workers: 2
 Concurrent Refinement Workers: 8
 Periodic GC: Disabled

Heap:
 garbage-first heap   total 110592K, used 74692K [0x0000000600000000, 0x0000000800000000)
  region size 4096K, 6 young (24576K), 2 survivors (8192K)
 Metaspace       used 76154K, committed 77952K, reserved 1179648K
  class space    used 10479K, committed 11328K, reserved 1048576K

Heap Regions: E=young(eden), S=young(survivor), O=old, HS=humongous(starts), HC=humongous(continues), CS=collection set, F=free, TAMS=top-at-mark-start, PB=parsable bottom
|   0|0x0000000600000000, 0x0000000600400000, 0x0000000600400000|100%|HS|  |TAMS 0x0000000600000000| PB 0x0000000600000000| Complete 
|   1|0x0000000600400000, 0x0000000600800000, 0x0000000600800000|100%| O|  |TAMS 0x0000000600400000| PB 0x0000000600400000| Untracked 
|   2|0x0000000600800000, 0x0000000600c00000, 0x0000000600c00000|100%| O|  |TAMS 0x0000000600800000| PB 0x0000000600800000| Untracked 
|   3|0x0000000600c00000, 0x0000000601000000, 0x0000000601000000|100%| O|  |TAMS 0x0000000600c00000| PB 0x0000000600c00000| Untracked 
|   4|0x0000000601000000, 0x0000000601400000, 0x0000000601400000|100%| O|  |TAMS 0x0000000601000000| PB 0x0000000601000000| Untracked 
|   5|0x0000000601400000, 0x0000000601800000, 0x0000000601800000|100%| O|  |TAMS 0x0000000601400000| PB 0x0000000601400000| Untracked 
|   6|0x0000000601800000, 0x0000000601c00000, 0x0000000601c00000|100%| O|  |TAMS 0x0000000601800000| PB 0x0000000601800000| Untracked 
|   7|0x0000000601c00000, 0x0000000601c00000, 0x0000000602000000|  0%| F|  |TAMS 0x0000000601c00000| PB 0x0000000601c00000| Untracked 
|   8|0x0000000602000000, 0x0000000602400000, 0x0000000602400000|100%| O|  |TAMS 0x0000000602000000| PB 0x0000000602000000| Untracked 
|   9|0x0000000602400000, 0x0000000602800000, 0x0000000602800000|100%| O|  |TAMS 0x0000000602400000| PB 0x0000000602400000| Untracked 
|  10|0x0000000602800000, 0x0000000602c00000, 0x0000000602c00000|100%| O|Cm|TAMS 0x0000000602800000| PB 0x0000000602800000| Complete 
|  11|0x0000000602c00000, 0x0000000603000000, 0x0000000603000000|100%| O|  |TAMS 0x0000000602c00000| PB 0x0000000602c00000| Untracked 
|  12|0x0000000603000000, 0x0000000603400000, 0x0000000603400000|100%|HS|  |TAMS 0x0000000603000000| PB 0x0000000603000000| Complete 
|  13|0x0000000603400000, 0x0000000603800000, 0x0000000603800000|100%|HS|  |TAMS 0x0000000603400000| PB 0x0000000603400000| Complete 
|  14|0x0000000603800000, 0x0000000603bdf100, 0x0000000603c00000| 96%| O|  |TAMS 0x0000000603800000| PB 0x0000000603800000| Untracked 
|  15|0x0000000603c00000, 0x0000000603c00000, 0x0000000604000000|  0%| F|  |TAMS 0x0000000603c00000| PB 0x0000000603c00000| Untracked 
|  16|0x0000000604000000, 0x0000000604000000, 0x0000000604400000|  0%| F|  |TAMS 0x0000000604000000| PB 0x0000000604000000| Untracked 
|  17|0x0000000604400000, 0x0000000604400000, 0x0000000604800000|  0%| F|  |TAMS 0x0000000604400000| PB 0x0000000604400000| Untracked 
|  18|0x0000000604800000, 0x00000006049120e8, 0x0000000604c00000| 26%| S|CS|TAMS 0x0000000604800000| PB 0x0000000604800000| Complete 
|  19|0x0000000604c00000, 0x0000000605000000, 0x0000000605000000|100%| S|CS|TAMS 0x0000000604c00000| PB 0x0000000604c00000| Complete 
|  20|0x0000000605000000, 0x0000000605000000, 0x0000000605400000|  0%| F|  |TAMS 0x0000000605000000| PB 0x0000000605000000| Untracked 
|  21|0x0000000605400000, 0x0000000605400000, 0x0000000605800000|  0%| F|  |TAMS 0x0000000605400000| PB 0x0000000605400000| Untracked 
|  22|0x0000000605800000, 0x0000000605800000, 0x0000000605c00000|  0%| F|  |TAMS 0x0000000605800000| PB 0x0000000605800000| Untracked 
|  23|0x0000000605c00000, 0x0000000605ea4d48, 0x0000000606000000| 66%| E|  |TAMS 0x0000000605c00000| PB 0x0000000605c00000| Complete 
|  24|0x0000000606000000, 0x0000000606400000, 0x0000000606400000|100%| E|CS|TAMS 0x0000000606000000| PB 0x0000000606000000| Complete 
|  25|0x0000000606400000, 0x0000000606800000, 0x0000000606800000|100%| E|CS|TAMS 0x0000000606400000| PB 0x0000000606400000| Complete 
|  26|0x0000000606800000, 0x0000000606c00000, 0x0000000606c00000|100%| E|CS|TAMS 0x0000000606800000| PB 0x0000000606800000| Complete 

Card table byte_map: [0x0000026e68490000,0x0000026e69490000] _byte_map_base: 0x0000026e65490000

Marking Bits: (CMBitMap*) 0x0000026e43eadd40
 Bits: [0x0000026e69490000, 0x0000026e71490000)

Polling page: 0x0000026e435c0000

Metaspace:

Usage:
  Non-class:     64.14 MB used.
      Class:     10.23 MB used.
       Both:     74.37 MB used.

Virtual space:
  Non-class space:      128.00 MB reserved,      65.06 MB ( 51%) committed,  2 nodes.
      Class space:        1.00 GB reserved,      11.06 MB (  1%) committed,  1 nodes.
             Both:        1.12 GB reserved,      76.12 MB (  7%) committed. 

Chunk freelists:
   Non-Class:  14.55 MB
       Class:  4.88 MB
        Both:  19.42 MB

MaxMetaspaceSize: 4.00 GB
CompressedClassSpaceSize: 1.00 GB
Initial GC threshold: 21.00 MB
Current GC threshold: 125.44 MB
CDS: off
 - commit_granule_bytes: 65536.
 - commit_granule_words: 8192.
 - virtual_space_node_default_size: 8388608.
 - enlarge_chunks_in_place: 1.
 - use_allocation_guard: 0.


Internal statistics:

num_allocs_failed_limit: 17.
num_arena_births: 3422.
num_arena_deaths: 0.
num_vsnodes_births: 3.
num_vsnodes_deaths: 0.
num_space_committed: 1218.
num_space_uncommitted: 0.
num_chunks_returned_to_freelist: 17.
num_chunks_taken_from_freelist: 6563.
num_chunk_merges: 17.
num_chunk_splits: 4256.
num_chunks_enlarged: 2640.
num_inconsistent_stats: 0.

CodeHeap 'non-profiled nmethods': size=259264Kb used=3424Kb max_used=3699Kb free=255839Kb
 bounds [0x0000026e57210000, 0x0000026e575b0000, 0x0000026e66f40000]
CodeHeap 'profiled nmethods': size=259264Kb used=12178Kb max_used=12299Kb free=247085Kb
 bounds [0x0000026e46f40000, 0x0000026e47b70000, 0x0000026e56c70000]
CodeHeap 'non-nmethods': size=5760Kb used=2017Kb max_used=2065Kb free=3742Kb
 bounds [0x0000026e56c70000, 0x0000026e56ee0000, 0x0000026e57210000]
 total_blobs=7276 nmethods=6494 adapters=686
 compilation: enabled
              stopped_count=0, restarted_count=0
 full_count=0

Compilation events (20 events):
Event: 11.237 Thread 0x0000026e740f5e30 nmethod 7571 0x0000026e470cdd10 code [0x0000026e470cdec0, 0x0000026e470ce080]
Event: 11.237 Thread 0x0000026e740f5e30 7572       1       kotlin.reflect.jvm.internal.impl.load.java.lazy.LazyJavaResolverContext::getComponents (5 bytes)
Event: 11.237 Thread 0x0000026e740f5e30 nmethod 7572 0x0000026e574eae90 code [0x0000026e574eb020, 0x0000026e574eb0f0]
Event: 11.237 Thread 0x0000026e740f5e30 7573       3       kotlin.reflect.jvm.internal.impl.load.java.lazy.LazyJavaResolverContext::getStorageManager (8 bytes)
Event: 11.237 Thread 0x0000026e740f5e30 nmethod 7573 0x0000026e4703df10 code [0x0000026e4703e0a0, 0x0000026e4703e1d8]
Event: 11.237 Thread 0x0000026e740f5e30 7574       3       kotlin.reflect.jvm.internal.impl.name.Name::guessByFirstCharacter (28 bytes)
Event: 11.237 Thread 0x0000026e740f5e30 nmethod 7574 0x0000026e46faf590 code [0x0000026e46faf7a0, 0x0000026e46fafd08]
Event: 11.238 Thread 0x0000026e740f5e30 7575       3       kotlin.reflect.jvm.internal.impl.storage.LockBasedStorageManager::createConcurrentHashMap (11 bytes)
Event: 11.238 Thread 0x0000026e740f5e30 nmethod 7575 0x0000026e47146010 code [0x0000026e471461e0, 0x0000026e47146388]
Event: 11.238 Thread 0x0000026e740f5e30 7576       3       kotlin.reflect.jvm.internal.impl.storage.LockBasedStorageManager$MapBasedMemoizedFunction::<init> (44 bytes)
Event: 11.238 Thread 0x0000026e740f5e30 nmethod 7576 0x0000026e47557790 code [0x0000026e47557960, 0x0000026e47557d40]
Event: 11.239 Thread 0x0000026e740f5e30 7578       3       kotlin.reflect.jvm.internal.impl.name.FqName::shortName (17 bytes)
Event: 11.239 Thread 0x0000026e740f5e30 nmethod 7578 0x0000026e471ed690 code [0x0000026e471ed840, 0x0000026e471eda00]
Event: 11.240 Thread 0x0000026e740f5e30 7579       3       kotlin.reflect.jvm.internal.impl.name.FqName::parent (70 bytes)
Event: 11.240 Thread 0x0000026e740f5e30 nmethod 7579 0x0000026e4724eb90 code [0x0000026e4724edc0, 0x0000026e4724f520]
Event: 11.241 Thread 0x0000026e740f5e30 7580       3       kotlin.reflect.jvm.internal.impl.metadata.ProtoBuf$ValueParameter::initFields (35 bytes)
Event: 11.242 Thread 0x0000026e740f5e30 nmethod 7580 0x0000026e4740c210 code [0x0000026e4740c3c0, 0x0000026e4740c690]
Event: 11.242 Thread 0x0000026e740f5e30 7584   !   3       kotlin.reflect.jvm.internal.impl.metadata.ProtoBuf$ValueParameter::<init> (513 bytes)
Event: 11.243 Thread 0x0000026e740f5e30 nmethod 7584 0x0000026e47aeae90 code [0x0000026e47aeb480, 0x0000026e47aee978]
Event: 11.243 Thread 0x0000026e740f5e30 7593       3       kotlin.reflect.jvm.internal.impl.metadata.ProtoBuf$Type::isInitialized (145 bytes)

GC Heap History (20 events):
Event: 6.680 GC heap before
{Heap before GC invocations=12 (full 0):
 garbage-first heap   total 98304K, used 77899K [0x0000000600000000, 0x0000000800000000)
  region size 4096K, 12 young (49152K), 1 survivors (4096K)
 Metaspace       used 51310K, committed 52736K, reserved 1114112K
  class space    used 6927K, committed 7616K, reserved 1048576K
}
Event: 6.683 GC heap after
{Heap after GC invocations=13 (full 0):
 garbage-first heap   total 98304K, used 35617K [0x0000000600000000, 0x0000000800000000)
  region size 4096K, 2 young (8192K), 2 survivors (8192K)
 Metaspace       used 51310K, committed 52736K, reserved 1114112K
  class space    used 6927K, committed 7616K, reserved 1048576K
}
Event: 7.188 GC heap before
{Heap before GC invocations=13 (full 0):
 garbage-first heap   total 98304K, used 72481K [0x0000000600000000, 0x0000000800000000)
  region size 4096K, 12 young (49152K), 2 survivors (8192K)
 Metaspace       used 55275K, committed 56832K, reserved 1114112K
  class space    used 7486K, committed 8256K, reserved 1048576K
}
Event: 7.192 GC heap after
{Heap after GC invocations=14 (full 0):
 garbage-first heap   total 98304K, used 37559K [0x0000000600000000, 0x0000000800000000)
  region size 4096K, 2 young (8192K), 2 survivors (8192K)
 Metaspace       used 55275K, committed 56832K, reserved 1114112K
  class space    used 7486K, committed 8256K, reserved 1048576K
}
Event: 7.861 GC heap before
{Heap before GC invocations=14 (full 0):
 garbage-first heap   total 98304K, used 70327K [0x0000000600000000, 0x0000000800000000)
  region size 4096K, 11 young (45056K), 2 survivors (8192K)
 Metaspace       used 58782K, committed 60288K, reserved 1114112K
  class space    used 8018K, committed 8768K, reserved 1048576K
}
Event: 7.865 GC heap after
{Heap after GC invocations=15 (full 0):
 garbage-first heap   total 98304K, used 40204K [0x0000000600000000, 0x0000000800000000)
  region size 4096K, 2 young (8192K), 2 survivors (8192K)
 Metaspace       used 58782K, committed 60288K, reserved 1114112K
  class space    used 8018K, committed 8768K, reserved 1048576K
}
Event: 8.461 GC heap before
{Heap before GC invocations=16 (full 0):
 garbage-first heap   total 98304K, used 72972K [0x0000000600000000, 0x0000000800000000)
  region size 4096K, 11 young (45056K), 2 survivors (8192K)
 Metaspace       used 59757K, committed 61312K, reserved 1114112K
  class space    used 8158K, committed 8896K, reserved 1048576K
}
Event: 8.466 GC heap after
{Heap after GC invocations=17 (full 0):
 garbage-first heap   total 98304K, used 43881K [0x0000000600000000, 0x0000000800000000)
  region size 4096K, 2 young (8192K), 2 survivors (8192K)
 Metaspace       used 59757K, committed 61312K, reserved 1114112K
  class space    used 8158K, committed 8896K, reserved 1048576K
}
Event: 8.993 GC heap before
{Heap before GC invocations=17 (full 0):
 garbage-first heap   total 98304K, used 76649K [0x0000000600000000, 0x0000000800000000)
  region size 4096K, 10 young (40960K), 2 survivors (8192K)
 Metaspace       used 62652K, committed 64448K, reserved 1114112K
  class space    used 8639K, committed 9536K, reserved 1048576K
}
Event: 8.997 GC heap after
{Heap after GC invocations=18 (full 0):
 garbage-first heap   total 98304K, used 45238K [0x0000000600000000, 0x0000000800000000)
  region size 4096K, 2 young (8192K), 2 survivors (8192K)
 Metaspace       used 62652K, committed 64448K, reserved 1114112K
  class space    used 8639K, committed 9536K, reserved 1048576K
}
Event: 9.714 GC heap before
{Heap before GC invocations=18 (full 0):
 garbage-first heap   total 98304K, used 73910K [0x0000000600000000, 0x0000000800000000)
  region size 4096K, 10 young (40960K), 2 survivors (8192K)
 Metaspace       used 66498K, committed 68288K, reserved 1114112K
  class space    used 9160K, committed 10048K, reserved 1048576K
}
Event: 9.719 GC heap after
{Heap after GC invocations=19 (full 0):
 garbage-first heap   total 98304K, used 49702K [0x0000000600000000, 0x0000000800000000)
  region size 4096K, 2 young (8192K), 2 survivors (8192K)
 Metaspace       used 66498K, committed 68288K, reserved 1114112K
  class space    used 9160K, committed 10048K, reserved 1048576K
}
Event: 9.834 GC heap before
{Heap before GC invocations=19 (full 0):
 garbage-first heap   total 98304K, used 53798K [0x0000000600000000, 0x0000000800000000)
  region size 4096K, 4 young (16384K), 2 survivors (8192K)
 Metaspace       used 67257K, committed 68992K, reserved 1114112K
  class space    used 9291K, committed 10176K, reserved 1048576K
}
Event: 9.838 GC heap after
{Heap after GC invocations=20 (full 0):
 garbage-first heap   total 98304K, used 51250K [0x0000000600000000, 0x0000000800000000)
  region size 4096K, 1 young (4096K), 1 survivors (4096K)
 Metaspace       used 67257K, committed 68992K, reserved 1114112K
  class space    used 9291K, committed 10176K, reserved 1048576K
}
Event: 10.285 GC heap before
{Heap before GC invocations=21 (full 0):
 garbage-first heap   total 110592K, used 88114K [0x0000000600000000, 0x0000000800000000)
  region size 4096K, 8 young (32768K), 1 survivors (4096K)
 Metaspace       used 69856K, committed 71616K, reserved 1114112K
  class space    used 9659K, committed 10560K, reserved 1048576K
}
Event: 10.287 GC heap after
{Heap after GC invocations=22 (full 0):
 garbage-first heap   total 110592K, used 60587K [0x0000000600000000, 0x0000000800000000)
  region size 4096K, 1 young (4096K), 1 survivors (4096K)
 Metaspace       used 69856K, committed 71616K, reserved 1114112K
  class space    used 9659K, committed 10560K, reserved 1048576K
}
Event: 10.711 GC heap before
{Heap before GC invocations=22 (full 0):
 garbage-first heap   total 110592K, used 89259K [0x0000000600000000, 0x0000000800000000)
  region size 4096K, 9 young (36864K), 1 survivors (4096K)
 Metaspace       used 73068K, committed 74880K, reserved 1114112K
  class space    used 10063K, committed 10944K, reserved 1048576K
}
Event: 10.717 GC heap after
{Heap after GC invocations=23 (full 0):
 garbage-first heap   total 110592K, used 61520K [0x0000000600000000, 0x0000000800000000)
  region size 4096K, 2 young (8192K), 2 survivors (8192K)
 Metaspace       used 73068K, committed 74880K, reserved 1114112K
  class space    used 10063K, committed 10944K, reserved 1048576K
}
Event: 11.055 GC heap before
{Heap before GC invocations=23 (full 0):
 garbage-first heap   total 110592K, used 90192K [0x0000000600000000, 0x0000000800000000)
  region size 4096K, 9 young (36864K), 2 survivors (8192K)
 Metaspace       used 75118K, committed 76928K, reserved 1179648K
  class space    used 10317K, committed 11200K, reserved 1048576K
}
Event: 11.058 GC heap after
{Heap after GC invocations=24 (full 0):
 garbage-first heap   total 110592K, used 62404K [0x0000000600000000, 0x0000000800000000)
  region size 4096K, 2 young (8192K), 2 survivors (8192K)
 Metaspace       used 75118K, committed 76928K, reserved 1179648K
  class space    used 10317K, committed 11200K, reserved 1048576K
}

Dll operation events (3 events):
Event: 0.012 Loaded shared library C:\Program Files\Android\Android Studio\jbr\bin\java.dll
Event: 0.016 Loaded shared library C:\Program Files\Android\Android Studio\jbr\bin\zip.dll
Event: 0.537 Loaded shared library C:\Program Files\Android\Android Studio\jbr\bin\verify.dll

Deoptimization events (20 events):
Event: 10.461 Thread 0x0000026e7a0e49f0 DEOPT PACKING pc=0x0000026e574dec70 sp=0x000000becf5f1ab0
Event: 10.461 Thread 0x0000026e7a0e49f0 DEOPT UNPACKING pc=0x0000026e56cc46a2 sp=0x000000becf5f19c0 mode 2
Event: 10.581 Thread 0x0000026e7a0e49f0 DEOPT PACKING pc=0x0000026e4746e531 sp=0x000000becf5f26b0
Event: 10.581 Thread 0x0000026e7a0e49f0 DEOPT UNPACKING pc=0x0000026e56cc4e42 sp=0x000000becf5f1bb0 mode 0
Event: 10.815 Thread 0x0000026e7a0e49f0 DEOPT PACKING pc=0x0000026e4706d4f6 sp=0x000000becf5f1dd0
Event: 10.815 Thread 0x0000026e7a0e49f0 DEOPT UNPACKING pc=0x0000026e56cc4e42 sp=0x000000becf5f12b8 mode 0
Event: 10.899 Thread 0x0000026e7a0e49f0 Uncommon trap: trap_request=0xffffff45 fr.pc=0x0000026e574af790 relative=0x0000000000000a90
Event: 10.899 Thread 0x0000026e7a0e49f0 Uncommon trap: reason=unstable_if action=reinterpret pc=0x0000026e574af790 method=java.util.regex.Pattern.atom()Ljava/util/regex/Pattern$Node; @ 14 c2
Event: 10.899 Thread 0x0000026e7a0e49f0 DEOPT PACKING pc=0x0000026e574af790 sp=0x000000becf5f2070
Event: 10.899 Thread 0x0000026e7a0e49f0 DEOPT UNPACKING pc=0x0000026e56cc46a2 sp=0x000000becf5f2018 mode 2
Event: 11.195 Thread 0x0000026e7a0e49f0 Uncommon trap: trap_request=0xffffffd6 fr.pc=0x0000026e574f176c relative=0x00000000000003cc
Event: 11.195 Thread 0x0000026e7a0e49f0 Uncommon trap: reason=array_check action=maybe_recompile pc=0x0000026e574f176c method=java.util.LinkedHashMap.keysToArray([Ljava/lang/Object;Z)[Ljava/lang/Object; @ 67 c2
Event: 11.195 Thread 0x0000026e7a0e49f0 DEOPT PACKING pc=0x0000026e574f176c sp=0x000000becf5f28b0
Event: 11.195 Thread 0x0000026e7a0e49f0 DEOPT UNPACKING pc=0x0000026e56cc46a2 sp=0x000000becf5f2850 mode 2
Event: 11.206 Thread 0x0000026e7a0e49f0 Uncommon trap: trap_request=0xffffff45 fr.pc=0x0000026e575975d8 relative=0x0000000000000298
Event: 11.206 Thread 0x0000026e7a0e49f0 Uncommon trap: reason=unstable_if action=reinterpret pc=0x0000026e575975d8 method=java.lang.String.regionMatches(ZILjava/lang/String;II)Z @ 1 c2
Event: 11.206 Thread 0x0000026e7a0e49f0 DEOPT PACKING pc=0x0000026e575975d8 sp=0x000000becf5f3870
Event: 11.206 Thread 0x0000026e7a0e49f0 DEOPT UNPACKING pc=0x0000026e56cc46a2 sp=0x000000becf5f3808 mode 2
Event: 11.221 Thread 0x0000026e7a0e49f0 DEOPT PACKING pc=0x0000026e4780b1fe sp=0x000000becf5f6300
Event: 11.221 Thread 0x0000026e7a0e49f0 DEOPT UNPACKING pc=0x0000026e56cc4e42 sp=0x000000becf5f57e8 mode 0

Classes loaded (20 events):
Event: 10.500 Loading class java/lang/Override
Event: 10.500 Loading class java/lang/Override done
Event: 10.833 Loading class java/util/AbstractList$ListItr
Event: 10.833 Loading class java/util/AbstractList$ListItr done
Event: 11.014 Loading class java/util/regex/Pattern$Pos
Event: 11.014 Loading class java/util/regex/Pattern$Pos done
Event: 11.031 Loading class java/lang/ThreadDeath
Event: 11.031 Loading class java/lang/ThreadDeath done
Event: 11.031 Loading class sun/misc/SharedSecrets
Event: 11.031 Loading class sun/misc/SharedSecrets done
Event: 11.036 Loading class com/sun/beans/finder/MethodFinder
Event: 11.037 Loading class com/sun/beans/finder/AbstractFinder
Event: 11.037 Loading class com/sun/beans/finder/AbstractFinder done
Event: 11.037 Loading class com/sun/beans/finder/MethodFinder done
Event: 11.037 Loading class com/sun/beans/finder/MethodFinder$1
Event: 11.037 Loading class com/sun/beans/finder/MethodFinder$1 done
Event: 11.037 Loading class com/sun/beans/finder/FinderUtils
Event: 11.037 Loading class com/sun/beans/finder/FinderUtils done
Event: 11.202 Loading class java/nio/file/FileTreeWalker$1
Event: 11.202 Loading class java/nio/file/FileTreeWalker$1 done

Classes unloaded (0 events):
No events

Classes redefined (0 events):
No events

Internal exceptions (20 events):
Event: 9.906 Thread 0x0000026e7a0e49f0 Exception <a 'java/lang/NoSuchMethodError'{0x0000000605f69570}: 'long java.lang.invoke.DelegatingMethodHandle$Holder.reinvoke_L(java.lang.Object, java.lang.Object)'> (0x0000000605f69570) 
thrown [s\src\hotspot\share\interpreter\linkResolver.cpp, line 784]
Event: 11.031 Thread 0x0000026e7a0e49f0 Exception <a 'java/lang/ClassNotFoundException'{0x00000006051b35f0}: sun/misc/SharedSecrets> (0x00000006051b35f0) 
thrown [s\src\hotspot\share\classfile\systemDictionary.cpp, line 312]
Event: 11.031 Thread 0x0000026e7a0e49f0 Exception <a 'java/lang/ClassNotFoundException'{0x00000006051b56a0}: groovy/lang/Closure$1BeanInfo> (0x00000006051b56a0) 
thrown [s\src\hotspot\share\classfile\systemDictionary.cpp, line 312]
Event: 11.032 Thread 0x0000026e7a0e49f0 Exception <a 'java/lang/ClassNotFoundException'{0x00000006051d1fd8}: groovy/lang/ClosureBeanInfo> (0x00000006051d1fd8) 
thrown [s\src\hotspot\share\classfile\systemDictionary.cpp, line 312]
Event: 11.033 Thread 0x0000026e7a0e49f0 Exception <a 'java/lang/ClassNotFoundException'{0x00000006051ee378}: groovy/lang/ClosureCustomizer> (0x00000006051ee378) 
thrown [s\src\hotspot\share\classfile\systemDictionary.cpp, line 312]
Event: 11.036 Thread 0x0000026e7a0e49f0 Exception <a 'java/lang/ClassNotFoundException'{0x0000000605230820}: groovy/lang/Closure$1Customizer> (0x0000000605230820) 
thrown [s\src\hotspot\share\classfile\systemDictionary.cpp, line 312]
Event: 11.044 Thread 0x0000026e7a0e49f0 Exception <a 'java/lang/ClassNotFoundException'{0x00000006052b4de8}: org/jetbrains/kotlin/gradle/targets/js/npm/DefaultNpmDependencyExtensionBeanInfo> (0x00000006052b4de8) 
thrown [s\src\hotspot\share\classfile\systemDictionary.cpp, line 312]
Event: 11.044 Thread 0x0000026e7a0e49f0 Exception <a 'java/lang/ClassNotFoundException'{0x00000006052c3c28}: org/jetbrains/kotlin/gradle/targets/js/npm/DefaultNpmDependencyExtensionCustomizer> (0x00000006052c3c28) 
thrown [s\src\hotspot\share\classfile\systemDictionary.cpp, line 312]
Event: 11.050 Thread 0x0000026e7a0e49f0 Exception <a 'java/lang/ClassNotFoundException'{0x000000060536a3d8}: org/jetbrains/kotlin/gradle/targets/js/npm/NpmDependencyExtensionKt$defaultNpmDependencyDelegate$1BeanInfo> (0x000000060536a3d8) 
thrown [s\src\hotspot\share\classfile\systemDictionary.cpp, line 312]
Event: 11.051 Thread 0x0000026e7a0e49f0 Exception <a 'java/lang/ClassNotFoundException'{0x0000000605379258}: org/jetbrains/kotlin/gradle/targets/js/npm/NpmDependencyExtensionDelegateBeanInfo> (0x0000000605379258) 
thrown [s\src\hotspot\share\classfile\systemDictionary.cpp, line 312]
Event: 11.051 Thread 0x0000026e7a0e49f0 Exception <a 'java/lang/ClassNotFoundException'{0x00000006053880a8}: org/jetbrains/kotlin/gradle/targets/js/npm/NpmDependencyExtensionDelegateCustomizer> (0x00000006053880a8) 
thrown [s\src\hotspot\share\classfile\systemDictionary.cpp, line 312]
Event: 11.052 Thread 0x0000026e7a0e49f0 Exception <a 'java/lang/ClassNotFoundException'{0x00000006053c26f8}: org/jetbrains/kotlin/gradle/targets/js/npm/NpmDependencyExtensionKt$defaultNpmDependencyDelegate$1Customizer> (0x00000006053c26f8) 
thrown [s\src\hotspot\share\classfile\systemDictionary.cpp, line 312]
Event: 11.059 Thread 0x0000026e7a0e49f0 Exception <a 'java/lang/ClassNotFoundException'{0x000000060680ecc8}: org/jetbrains/kotlin/gradle/targets/js/npm/DefaultDevNpmDependencyExtensionBeanInfo> (0x000000060680ecc8) 
thrown [s\src\hotspot\share\classfile\systemDictionary.cpp, line 312]
Event: 11.060 Thread 0x0000026e7a0e49f0 Exception <a 'java/lang/ClassNotFoundException'{0x000000060681db20}: org/jetbrains/kotlin/gradle/targets/js/npm/DefaultDevNpmDependencyExtensionCustomizer> (0x000000060681db20) 
thrown [s\src\hotspot\share\classfile\systemDictionary.cpp, line 312]
Event: 11.064 Thread 0x0000026e7a0e49f0 Exception <a 'java/lang/ClassNotFoundException'{0x00000006068733d0}: org/jetbrains/kotlin/gradle/targets/js/npm/DefaultPeerNpmDependencyExtensionBeanInfo> (0x00000006068733d0) 
thrown [s\src\hotspot\share\classfile\systemDictionary.cpp, line 312]
Event: 11.065 Thread 0x0000026e7a0e49f0 Exception <a 'java/lang/ClassNotFoundException'{0x0000000606882230}: org/jetbrains/kotlin/gradle/targets/js/npm/DefaultPeerNpmDependencyExtensionCustomizer> (0x0000000606882230) 
thrown [s\src\hotspot\share\classfile\systemDictionary.cpp, line 312]
Event: 11.068 Thread 0x0000026e7a0e49f0 Exception <a 'java/lang/ClassNotFoundException'{0x00000006068e6a68}: org/jetbrains/kotlin/gradle/targets/js/npm/DefaultPeerNpmDependencyExtension$delegate$1BeanInfo> (0x00000006068e6a68) 
thrown [s\src\hotspot\share\classfile\systemDictionary.cpp, line 312]
Event: 11.069 Thread 0x0000026e7a0e49f0 Exception <a 'java/lang/ClassNotFoundException'{0x00000006068f59b8}: org/jetbrains/kotlin/gradle/targets/js/npm/DefaultPeerNpmDependencyExtension$delegate$1Customizer> (0x00000006068f59b8) 
thrown [s\src\hotspot\share\classfile\systemDictionary.cpp, line 312]
Event: 11.090 Thread 0x0000026e7a0e49f0 Exception <a 'java/lang/NoSuchMethodError'{0x0000000606a42fe0}: static Lorg/jetbrains/kotlin/gradle/plugin/internal/DefaultIdeaSyncDetector$createIdeaPropertiesEvaluator$1;.<clinit>()V> (0x0000000606a42fe0) 
thrown [s\src\hotspot\share\prims\jni.cpp, line 1135]
Event: 11.195 Thread 0x0000026e7a0e49f0 Exception <a 'java/lang/NoSuchMethodError'{0x00000006062ac280}: 'int java.lang.invoke.DirectMethodHandle$Holder.invokeSpecialIFC(java.lang.Object, java.lang.Object, java.lang.Object, java.lang.Object, java.lang.Object)'> (0x00000006062ac280) 
thrown [s\src\hotspot\share\interpreter\linkResolver.cpp, line 784]

ZGC Phase Switch (0 events):
No events

VM Operations (20 events):
Event: 9.714 Executing VM operation: G1CollectForAllocation (G1 Evacuation Pause)
Event: 9.719 Executing VM operation: G1CollectForAllocation (G1 Evacuation Pause) done
Event: 9.834 Executing VM operation: G1TryInitiateConcMark (G1 Humongous Allocation)
Event: 9.838 Executing VM operation: G1TryInitiateConcMark (G1 Humongous Allocation) done
Event: 9.870 Executing VM operation: G1PauseRemark
Event: 9.874 Executing VM operation: G1PauseRemark done
Event: 9.884 Executing VM operation: G1PauseCleanup
Event: 9.884 Executing VM operation: G1PauseCleanup done
Event: 10.284 Executing VM operation: G1CollectForAllocation (G1 Evacuation Pause)
Event: 10.287 Executing VM operation: G1CollectForAllocation (G1 Evacuation Pause) done
Event: 10.711 Executing VM operation: G1CollectForAllocation (G1 Evacuation Pause)
Event: 10.717 Executing VM operation: G1CollectForAllocation (G1 Evacuation Pause) done
Event: 10.834 Executing VM operation: HandshakeAllThreads (Deoptimize)
Event: 10.834 Executing VM operation: HandshakeAllThreads (Deoptimize) done
Event: 11.055 Executing VM operation: G1CollectForAllocation (G1 Evacuation Pause)
Event: 11.058 Executing VM operation: G1CollectForAllocation (G1 Evacuation Pause) done
Event: 11.093 Executing VM operation: G1PauseRemark
Event: 11.096 Executing VM operation: G1PauseRemark done
Event: 11.106 Executing VM operation: G1PauseCleanup
Event: 11.107 Executing VM operation: G1PauseCleanup done

Memory protections (0 events):
No events

Nmethod flushes (20 events):
Event: 11.095 Thread 0x0000026e740546b0 flushing  nmethod 0x0000026e46fa7790
Event: 11.095 Thread 0x0000026e740546b0 flushing  nmethod 0x0000026e470e9590
Event: 11.095 Thread 0x0000026e740546b0 flushing  nmethod 0x0000026e470edb90
Event: 11.095 Thread 0x0000026e740546b0 flushing  nmethod 0x0000026e4713a090
Event: 11.095 Thread 0x0000026e740546b0 flushing  nmethod 0x0000026e4713d390
Event: 11.095 Thread 0x0000026e740546b0 flushing  nmethod 0x0000026e47304090
Event: 11.095 Thread 0x0000026e740546b0 flushing  nmethod 0x0000026e474f8690
Event: 11.095 Thread 0x0000026e740546b0 flushing  nmethod 0x0000026e475dfc90
Event: 11.095 Thread 0x0000026e740546b0 flushing  nmethod 0x0000026e475e3710
Event: 11.095 Thread 0x0000026e740546b0 flushing  nmethod 0x0000026e475e8690
Event: 11.095 Thread 0x0000026e740546b0 flushing  nmethod 0x0000026e475e9a90
Event: 11.095 Thread 0x0000026e740546b0 flushing  nmethod 0x0000026e476b8d10
Event: 11.095 Thread 0x0000026e740546b0 flushing  nmethod 0x0000026e476b9790
Event: 11.095 Thread 0x0000026e740546b0 flushing  nmethod 0x0000026e476fa910
Event: 11.095 Thread 0x0000026e740546b0 flushing  nmethod 0x0000026e476fb310
Event: 11.095 Thread 0x0000026e740546b0 flushing  nmethod 0x0000026e476fe210
Event: 11.095 Thread 0x0000026e740546b0 flushing  nmethod 0x0000026e476ffc10
Event: 11.095 Thread 0x0000026e740546b0 flushing  nmethod 0x0000026e477a7990
Event: 11.095 Thread 0x0000026e740546b0 flushing  nmethod 0x0000026e477a8c90
Event: 11.095 Thread 0x0000026e740546b0 flushing  nmethod 0x0000026e477aa810

Events (20 events):
Event: 7.860 Thread 0x0000026e7a0e49f0 Thread added: 0x0000026e7c663730
Event: 7.860 Thread 0x0000026e7a0e49f0 Thread added: 0x0000026e7c65e1e0
Event: 7.860 Thread 0x0000026e7a0e49f0 Thread added: 0x0000026e7c660940
Event: 7.860 Thread 0x0000026e7a0e49f0 Thread added: 0x0000026e7c663dc0
Event: 7.960 Thread 0x0000026e7a0e49f0 Thread added: 0x0000026e7c6602b0
Event: 7.963 Thread 0x0000026e7a0e49f0 Thread added: 0x0000026e7c65ce30
Event: 7.966 Thread 0x0000026e7a0e49f0 Thread added: 0x0000026e7c662a10
Event: 7.969 Thread 0x0000026e7a0e49f0 Thread added: 0x0000026e7c65ef00
Event: 7.972 Thread 0x0000026e7a0e49f0 Thread added: 0x0000026e7c664450
Event: 7.974 Thread 0x0000026e7a0e49f0 Thread added: 0x0000026e7c65f590
Event: 7.978 Thread 0x0000026e7a0e49f0 Thread added: 0x0000026e7c65fc20
Event: 8.159 Thread 0x0000026e7a0e49f0 Thread added: 0x0000026e7c660fd0
Event: 8.160 Thread 0x0000026e7a0e49f0 Thread added: 0x0000026e7c661660
Event: 8.161 Thread 0x0000026e7a0e49f0 Thread added: 0x0000026e7c6630a0
Event: 8.162 Thread 0x0000026e7a0e49f0 Thread added: 0x0000026e7c661cf0
Event: 8.163 Thread 0x0000026e7a0e49f0 Thread added: 0x0000026e7c662380
Event: 8.164 Thread 0x0000026e7a0e49f0 Thread added: 0x0000026e7e184af0
Event: 8.165 Thread 0x0000026e7a0e49f0 Thread added: 0x0000026e7e185810
Event: 8.833 Thread 0x0000026e7a0e49f0 Thread added: 0x0000026e7e1830b0
Event: 9.765 Thread 0x0000026e7a0e49f0 Thread added: 0x0000026e7e185ea0


Dynamic libraries:
0x00007ff6dab10000 - 0x00007ff6dab1a000 	C:\Program Files\Android\Android Studio\jbr\bin\java.exe
0x00007ffc14830000 - 0x00007ffc14a47000 	C:\WINDOWS\SYSTEM32\ntdll.dll
0x00007ffc13d60000 - 0x00007ffc13e24000 	C:\WINDOWS\System32\KERNEL32.DLL
0x00007ffc11c00000 - 0x00007ffc11fd3000 	C:\WINDOWS\System32\KERNELBASE.dll
0x00007ffc11a60000 - 0x00007ffc11b71000 	C:\WINDOWS\System32\ucrtbase.dll
0x00007ffc09580000 - 0x00007ffc09598000 	C:\Program Files\Android\Android Studio\jbr\bin\jli.dll
0x00007ffc094e0000 - 0x00007ffc094fb000 	C:\Program Files\Android\Android Studio\jbr\bin\VCRUNTIME140.dll
0x00007ffc12e90000 - 0x00007ffc13041000 	C:\WINDOWS\System32\USER32.dll
0x00007ffbfd280000 - 0x00007ffbfd51b000 	C:\WINDOWS\WinSxS\amd64_microsoft.windows.common-controls_6595b64144ccf1df_6.0.22621.5262_none_2712bde373830908\COMCTL32.dll
0x00007ffc12230000 - 0x00007ffc12256000 	C:\WINDOWS\System32\win32u.dll
0x00007ffc134e0000 - 0x00007ffc13587000 	C:\WINDOWS\System32\msvcrt.dll
0x00007ffc13a80000 - 0x00007ffc13aa9000 	C:\WINDOWS\System32\GDI32.dll
0x00007ffc12100000 - 0x00007ffc12222000 	C:\WINDOWS\System32\gdi32full.dll
0x00007ffc12060000 - 0x00007ffc120fa000 	C:\WINDOWS\System32\msvcp_win.dll
0x00007ffc13340000 - 0x00007ffc13371000 	C:\WINDOWS\System32\IMM32.DLL
0x00007ffc0d200000 - 0x00007ffc0d20c000 	C:\Program Files\Android\Android Studio\jbr\bin\vcruntime140_1.dll
0x00007ffbf0920000 - 0x00007ffbf09ad000 	C:\Program Files\Android\Android Studio\jbr\bin\msvcp140.dll
0x00007ffbd1610000 - 0x00007ffbd2293000 	C:\Program Files\Android\Android Studio\jbr\bin\server\jvm.dll
0x00007ffc13280000 - 0x00007ffc13331000 	C:\WINDOWS\System32\ADVAPI32.dll
0x00007ffc12940000 - 0x00007ffc129e7000 	C:\WINDOWS\System32\sechost.dll
0x00007ffc12490000 - 0x00007ffc124b8000 	C:\WINDOWS\System32\bcrypt.dll
0x00007ffc13720000 - 0x00007ffc13834000 	C:\WINDOWS\System32\RPCRT4.dll
0x00007ffc12870000 - 0x00007ffc128e1000 	C:\WINDOWS\System32\WS2_32.dll
0x00007ffc117f0000 - 0x00007ffc1183d000 	C:\WINDOWS\SYSTEM32\POWRPROF.dll
0x00007ffc09fa0000 - 0x00007ffc09fd4000 	C:\WINDOWS\SYSTEM32\WINMM.dll
0x00007ffc0f2b0000 - 0x00007ffc0f2ba000 	C:\WINDOWS\SYSTEM32\VERSION.dll
0x00007ffc117d0000 - 0x00007ffc117e3000 	C:\WINDOWS\SYSTEM32\UMPDC.dll
0x00007ffc10930000 - 0x00007ffc10948000 	C:\WINDOWS\SYSTEM32\kernel.appcore.dll
0x00007ffc09b50000 - 0x00007ffc09b5a000 	C:\Program Files\Android\Android Studio\jbr\bin\jimage.dll
0x00007ffc087f0000 - 0x00007ffc08a22000 	C:\WINDOWS\SYSTEM32\DBGHELP.DLL
0x00007ffc124c0000 - 0x00007ffc12853000 	C:\WINDOWS\System32\combase.dll
0x00007ffc13100000 - 0x00007ffc131d7000 	C:\WINDOWS\System32\OLEAUT32.dll
0x00007ffbfc050000 - 0x00007ffbfc082000 	C:\WINDOWS\SYSTEM32\dbgcore.DLL
0x00007ffc11fe0000 - 0x00007ffc1205b000 	C:\WINDOWS\System32\bcryptPrimitives.dll
0x00007ffbf1940000 - 0x00007ffbf194e000 	C:\Program Files\Android\Android Studio\jbr\bin\instrument.dll
0x00007ffc094c0000 - 0x00007ffc094e0000 	C:\Program Files\Android\Android Studio\jbr\bin\java.dll
0x00007ffc093d0000 - 0x00007ffc093e8000 	C:\Program Files\Android\Android Studio\jbr\bin\zip.dll
0x00007ffc13e30000 - 0x00007ffc146cd000 	C:\WINDOWS\System32\SHELL32.dll
0x00007ffc11920000 - 0x00007ffc11a5f000 	C:\WINDOWS\System32\wintypes.dll
0x00007ffc0f810000 - 0x00007ffc1012d000 	C:\WINDOWS\SYSTEM32\windows.storage.dll
0x00007ffc13590000 - 0x00007ffc1369b000 	C:\WINDOWS\System32\SHCORE.dll
0x00007ffc13ab0000 - 0x00007ffc13b16000 	C:\WINDOWS\System32\shlwapi.dll
0x00007ffc11850000 - 0x00007ffc1187b000 	C:\WINDOWS\SYSTEM32\profapi.dll
0x00007ffc09440000 - 0x00007ffc09450000 	C:\Program Files\Android\Android Studio\jbr\bin\net.dll
0x00007ffc0cdf0000 - 0x00007ffc0cf1c000 	C:\WINDOWS\SYSTEM32\WINHTTP.dll
0x00007ffc10dc0000 - 0x00007ffc10e2a000 	C:\WINDOWS\system32\mswsock.dll
0x00007ffc00c00000 - 0x00007ffc00c16000 	C:\Program Files\Android\Android Studio\jbr\bin\nio.dll
0x00007ffc00930000 - 0x00007ffc00940000 	C:\Program Files\Android\Android Studio\jbr\bin\verify.dll
0x00007ffbc43f0000 - 0x00007ffbc4417000 	C:\Users\ARRIDHO FADHIL A\.gradle\native\c067742578af261105cb4f569cf0c3c89f3d7b1fecec35dd04571415982c5e48\windows-amd64\native-platform.dll
0x00007ffbc2e10000 - 0x00007ffbc2f54000 	C:\Users\ARRIDHO FADHIL A\.gradle\native\100fb08df4bc3b14c8652ba06237920a3bd2aa13389f12d3474272988ae205f9\windows-amd64\native-platform-file-events.dll
0x00007ffc0a300000 - 0x00007ffc0a309000 	C:\Program Files\Android\Android Studio\jbr\bin\management.dll
0x00007ffc095f0000 - 0x00007ffc095fb000 	C:\Program Files\Android\Android Studio\jbr\bin\management_ext.dll
0x00007ffc12860000 - 0x00007ffc12868000 	C:\WINDOWS\System32\PSAPI.DLL
0x00007ffc11040000 - 0x00007ffc1105b000 	C:\WINDOWS\SYSTEM32\CRYPTSP.dll
0x00007ffc10890000 - 0x00007ffc108c7000 	C:\WINDOWS\system32\rsaenh.dll
0x00007ffc10ed0000 - 0x00007ffc10ef8000 	C:\WINDOWS\SYSTEM32\USERENV.dll
0x00007ffc11030000 - 0x00007ffc1103c000 	C:\WINDOWS\SYSTEM32\CRYPTBASE.dll
0x00007ffc10390000 - 0x00007ffc103bd000 	C:\WINDOWS\SYSTEM32\IPHLPAPI.DLL
0x00007ffc13270000 - 0x00007ffc13279000 	C:\WINDOWS\System32\NSI.dll
0x00007ffbf3760000 - 0x00007ffbf3769000 	C:\Program Files\Android\Android Studio\jbr\bin\extnet.dll
0x00007ffba3190000 - 0x00007ffba3198000 	C:\WINDOWS\system32\wshunix.dll

dbghelp: loaded successfully - version: 4.0.5 - missing functions: none
symbol engine: initialized successfully - sym options: 0x614 - pdb path: .;C:\Program Files\Android\Android Studio\jbr\bin;C:\WINDOWS\SYSTEM32;C:\WINDOWS\WinSxS\amd64_microsoft.windows.common-controls_6595b64144ccf1df_6.0.22621.5262_none_2712bde373830908;C:\Program Files\Android\Android Studio\jbr\bin\server;C:\Users\ARRIDHO FADHIL A\.gradle\native\c067742578af261105cb4f569cf0c3c89f3d7b1fecec35dd04571415982c5e48\windows-amd64;C:\Users\ARRIDHO FADHIL A\.gradle\native\100fb08df4bc3b14c8652ba06237920a3bd2aa13389f12d3474272988ae205f9\windows-amd64

VM Arguments:
jvm_args: -XX:MaxMetaspaceSize=4G -XX:ReservedCodeCacheSize=512m -XX:+HeapDumpOnOutOfMemoryError --add-opens=java.base/java.util=ALL-UNNAMED --add-opens=java.base/java.lang=ALL-UNNAMED --add-opens=java.base/java.lang.invoke=ALL-UNNAMED --add-opens=java.prefs/java.util.prefs=ALL-UNNAMED --add-exports=jdk.compiler/com.sun.tools.javac.api=ALL-UNNAMED --add-exports=jdk.compiler/com.sun.tools.javac.util=ALL-UNNAMED --add-opens=java.base/java.nio.charset=ALL-UNNAMED --add-opens=java.base/java.net=ALL-UNNAMED --add-opens=java.base/java.util.concurrent.atomic=ALL-UNNAMED -Xmx8G -Dfile.encoding=UTF-8 -Duser.country=US -Duser.language=en -Duser.variant -javaagent:C:\Users\ARRIDHO FADHIL A\.gradle\wrapper\dists\gradle-8.10.2-all\7iv73wktx1xtkvlq19urqw1wm\gradle-8.10.2\lib\agents\gradle-instrumentation-agent-8.10.2.jar 
java_command: org.gradle.launcher.daemon.bootstrap.GradleDaemon 8.10.2
java_class_path (initial): C:\Users\ARRIDHO FADHIL A\.gradle\wrapper\dists\gradle-8.10.2-all\7iv73wktx1xtkvlq19urqw1wm\gradle-8.10.2\lib\gradle-daemon-main-8.10.2.jar
Launcher Type: SUN_STANDARD

[Global flags]
     intx CICompilerCount                          = 4                                         {product} {ergonomic}
     uint ConcGCThreads                            = 2                                         {product} {ergonomic}
     uint G1ConcRefinementThreads                  = 8                                         {product} {ergonomic}
   size_t G1HeapRegionSize                         = 4194304                                   {product} {ergonomic}
    uintx GCDrainStackTargetSize                   = 64                                        {product} {ergonomic}
     bool HeapDumpOnOutOfMemoryError               = true                                   {manageable} {command line}
   size_t InitialHeapSize                          = 100663296                                 {product} {ergonomic}
   size_t MarkStackSize                            = 4194304                                   {product} {ergonomic}
   size_t MaxHeapSize                              = 8589934592                                {product} {command line}
   size_t MaxMetaspaceSize                         = 4294967296                                {product} {command line}
   size_t MaxNewSize                               = 5150605312                                {product} {ergonomic}
   size_t MinHeapDeltaBytes                        = 4194304                                   {product} {ergonomic}
   size_t MinHeapSize                              = 8388608                                   {product} {ergonomic}
    uintx NonNMethodCodeHeapSize                   = 5839372                                {pd product} {ergonomic}
    uintx NonProfiledCodeHeapSize                  = 265515770                              {pd product} {ergonomic}
    uintx ProfiledCodeHeapSize                     = 265515770                              {pd product} {ergonomic}
    uintx ReservedCodeCacheSize                    = 536870912                              {pd product} {command line}
     bool SegmentedCodeCache                       = true                                      {product} {ergonomic}
   size_t SoftMaxHeapSize                          = 8589934592                             {manageable} {ergonomic}
     bool UseCompressedOops                        = true                           {product lp64_product} {ergonomic}
     bool UseG1GC                                  = true                                      {product} {ergonomic}
     bool UseLargePagesIndividualAllocation        = false                                  {pd product} {ergonomic}

Logging:
Log output configuration:
 #0: stdout all=warning uptime,level,tags foldmultilines=false
 #1: stderr all=off uptime,level,tags foldmultilines=false

Environment Variables:
JAVA_HOME=C:\Program Files\Android\Android Studio\jbr
CLASSPATH=C:\Users\ARRIDHO FADHIL A\Documents\Anjay Ngoding\flutter\news_portal\android\\gradle\wrapper\gradle-wrapper.jar
PATH=C:\Program Files\Android\Android Studio\jbr\bin;C:\Python312\Scripts\;C:\Python312\;C:\WINDOWS\system32;C:\WINDOWS;C:\WINDOWS\System32\Wbem;C:\WINDOWS\System32\WindowsPowerShell\v1.0\;C:\WINDOWS\System32\OpenSSH\;C:\Program Files\dotnet\;C:\ProgramData\chocolatey\bin;C:\Users\ARRIDHO FADHIL A\Documents\xampp\php;C:\ProgramData\ComposerSetup\bin;C:\Program Files\Git\cmd;C:\Program Files\swipl\bin;C:\Users\ARRIDHO FADHIL A\AppData\Roaming\nvm;C:\Program Files\nodejs;C:\Program Files\Docker\Docker\resources\bin;C:\Windows;C:\Program Files\CMake\bin;C:\Program Files\Java\jdk-17\bin;C:\Python312\Scripts\;C:\Python312\;C:\oracleapp\dbhomeXE\bin;C:\WINDOWS\system32;C:\WINDOWS;C:\WINDOWS\System32\Wbem;C:\WINDOWS\System32\WindowsPowerShell\v1.0\;C:\WINDOWS\System32\OpenSSH\;C:\Program Files\dotnet\;C:\ProgramData\chocolatey\bin;C:\Users\ARRIDHO FADHIL A\Documents\xampp\php;C:\ProgramData\ComposerSetup\bin;C:\Program Files\Git\cmd;C:\Program Files\swipl\bin;C:\Users\ARRIDHO FADHIL A\AppData\Roaming\nvm;C:\Program Files\nodejs;C:\Program Files\Docker\Docker\resources\bin;C:\Users\ARRIDHO FADHIL A\AppData\Local\Programs\Python\Python311\Scripts\;C:\Users\ARRIDHO FADHIL A\AppData\Local\Programs\Python\Python311\;C:\Users\ARRIDHO FADHIL A\AppData\Local\Microsoft\WindowsApps;C:\Users\ARRIDHO FADHIL A\AppData\Local\Programs\Microsoft VS Code\bin;C:\MinGW\bin;C:\Exercism;C:\Users\ARRIDHO FADHIL A\AppData\Local\gitkraken\bin;C:\Users\ARRIDHO FADHIL A\AppData\Roaming\Composer\vendor\bin;C:\Users\ARRIDHO FADHIL A\AppDat;C:\Users\ARRIDHO FADHIL A\AppData\Roaming\npm;C:\Users\ARRIDHO FADHIL A\AppData\Local\Android\Sdk\platform-tools;C:\Users\ARRIDHO FADHIL A\AppData\Local\Android\Sdk\emulator;C:\Program Files\Apache\Maven\apache-maven-3.9.9\bin;C:\android\flutter\bin;;C:\android\flutter\bin\mingit\cmd;C:\android\flutter\bin\mingit\cmd
USERNAME=ARRIDHO FADHIL A
OS=Windows_NT
PROCESSOR_IDENTIFIER=AMD64 Family 23 Model 104 Stepping 1, AuthenticAMD
TMP=C:\Users\ARRIDH~1\AppData\Local\Temp
TEMP=C:\Users\ARRIDH~1\AppData\Local\Temp




Periodic native trim disabled

JNI global refs:
JNI global refs: 26, weak refs: 2

JNI global refs memory usage: 835, weak refs: 833

Process memory usage:
Resident Set Size: 324688K (5% of 6150136K total physical memory with 312164K free physical memory)

OOME stack traces (most recent first):
Classloader memory used:
Loader org.gradle.internal.classloader.VisitableURLClassLoader                         : 34860K
Loader bootstrap                                                                       : 25103K
Loader org.gradle.initialization.MixInLegacyTypesClassLoader                           : 11206K
Loader org.gradle.internal.classloader.VisitableURLClassLoader$InstrumentingVisitableURLClassLoader: 4147K
Loader jdk.internal.loader.ClassLoaders$PlatformClassLoader                            : 499K
Loader jdk.internal.loader.ClassLoaders$AppClassLoader                                 : 234K
Loader jdk.internal.reflect.DelegatingClassLoader                                      : 75768B
Loader org.gradle.internal.classloader.VisitableURLClassLoader                         : 39056B
Loader sun.reflect.misc.MethodUtil                                                     : 2952B

Classes loaded by more than one classloader:
Class Program                                                                         : loaded 3 times (x 70B)
Class org.gradle.internal.classloader.ClassLoaderHierarchy                            : loaded 2 times (x 66B)
Class org.gradle.api.internal.classpath.ManifestUtil                                  : loaded 2 times (x 67B)
Class org.gradle.internal.classloader.DefaultClassLoaderFactory                       : loaded 2 times (x 78B)
Class org.gradle.internal.classloader.ClassLoaderVisitor                              : loaded 2 times (x 72B)
Class org.gradle.api.internal.classpath.EffectiveClassPath                            : loaded 2 times (x 86B)
Class org.gradle.api.internal.DefaultClassPathProvider                                : loaded 2 times (x 72B)
Class [Lorg.gradle.api.internal.ClassPathProvider;                                    : loaded 2 times (x 65B)
Class org.gradle.api.internal.ClassPathProvider                                       : loaded 2 times (x 66B)
Class org.gradle.internal.service.UnknownServiceException                             : loaded 2 times (x 79B)
Class org.gradle.internal.classpath.TransformedClassPath                              : loaded 2 times (x 92B)
Class org.gradle.internal.classloader.InstrumentingClassLoader                        : loaded 2 times (x 66B)
Class org.gradle.internal.service.ServiceLocator                                      : loaded 2 times (x 66B)
Class org.gradle.internal.InternalTransformer                                         : loaded 2 times (x 66B)
Class org.gradle.internal.classloader.ClasspathUtil$1                                 : loaded 2 times (x 72B)
Class org.gradle.api.internal.classpath.DefaultModuleRegistry$DefaultModule           : loaded 2 times (x 82B)
Class org.gradle.api.internal.classpath.Module                                        : loaded 2 times (x 66B)
Class org.gradle.api.internal.classpath.UnknownModuleException                        : loaded 2 times (x 78B)
Class org.gradle.api.internal.DefaultClassPathRegistry                                : loaded 2 times (x 72B)
Class org.gradle.api.internal.ClassPathRegistry                                       : loaded 2 times (x 66B)
Class org.gradle.internal.classpath.DefaultClassPath$ImmutableUniqueList              : loaded 2 times (x 195B)
Class org.gradle.internal.classloader.FilteringClassLoader                            : loaded 2 times (x 101B)
Class Settings_gradle$1                                                               : loaded 2 times (x 70B)
Class org.gradle.internal.classpath.ClassPath                                         : loaded 2 times (x 66B)
Class org.gradle.api.UncheckedIOException                                             : loaded 2 times (x 78B)
Class org.gradle.internal.installation.GradleInstallation$1                           : loaded 2 times (x 71B)
Class org.gradle.api.internal.classpath.ModuleRegistry                                : loaded 2 times (x 66B)
Class org.gradle.api.internal.classpath.DefaultModuleRegistry                         : loaded 2 times (x 82B)
Class org.gradle.internal.service.ServiceLookupException                              : loaded 2 times (x 78B)
Class org.gradle.internal.classloader.ClassLoaderFactory                              : loaded 2 times (x 66B)
Class org.gradle.internal.service.CachingServiceLocator                               : loaded 2 times (x 78B)
Class org.gradle.internal.classloader.ClasspathUtil                                   : loaded 2 times (x 67B)
Class org.gradle.api.specs.Spec                                                       : loaded 2 times (x 66B)
Class org.gradle.internal.classloader.VisitableURLClassLoader$InstrumentingVisitableURLClassLoader: loaded 2 times (x 119B)
Class org.gradle.internal.classloader.VisitableURLClassLoader$Spec                    : loaded 2 times (x 70B)
Class org.gradle.internal.classpath.DefaultClassPath                                  : loaded 2 times (x 86B)
Class org.gradle.internal.classloader.ClassLoaderSpec                                 : loaded 2 times (x 67B)
Class Settings_gradle$1$1                                                             : loaded 2 times (x 70B)
Class org.gradle.internal.classloader.VisitableURLClassLoader                         : loaded 2 times (x 113B)
Class Settings_gradle                                                                 : loaded 2 times (x 124B)
Class org.gradle.internal.Cast                                                        : loaded 2 times (x 67B)
Class org.gradle.api.Action                                                           : loaded 2 times (x 66B)
Class org.gradle.internal.classpath.DefaultClassPath$ImmutableUniqueList$Builder      : loaded 2 times (x 71B)
Class org.gradle.api.GradleException                                                  : loaded 2 times (x 78B)
Class org.gradle.internal.IoActions                                                   : loaded 2 times (x 67B)
Class org.gradle.internal.classloader.SystemClassLoaderSpec                           : loaded 2 times (x 67B)
Class org.gradle.api.internal.classpath.GlobalCacheRootsProvider                      : loaded 2 times (x 66B)
Class org.gradle.internal.installation.CurrentGradleInstallationLocator               : loaded 2 times (x 67B)
Class org.gradle.internal.service.DefaultServiceLocator                               : loaded 2 times (x 79B)
Class org.gradle.internal.installation.CurrentGradleInstallation                      : loaded 2 times (x 69B)
Class org.gradle.util.internal.GUtil                                                  : loaded 2 times (x 67B)
Class org.gradle.internal.installation.GradleInstallation                             : loaded 2 times (x 71B)

---------------  S Y S T E M  ---------------

OS:
 Windows 11 , 64 bit Build 22621 (10.0.22621.5262)
OS uptime: 0 days 0:14 hours
Hyper-V role detected

CPU: total 8 (initial active 8) (8 cores per cpu, 2 threads per core) family 23 model 104 stepping 1 microcode 0x0, cx8, cmov, fxsr, ht, mmx, 3dnowpref, sse, sse2, sse3, ssse3, sse4a, sse4.1, sse4.2, popcnt, lzcnt, tsc, tscinvbit, avx, avx2, aes, clmul, bmi1, bmi2, adx, sha, fma, vzeroupper, clflush, clflushopt, hv, rdtscp, rdpid, f16c
Processor Information for all 8 processors :
  Max Mhz: 2600, Current Mhz: 2600, Mhz Limit: 2600

Memory: 4k page, system-wide physical 6005M (334M free)
TotalPageFile size 14169M (AvailPageFile size 103M)
current process WorkingSet (physical memory assigned to process): 317M, peak: 319M
current process commit charge ("private bytes"): 351M, peak: 355M

vm_info: OpenJDK 64-Bit Server VM (21.0.4+-12508038-b607.1) for windows-amd64 JRE (21.0.4+-12508038-b607.1), built on 2024-10-16T17:23:34Z by "builder" with MS VC++ 16.10 / 16.11 (VS2019)

END.
